[0.010s] Invoking command in '/home/robostep/robot_arm/build/so101_follower_moveit': CMAKE_PREFIX_PATH=/home/robostep/robot_arm/install/so101_follower_description:/home/robostep/robot_arm/install/so101_follower_moveit:/home/robostep/robot_arm/install/so101_hw_interface:/opt/ros/iron /usr/bin/cmake /home/robostep/robot_arm/Lerobot_ros2/src/so101_follower_moveit -DAMENT_CMAKE_SYMLINK_INSTALL=1 -DCMAKE_INSTALL_PREFIX=/home/robostep/robot_arm/install/so101_follower_moveit
[0.029s] -- Found ament_cmake: 2.0.7 (/opt/ros/iron/share/ament_cmake/cmake)
[0.198s] -- Override CMake install command with custom implementation using symlinks instead of copying resources
[0.278s] -- Configuring done
[0.281s] -- Generating done
[0.283s] -- Build files have been written to: /home/robostep/robot_arm/build/so101_follower_moveit
[0.286s] Invoked command in '/home/robostep/robot_arm/build/so101_follower_moveit' returned '0': CMAKE_PREFIX_PATH=/home/robostep/robot_arm/install/so101_follower_description:/home/robostep/robot_arm/install/so101_follower_moveit:/home/robostep/robot_arm/install/so101_hw_interface:/opt/ros/iron /usr/bin/cmake /home/robostep/robot_arm/Lerobot_ros2/src/so101_follower_moveit -DAMENT_CMAKE_SYMLINK_INSTALL=1 -DCMAKE_INSTALL_PREFIX=/home/robostep/robot_arm/install/so101_follower_moveit
[0.288s] Invoking command in '/home/robostep/robot_arm/build/so101_follower_moveit': CMAKE_PREFIX_PATH=/home/robostep/robot_arm/install/so101_follower_description:/home/robostep/robot_arm/install/so101_follower_moveit:/home/robostep/robot_arm/install/so101_hw_interface:/opt/ros/iron /usr/bin/cmake --build /home/robostep/robot_arm/build/so101_follower_moveit -- -j8 -l8
[0.331s] Invoked command in '/home/robostep/robot_arm/build/so101_follower_moveit' returned '0': CMAKE_PREFIX_PATH=/home/robostep/robot_arm/install/so101_follower_description:/home/robostep/robot_arm/install/so101_follower_moveit:/home/robostep/robot_arm/install/so101_hw_interface:/opt/ros/iron /usr/bin/cmake --build /home/robostep/robot_arm/build/so101_follower_moveit -- -j8 -l8
[0.332s] Invoking command in '/home/robostep/robot_arm/build/so101_follower_moveit': CMAKE_PREFIX_PATH=/home/robostep/robot_arm/install/so101_follower_description:/home/robostep/robot_arm/install/so101_follower_moveit:/home/robostep/robot_arm/install/so101_hw_interface:/opt/ros/iron /usr/bin/cmake --install /home/robostep/robot_arm/build/so101_follower_moveit
[0.342s] -- Install configuration: ""
[0.342s] -- Execute custom install script
[0.342s] -- Symlinking: /home/robostep/robot_arm/install/so101_follower_moveit/share/ament_index/resource_index/package_run_dependencies/so101_follower_moveit
[0.352s] -- Symlinking: /home/robostep/robot_arm/install/so101_follower_moveit/share/ament_index/resource_index/parent_prefix_path/so101_follower_moveit
[0.362s] -- Symlinking: /home/robostep/robot_arm/install/so101_follower_moveit/share/so101_follower_moveit/environment/ament_prefix_path.sh
[0.373s] -- Symlinking: /home/robostep/robot_arm/install/so101_follower_moveit/share/so101_follower_moveit/environment/ament_prefix_path.dsv
[0.383s] -- Symlinking: /home/robostep/robot_arm/install/so101_follower_moveit/share/so101_follower_moveit/environment/path.sh
[0.393s] -- Symlinking: /home/robostep/robot_arm/install/so101_follower_moveit/share/so101_follower_moveit/environment/path.dsv
[0.404s] -- Symlinking: /home/robostep/robot_arm/install/so101_follower_moveit/share/so101_follower_moveit/local_setup.bash
[0.414s] -- Symlinking: /home/robostep/robot_arm/install/so101_follower_moveit/share/so101_follower_moveit/local_setup.sh
[0.423s] -- Symlinking: /home/robostep/robot_arm/install/so101_follower_moveit/share/so101_follower_moveit/local_setup.zsh
[0.433s] -- Symlinking: /home/robostep/robot_arm/install/so101_follower_moveit/share/so101_follower_moveit/local_setup.dsv
[0.443s] -- Symlinking: /home/robostep/robot_arm/install/so101_follower_moveit/share/so101_follower_moveit/package.dsv
[0.454s] -- Symlinking: /home/robostep/robot_arm/install/so101_follower_moveit/share/ament_index/resource_index/packages/so101_follower_moveit
[0.464s] -- Symlinking: /home/robostep/robot_arm/install/so101_follower_moveit/share/so101_follower_moveit/cmake/so101_follower_moveitConfig.cmake
[0.475s] -- Symlinking: /home/robostep/robot_arm/install/so101_follower_moveit/share/so101_follower_moveit/cmake/so101_follower_moveitConfig-version.cmake
[0.486s] -- Symlinking: /home/robostep/robot_arm/install/so101_follower_moveit/share/so101_follower_moveit/package.xml
[0.497s] -- Symlinking: /home/robostep/robot_arm/install/so101_follower_moveit/share/so101_follower_moveit/launch/demo.launch.py
[0.507s] -- Symlinking: /home/robostep/robot_arm/install/so101_follower_moveit/share/so101_follower_moveit/launch/move_group.launch.py
[0.517s] -- Symlinking: /home/robostep/robot_arm/install/so101_follower_moveit/share/so101_follower_moveit/launch/moveit_rviz.launch.py
[0.532s] -- Symlinking: /home/robostep/robot_arm/install/so101_follower_moveit/share/so101_follower_moveit/launch/rsp.launch.py
[0.543s] -- Symlinking: /home/robostep/robot_arm/install/so101_follower_moveit/share/so101_follower_moveit/launch/setup_assistant.launch.py
[0.554s] -- Symlinking: /home/robostep/robot_arm/install/so101_follower_moveit/share/so101_follower_moveit/launch/spawn_controllers.launch.py
[0.565s] -- Symlinking: /home/robostep/robot_arm/install/so101_follower_moveit/share/so101_follower_moveit/launch/static_virtual_joint_tfs.launch.py
[0.578s] -- Symlinking: /home/robostep/robot_arm/install/so101_follower_moveit/share/so101_follower_moveit/launch/warehouse_db.launch.py
[0.591s] -- Symlinking: /home/robostep/robot_arm/install/so101_follower_moveit/share/so101_follower_moveit/config/initial_positions.yaml
[0.601s] -- Symlinking: /home/robostep/robot_arm/install/so101_follower_moveit/share/so101_follower_moveit/config/joint_limits.yaml
[0.613s] -- Symlinking: /home/robostep/robot_arm/install/so101_follower_moveit/share/so101_follower_moveit/config/kinematics.yaml
[0.624s] -- Symlinking: /home/robostep/robot_arm/install/so101_follower_moveit/share/so101_follower_moveit/config/moveit.rviz
[0.637s] -- Symlinking: /home/robostep/robot_arm/install/so101_follower_moveit/share/so101_follower_moveit/config/moveit_controllers.yaml
[0.647s] -- Symlinking: /home/robostep/robot_arm/install/so101_follower_moveit/share/so101_follower_moveit/config/pilz_cartesian_limits.yaml
[0.659s] -- Symlinking: /home/robostep/robot_arm/install/so101_follower_moveit/share/so101_follower_moveit/config/ros2_controllers.yaml
[0.672s] -- Symlinking: /home/robostep/robot_arm/install/so101_follower_moveit/share/so101_follower_moveit/config/so101_follower.ros2_control.xacro
[0.682s] -- Symlinking: /home/robostep/robot_arm/install/so101_follower_moveit/share/so101_follower_moveit/config/so101_follower.srdf
[0.693s] -- Symlinking: /home/robostep/robot_arm/install/so101_follower_moveit/share/so101_follower_moveit/config/so101_follower.urdf.xacro
[0.707s] -- Symlinking: /home/robostep/robot_arm/install/so101_follower_moveit/share/so101_follower_moveit/.setup_assistant
[0.721s] Invoked command in '/home/robostep/robot_arm/build/so101_follower_moveit' returned '0': CMAKE_PREFIX_PATH=/home/robostep/robot_arm/install/so101_follower_description:/home/robostep/robot_arm/install/so101_follower_moveit:/home/robostep/robot_arm/install/so101_hw_interface:/opt/ros/iron /usr/bin/cmake --install /home/robostep/robot_arm/build/so101_follower_moveit
