[0.866s] Invoking command in '/home/robostep/robot_arm/Lerobot_ros2/src/so101_hw_interface': PYTHONPATH=/home/robostep/robot_arm/build/so101_hw_interface/prefix_override:/usr/lib/python3/dist-packages/colcon_core/task/python/colcon_distutils_commands:/home/robostep/robot_arm/install/so101_hw_interface/lib/python3.10/site-packages:${PYTHONPATH} /usr/bin/python3 -W ignore:setup.py install is deprecated -W ignore:easy_install command is deprecated setup.py egg_info --egg-base ../../../build/so101_hw_interface build --build-base /home/robostep/robot_arm/build/so101_hw_interface/build install --record /home/robostep/robot_arm/build/so101_hw_interface/install.log --single-version-externally-managed install_data
[1.174s] running egg_info
[1.175s] writing ../../../build/so101_hw_interface/so101_hw_interface.egg-info/PKG-INFO
[1.175s] writing dependency_links to ../../../build/so101_hw_interface/so101_hw_interface.egg-info/dependency_links.txt
[1.175s] writing entry points to ../../../build/so101_hw_interface/so101_hw_interface.egg-info/entry_points.txt
[1.175s] writing requirements to ../../../build/so101_hw_interface/so101_hw_interface.egg-info/requires.txt
[1.176s] writing top-level names to ../../../build/so101_hw_interface/so101_hw_interface.egg-info/top_level.txt
[1.178s] reading manifest file '../../../build/so101_hw_interface/so101_hw_interface.egg-info/SOURCES.txt'
[1.179s] writing manifest file '../../../build/so101_hw_interface/so101_hw_interface.egg-info/SOURCES.txt'
[1.179s] running build
[1.180s] running build_py
[1.180s] copying so101_hw_interface/calibrate_arm.py -> /home/robostep/robot_arm/build/so101_hw_interface/build/lib/so101_hw_interface
[1.181s] running install
[1.182s] running install_lib
[1.183s] copying /home/robostep/robot_arm/build/so101_hw_interface/build/lib/so101_hw_interface/calibrate_arm.py -> /home/robostep/robot_arm/install/so101_hw_interface/lib/python3.10/site-packages/so101_hw_interface
[1.184s] byte-compiling /home/robostep/robot_arm/install/so101_hw_interface/lib/python3.10/site-packages/so101_hw_interface/calibrate_arm.py to calibrate_arm.cpython-310.pyc
[1.185s] running install_data
[1.186s] running install_egg_info
[1.188s] removing '/home/robostep/robot_arm/install/so101_hw_interface/lib/python3.10/site-packages/so101_hw_interface-0.0.0-py3.10.egg-info' (and everything under it)
[1.188s] Copying ../../../build/so101_hw_interface/so101_hw_interface.egg-info to /home/robostep/robot_arm/install/so101_hw_interface/lib/python3.10/site-packages/so101_hw_interface-0.0.0-py3.10.egg-info
[1.189s] running install_scripts
[1.210s] Installing so101_calibrate script to /home/robostep/robot_arm/install/so101_hw_interface/bin
[1.211s] Installing so101_motor_bridge script to /home/robostep/robot_arm/install/so101_hw_interface/bin
[1.211s] Installing so101_read_steps script to /home/robostep/robot_arm/install/so101_hw_interface/bin
[1.211s] writing list of installed files to '/home/robostep/robot_arm/build/so101_hw_interface/install.log'
[1.239s] Invoked command in '/home/robostep/robot_arm/Lerobot_ros2/src/so101_hw_interface' returned '0': PYTHONPATH=/home/robostep/robot_arm/build/so101_hw_interface/prefix_override:/usr/lib/python3/dist-packages/colcon_core/task/python/colcon_distutils_commands:/home/robostep/robot_arm/install/so101_hw_interface/lib/python3.10/site-packages:${PYTHONPATH} /usr/bin/python3 -W ignore:setup.py install is deprecated -W ignore:easy_install command is deprecated setup.py egg_info --egg-base ../../../build/so101_hw_interface build --build-base /home/robostep/robot_arm/build/so101_hw_interface/build install --record /home/robostep/robot_arm/build/so101_hw_interface/install.log --single-version-externally-managed install_data
