[0.020s] Invoking command in '/home/robostep/robot_arm/build/so101_follower_description': CMAKE_PREFIX_PATH=/opt/ros/iron /usr/bin/cmake /home/robostep/robot_arm/Lerobot_ros2/src/so101_follower_description -DCMAKE_INSTALL_PREFIX=/home/robostep/robot_arm/install/so101_follower_description
[0.169s] -- The C compiler identification is GNU 11.4.0
[0.309s] -- The CXX compiler identification is GNU 11.4.0
[0.323s] -- Detecting C compiler ABI info
[0.417s] -- Detecting C compiler ABI info - done
[0.427s] -- Check for working C compiler: /usr/bin/cc - skipped
[0.427s] -- Detecting C compile features
[0.428s] -- Detecting C compile features - done
[0.434s] -- Detecting CXX compiler ABI info
[0.532s] -- Detecting CXX compiler ABI info - done
[0.541s] -- Check for working CXX compiler: /usr/bin/c++ - skipped
[0.541s] -- Detecting CXX compile features
[0.541s] -- Detecting CXX compile features - done
[0.546s] -- Found ament_cmake: 2.0.7 (/opt/ros/iron/share/ament_cmake/cmake)
[0.762s] -- Found Python3: /usr/bin/python3.10 (found version "3.10.12") found components: Interpreter 
[0.891s] -- Found xacro: 2.0.11 (/opt/ros/iron/share/xacro/cmake)
[0.893s] -- Found ament_lint_auto: 0.14.4 (/opt/ros/iron/share/ament_lint_auto/cmake)
[1.029s] -- Added test 'flake8' to check Python code syntax and style conventions
[1.029s] -- Configured 'flake8' exclude dirs and/or files: 
[1.031s] -- Added test 'lint_cmake' to check CMake code style
[1.031s] -- Added test 'pep257' to check Python code against some of the docstring style conventions in PEP 257
[1.034s] -- Added test 'xmllint' to check XML markup files
[1.036s] -- Configuring done
[1.040s] -- Generating done
[1.042s] -- Build files have been written to: /home/robostep/robot_arm/build/so101_follower_description
[1.048s] Invoked command in '/home/robostep/robot_arm/build/so101_follower_description' returned '0': CMAKE_PREFIX_PATH=/opt/ros/iron /usr/bin/cmake /home/robostep/robot_arm/Lerobot_ros2/src/so101_follower_description -DCMAKE_INSTALL_PREFIX=/home/robostep/robot_arm/install/so101_follower_description
[1.049s] Invoking command in '/home/robostep/robot_arm/build/so101_follower_description': CMAKE_PREFIX_PATH=/opt/ros/iron /usr/bin/cmake --build /home/robostep/robot_arm/build/so101_follower_description -- -j8 -l8
[1.092s] Invoked command in '/home/robostep/robot_arm/build/so101_follower_description' returned '0': CMAKE_PREFIX_PATH=/opt/ros/iron /usr/bin/cmake --build /home/robostep/robot_arm/build/so101_follower_description -- -j8 -l8
[1.105s] Invoking command in '/home/robostep/robot_arm/build/so101_follower_description': CMAKE_PREFIX_PATH=/opt/ros/iron /usr/bin/cmake --install /home/robostep/robot_arm/build/so101_follower_description
[1.113s] -- Install configuration: ""
[1.113s] -- Installing: /home/robostep/robot_arm/install/so101_follower_description/share/so101_follower_description/urdf
[1.113s] -- Installing: /home/robostep/robot_arm/install/so101_follower_description/share/so101_follower_description/urdf/so101_follower.urdf.xacro
[1.114s] -- Installing: /home/robostep/robot_arm/install/so101_follower_description/share/so101_follower_description/launch
[1.114s] -- Installing: /home/robostep/robot_arm/install/so101_follower_description/share/so101_follower_description/launch/display.launch.py
[1.114s] -- Installing: /home/robostep/robot_arm/install/so101_follower_description/share/so101_follower_description/rviz
[1.114s] -- Installing: /home/robostep/robot_arm/install/so101_follower_description/share/so101_follower_description/rviz/display.rviz
[1.114s] -- Installing: /home/robostep/robot_arm/install/so101_follower_description/share/so101_follower_description/meshes
[1.115s] -- Installing: /home/robostep/robot_arm/install/so101_follower_description/share/so101_follower_description/meshes/upper_arm_so101_v1.part
[1.115s] -- Installing: /home/robostep/robot_arm/install/so101_follower_description/share/so101_follower_description/meshes/sts3215_03a_no_horn_v1.part
[1.115s] -- Installing: /home/robostep/robot_arm/install/so101_follower_description/share/so101_follower_description/meshes/motor_holder_so101_base_v1.part
[1.115s] -- Installing: /home/robostep/robot_arm/install/so101_follower_description/share/so101_follower_description/meshes/upper_arm_so101_v1.stl
[1.116s] -- Installing: /home/robostep/robot_arm/install/so101_follower_description/share/so101_follower_description/meshes/sts3215_03a_v1.stl
[1.117s] -- Installing: /home/robostep/robot_arm/install/so101_follower_description/share/so101_follower_description/meshes/motor_holder_so101_base_v1.stl
[1.119s] -- Installing: /home/robostep/robot_arm/install/so101_follower_description/share/so101_follower_description/meshes/motor_holder_so101_wrist_v1.part
[1.119s] -- Installing: /home/robostep/robot_arm/install/so101_follower_description/share/so101_follower_description/meshes/motor_holder_so101_wrist_v1.stl
[1.120s] -- Installing: /home/robostep/robot_arm/install/so101_follower_description/share/so101_follower_description/meshes/rotation_pitch_so101_v1.part
[1.120s] -- Installing: /home/robostep/robot_arm/install/so101_follower_description/share/so101_follower_description/meshes/wrist_roll_follower_so101_v1.part
[1.120s] -- Installing: /home/robostep/robot_arm/install/so101_follower_description/share/so101_follower_description/meshes/rotation_pitch_so101_v1.stl
[1.121s] -- Installing: /home/robostep/robot_arm/install/so101_follower_description/share/so101_follower_description/meshes/under_arm_so101_v1.part
[1.121s] -- Installing: /home/robostep/robot_arm/install/so101_follower_description/share/so101_follower_description/meshes/wrist_roll_follower_so101_v1.stl
[1.122s] -- Installing: /home/robostep/robot_arm/install/so101_follower_description/share/so101_follower_description/meshes/sts3215_03a_no_horn_v1.stl
[1.123s] -- Installing: /home/robostep/robot_arm/install/so101_follower_description/share/so101_follower_description/meshes/base_motor_holder_so101_v1.part
[1.123s] -- Installing: /home/robostep/robot_arm/install/so101_follower_description/share/so101_follower_description/meshes/waveshare_mounting_plate_so101_v2.stl
[1.123s] -- Installing: /home/robostep/robot_arm/install/so101_follower_description/share/so101_follower_description/meshes/wrist_roll_pitch_so101_v2.part
[1.123s] -- Installing: /home/robostep/robot_arm/install/so101_follower_description/share/so101_follower_description/meshes/wrist_roll_follower_so101_v1_nocamera.stl
[1.125s] -- Installing: /home/robostep/robot_arm/install/so101_follower_description/share/so101_follower_description/meshes/base_motor_holder_so101_v1.stl
[1.127s] -- Installing: /home/robostep/robot_arm/install/so101_follower_description/share/so101_follower_description/meshes/waveshare_mounting_plate_so101_v2.part
[1.127s] -- Installing: /home/robostep/robot_arm/install/so101_follower_description/share/so101_follower_description/meshes/base_so101_v2.part
[1.127s] -- Installing: /home/robostep/robot_arm/install/so101_follower_description/share/so101_follower_description/meshes/wrist_roll_pitch_so101_v2.stl
[1.130s] -- Installing: /home/robostep/robot_arm/install/so101_follower_description/share/so101_follower_description/meshes/moving_jaw_so101_v1.stl
[1.131s] -- Installing: /home/robostep/robot_arm/install/so101_follower_description/share/so101_follower_description/meshes/base_so101_v2.stl
[1.132s] -- Installing: /home/robostep/robot_arm/install/so101_follower_description/share/so101_follower_description/meshes/under_arm_so101_v1.stl
[1.134s] -- Installing: /home/robostep/robot_arm/install/so101_follower_description/share/so101_follower_description/meshes/moving_jaw_so101_v1.part
[1.134s] -- Installing: /home/robostep/robot_arm/install/so101_follower_description/share/so101_follower_description/meshes/sts3215_03a_v1.part
[1.134s] -- Installing: /home/robostep/robot_arm/install/so101_follower_description/share/ament_index/resource_index/package_run_dependencies/so101_follower_description
[1.135s] -- Installing: /home/robostep/robot_arm/install/so101_follower_description/share/ament_index/resource_index/parent_prefix_path/so101_follower_description
[1.135s] -- Installing: /home/robostep/robot_arm/install/so101_follower_description/share/so101_follower_description/environment/ament_prefix_path.sh
[1.135s] -- Installing: /home/robostep/robot_arm/install/so101_follower_description/share/so101_follower_description/environment/ament_prefix_path.dsv
[1.135s] -- Installing: /home/robostep/robot_arm/install/so101_follower_description/share/so101_follower_description/environment/path.sh
[1.135s] -- Installing: /home/robostep/robot_arm/install/so101_follower_description/share/so101_follower_description/environment/path.dsv
[1.135s] -- Installing: /home/robostep/robot_arm/install/so101_follower_description/share/so101_follower_description/local_setup.bash
[1.135s] -- Installing: /home/robostep/robot_arm/install/so101_follower_description/share/so101_follower_description/local_setup.sh
[1.136s] -- Installing: /home/robostep/robot_arm/install/so101_follower_description/share/so101_follower_description/local_setup.zsh
[1.136s] -- Installing: /home/robostep/robot_arm/install/so101_follower_description/share/so101_follower_description/local_setup.dsv
[1.136s] -- Installing: /home/robostep/robot_arm/install/so101_follower_description/share/so101_follower_description/package.dsv
[1.136s] -- Installing: /home/robostep/robot_arm/install/so101_follower_description/share/ament_index/resource_index/packages/so101_follower_description
[1.136s] -- Installing: /home/robostep/robot_arm/install/so101_follower_description/share/so101_follower_description/cmake/so101_follower_descriptionConfig.cmake
[1.136s] -- Installing: /home/robostep/robot_arm/install/so101_follower_description/share/so101_follower_description/cmake/so101_follower_descriptionConfig-version.cmake
[1.136s] -- Installing: /home/robostep/robot_arm/install/so101_follower_description/share/so101_follower_description/package.xml
[1.139s] Invoked command in '/home/robostep/robot_arm/build/so101_follower_description' returned '0': CMAKE_PREFIX_PATH=/opt/ros/iron /usr/bin/cmake --install /home/robostep/robot_arm/build/so101_follower_description
