[0.148s] DEBUG:colcon:Command line arguments: ['/usr/bin/colcon', 'build', '--symlink-install']
[0.148s] DEBUG:colcon:Parsed command line arguments: Namespace(log_base=None, log_level=None, verb_name='build', build_base='build', install_base='install', merge_install=False, symlink_install=True, test_result_base=None, continue_on_error=False, executor='parallel', parallel_workers=8, event_handlers=None, ignore_user_meta=False, metas=['./colcon.meta'], base_paths=['.'], packages_ignore=None, packages_ignore_regex=None, paths=None, packages_up_to=None, packages_up_to_regex=None, packages_above=None, packages_above_and_dependencies=None, packages_above_depth=None, packages_select_by_dep=None, packages_skip_by_dep=None, packages_skip_up_to=None, packages_select_build_failed=False, packages_skip_build_finished=False, packages_select_test_failures=False, packages_skip_test_passed=False, packages_select=None, packages_skip=None, packages_select_regex=None, packages_skip_regex=None, packages_start=None, packages_end=None, allow_overriding=[], cmake_args=None, cmake_target=None, cmake_target_skip_unavailable=False, cmake_clean_cache=False, cmake_clean_first=False, cmake_force_configure=False, ament_cmake_args=None, catkin_cmake_args=None, catkin_skip_building_tests=False, mixin_files=None, mixin=None, verb_parser=<colcon_mixin.mixin.mixin_argument.MixinArgumentDecorator object at 0x78cbcd0a0a30>, verb_extension=<colcon_core.verb.build.BuildVerb object at 0x78cbcd0120e0>, main=<bound method BuildVerb.main of <colcon_core.verb.build.BuildVerb object at 0x78cbcd0120e0>>, mixin_verb=('build',))
[0.393s] Level 1:colcon.colcon_core.package_discovery:discover_packages(colcon_meta) check parameters
[0.393s] Level 1:colcon.colcon_core.package_discovery:discover_packages(recursive) check parameters
[0.393s] Level 1:colcon.colcon_core.package_discovery:discover_packages(ignore) check parameters
[0.393s] Level 1:colcon.colcon_core.package_discovery:discover_packages(path) check parameters
[0.393s] Level 1:colcon.colcon_core.package_discovery:discover_packages(colcon_meta) discover
[0.393s] Level 1:colcon.colcon_core.package_discovery:discover_packages(recursive) discover
[0.393s] INFO:colcon.colcon_core.package_discovery:Crawling recursively for packages in '/home/robostep/robot_arm'
[0.393s] Level 1:colcon.colcon_core.package_identification:_identify(.) by extensions ['ignore', 'ignore_ament_install']
[0.393s] Level 1:colcon.colcon_core.package_identification:_identify(.) by extension 'ignore'
[0.393s] Level 1:colcon.colcon_core.package_identification:_identify(.) by extension 'ignore_ament_install'
[0.394s] Level 1:colcon.colcon_core.package_identification:_identify(.) by extensions ['colcon_pkg']
[0.396s] Level 1:colcon.colcon_core.package_identification:_identify(.) by extension 'colcon_pkg'
[0.396s] Level 1:colcon.colcon_core.package_identification:_identify(.) by extensions ['colcon_meta']
[0.396s] Level 1:colcon.colcon_core.package_identification:_identify(.) by extension 'colcon_meta'
[0.397s] Level 1:colcon.colcon_core.package_identification:_identify(.) by extensions ['ros']
[0.397s] Level 1:colcon.colcon_core.package_identification:_identify(.) by extension 'ros'
[0.431s] Level 1:colcon.colcon_core.package_identification:_identify(.) by extensions ['cmake', 'python']
[0.431s] Level 1:colcon.colcon_core.package_identification:_identify(.) by extension 'cmake'
[0.431s] Level 1:colcon.colcon_core.package_identification:_identify(.) by extension 'python'
[0.431s] Level 1:colcon.colcon_core.package_identification:_identify(.) by extensions ['python_setup_py']
[0.431s] Level 1:colcon.colcon_core.package_identification:_identify(.) by extension 'python_setup_py'
[0.432s] Level 1:colcon.colcon_core.package_identification:_identify(Lerobot_ros2) by extensions ['ignore', 'ignore_ament_install']
[0.432s] Level 1:colcon.colcon_core.package_identification:_identify(Lerobot_ros2) by extension 'ignore'
[0.432s] Level 1:colcon.colcon_core.package_identification:_identify(Lerobot_ros2) by extension 'ignore_ament_install'
[0.432s] Level 1:colcon.colcon_core.package_identification:_identify(Lerobot_ros2) by extensions ['colcon_pkg']
[0.432s] Level 1:colcon.colcon_core.package_identification:_identify(Lerobot_ros2) by extension 'colcon_pkg'
[0.432s] Level 1:colcon.colcon_core.package_identification:_identify(Lerobot_ros2) by extensions ['colcon_meta']
[0.432s] Level 1:colcon.colcon_core.package_identification:_identify(Lerobot_ros2) by extension 'colcon_meta'
[0.432s] Level 1:colcon.colcon_core.package_identification:_identify(Lerobot_ros2) by extensions ['ros']
[0.432s] Level 1:colcon.colcon_core.package_identification:_identify(Lerobot_ros2) by extension 'ros'
[0.432s] Level 1:colcon.colcon_core.package_identification:_identify(Lerobot_ros2) by extensions ['cmake', 'python']
[0.432s] Level 1:colcon.colcon_core.package_identification:_identify(Lerobot_ros2) by extension 'cmake'
[0.432s] Level 1:colcon.colcon_core.package_identification:_identify(Lerobot_ros2) by extension 'python'
[0.432s] Level 1:colcon.colcon_core.package_identification:_identify(Lerobot_ros2) by extensions ['python_setup_py']
[0.432s] Level 1:colcon.colcon_core.package_identification:_identify(Lerobot_ros2) by extension 'python_setup_py'
[0.433s] Level 1:colcon.colcon_core.package_identification:_identify(Lerobot_ros2/src) by extensions ['ignore', 'ignore_ament_install']
[0.433s] Level 1:colcon.colcon_core.package_identification:_identify(Lerobot_ros2/src) by extension 'ignore'
[0.433s] Level 1:colcon.colcon_core.package_identification:_identify(Lerobot_ros2/src) by extension 'ignore_ament_install'
[0.433s] Level 1:colcon.colcon_core.package_identification:_identify(Lerobot_ros2/src) by extensions ['colcon_pkg']
[0.433s] Level 1:colcon.colcon_core.package_identification:_identify(Lerobot_ros2/src) by extension 'colcon_pkg'
[0.433s] Level 1:colcon.colcon_core.package_identification:_identify(Lerobot_ros2/src) by extensions ['colcon_meta']
[0.433s] Level 1:colcon.colcon_core.package_identification:_identify(Lerobot_ros2/src) by extension 'colcon_meta'
[0.433s] Level 1:colcon.colcon_core.package_identification:_identify(Lerobot_ros2/src) by extensions ['ros']
[0.433s] Level 1:colcon.colcon_core.package_identification:_identify(Lerobot_ros2/src) by extension 'ros'
[0.433s] Level 1:colcon.colcon_core.package_identification:_identify(Lerobot_ros2/src) by extensions ['cmake', 'python']
[0.433s] Level 1:colcon.colcon_core.package_identification:_identify(Lerobot_ros2/src) by extension 'cmake'
[0.433s] Level 1:colcon.colcon_core.package_identification:_identify(Lerobot_ros2/src) by extension 'python'
[0.433s] Level 1:colcon.colcon_core.package_identification:_identify(Lerobot_ros2/src) by extensions ['python_setup_py']
[0.433s] Level 1:colcon.colcon_core.package_identification:_identify(Lerobot_ros2/src) by extension 'python_setup_py'
[0.434s] Level 1:colcon.colcon_core.package_identification:_identify(Lerobot_ros2/src/so101_follower_description) by extensions ['ignore', 'ignore_ament_install']
[0.434s] Level 1:colcon.colcon_core.package_identification:_identify(Lerobot_ros2/src/so101_follower_description) by extension 'ignore'
[0.434s] Level 1:colcon.colcon_core.package_identification:_identify(Lerobot_ros2/src/so101_follower_description) by extension 'ignore_ament_install'
[0.434s] Level 1:colcon.colcon_core.package_identification:_identify(Lerobot_ros2/src/so101_follower_description) by extensions ['colcon_pkg']
[0.434s] Level 1:colcon.colcon_core.package_identification:_identify(Lerobot_ros2/src/so101_follower_description) by extension 'colcon_pkg'
[0.434s] Level 1:colcon.colcon_core.package_identification:_identify(Lerobot_ros2/src/so101_follower_description) by extensions ['colcon_meta']
[0.434s] Level 1:colcon.colcon_core.package_identification:_identify(Lerobot_ros2/src/so101_follower_description) by extension 'colcon_meta'
[0.434s] Level 1:colcon.colcon_core.package_identification:_identify(Lerobot_ros2/src/so101_follower_description) by extensions ['ros']
[0.434s] Level 1:colcon.colcon_core.package_identification:_identify(Lerobot_ros2/src/so101_follower_description) by extension 'ros'
[0.437s] DEBUG:colcon.colcon_core.package_identification:Package 'Lerobot_ros2/src/so101_follower_description' with type 'ros.ament_cmake' and name 'so101_follower_description'
[0.438s] Level 1:colcon.colcon_core.package_identification:_identify(Lerobot_ros2/src/so101_follower_moveit) by extensions ['ignore', 'ignore_ament_install']
[0.438s] Level 1:colcon.colcon_core.package_identification:_identify(Lerobot_ros2/src/so101_follower_moveit) by extension 'ignore'
[0.438s] Level 1:colcon.colcon_core.package_identification:_identify(Lerobot_ros2/src/so101_follower_moveit) by extension 'ignore_ament_install'
[0.438s] Level 1:colcon.colcon_core.package_identification:_identify(Lerobot_ros2/src/so101_follower_moveit) by extensions ['colcon_pkg']
[0.438s] Level 1:colcon.colcon_core.package_identification:_identify(Lerobot_ros2/src/so101_follower_moveit) by extension 'colcon_pkg'
[0.438s] Level 1:colcon.colcon_core.package_identification:_identify(Lerobot_ros2/src/so101_follower_moveit) by extensions ['colcon_meta']
[0.438s] Level 1:colcon.colcon_core.package_identification:_identify(Lerobot_ros2/src/so101_follower_moveit) by extension 'colcon_meta'
[0.438s] Level 1:colcon.colcon_core.package_identification:_identify(Lerobot_ros2/src/so101_follower_moveit) by extensions ['ros']
[0.438s] Level 1:colcon.colcon_core.package_identification:_identify(Lerobot_ros2/src/so101_follower_moveit) by extension 'ros'
[0.440s] DEBUG:colcon.colcon_core.package_identification:Package 'Lerobot_ros2/src/so101_follower_moveit' with type 'ros.ament_cmake' and name 'so101_follower_moveit'
[0.440s] Level 1:colcon.colcon_core.package_identification:_identify(Lerobot_ros2/src/so101_hw_interface) by extensions ['ignore', 'ignore_ament_install']
[0.441s] Level 1:colcon.colcon_core.package_identification:_identify(Lerobot_ros2/src/so101_hw_interface) by extension 'ignore'
[0.441s] Level 1:colcon.colcon_core.package_identification:_identify(Lerobot_ros2/src/so101_hw_interface) by extension 'ignore_ament_install'
[0.441s] Level 1:colcon.colcon_core.package_identification:_identify(Lerobot_ros2/src/so101_hw_interface) by extensions ['colcon_pkg']
[0.441s] Level 1:colcon.colcon_core.package_identification:_identify(Lerobot_ros2/src/so101_hw_interface) by extension 'colcon_pkg'
[0.441s] Level 1:colcon.colcon_core.package_identification:_identify(Lerobot_ros2/src/so101_hw_interface) by extensions ['colcon_meta']
[0.441s] Level 1:colcon.colcon_core.package_identification:_identify(Lerobot_ros2/src/so101_hw_interface) by extension 'colcon_meta'
[0.441s] Level 1:colcon.colcon_core.package_identification:_identify(Lerobot_ros2/src/so101_hw_interface) by extensions ['ros']
[0.441s] Level 1:colcon.colcon_core.package_identification:_identify(Lerobot_ros2/src/so101_hw_interface) by extension 'ros'
[0.442s] DEBUG:colcon.colcon_core.package_identification:Package 'Lerobot_ros2/src/so101_hw_interface' with type 'ros.ament_python' and name 'so101_hw_interface'
[0.442s] Level 1:colcon.colcon_core.package_identification:_identify(Lerobot_ros2/src/topic_based_ros2_control) by extensions ['ignore', 'ignore_ament_install']
[0.443s] Level 1:colcon.colcon_core.package_identification:_identify(Lerobot_ros2/src/topic_based_ros2_control) by extension 'ignore'
[0.443s] Level 1:colcon.colcon_core.package_identification:_identify(Lerobot_ros2/src/topic_based_ros2_control) by extension 'ignore_ament_install'
[0.443s] Level 1:colcon.colcon_core.package_identification:_identify(Lerobot_ros2/src/topic_based_ros2_control) by extensions ['colcon_pkg']
[0.443s] Level 1:colcon.colcon_core.package_identification:_identify(Lerobot_ros2/src/topic_based_ros2_control) by extension 'colcon_pkg'
[0.443s] Level 1:colcon.colcon_core.package_identification:_identify(Lerobot_ros2/src/topic_based_ros2_control) by extensions ['colcon_meta']
[0.443s] Level 1:colcon.colcon_core.package_identification:_identify(Lerobot_ros2/src/topic_based_ros2_control) by extension 'colcon_meta'
[0.443s] Level 1:colcon.colcon_core.package_identification:_identify(Lerobot_ros2/src/topic_based_ros2_control) by extensions ['ros']
[0.443s] Level 1:colcon.colcon_core.package_identification:_identify(Lerobot_ros2/src/topic_based_ros2_control) by extension 'ros'
[0.443s] Level 1:colcon.colcon_core.package_identification:_identify(Lerobot_ros2/src/topic_based_ros2_control) by extensions ['cmake', 'python']
[0.443s] Level 1:colcon.colcon_core.package_identification:_identify(Lerobot_ros2/src/topic_based_ros2_control) by extension 'cmake'
[0.443s] Level 1:colcon.colcon_core.package_identification:_identify(Lerobot_ros2/src/topic_based_ros2_control) by extension 'python'
[0.443s] Level 1:colcon.colcon_core.package_identification:_identify(Lerobot_ros2/src/topic_based_ros2_control) by extensions ['python_setup_py']
[0.444s] Level 1:colcon.colcon_core.package_identification:_identify(Lerobot_ros2/src/topic_based_ros2_control) by extension 'python_setup_py'
[0.444s] Level 1:colcon.colcon_core.package_identification:_identify(build) by extensions ['ignore', 'ignore_ament_install']
[0.444s] Level 1:colcon.colcon_core.package_identification:_identify(build) by extension 'ignore'
[0.444s] Level 1:colcon.colcon_core.package_identification:_identify(build) ignored
[0.444s] Level 1:colcon.colcon_core.package_identification:_identify(install) by extensions ['ignore', 'ignore_ament_install']
[0.444s] Level 1:colcon.colcon_core.package_identification:_identify(install) by extension 'ignore'
[0.444s] Level 1:colcon.colcon_core.package_identification:_identify(install) ignored
[0.444s] Level 1:colcon.colcon_core.package_identification:_identify(log) by extensions ['ignore', 'ignore_ament_install']
[0.444s] Level 1:colcon.colcon_core.package_identification:_identify(log) by extension 'ignore'
[0.445s] Level 1:colcon.colcon_core.package_identification:_identify(log) ignored
[0.445s] Level 1:colcon.colcon_core.package_discovery:discover_packages(recursive) using defaults
[0.445s] Level 1:colcon.colcon_core.package_discovery:discover_packages(ignore) discover
[0.445s] Level 1:colcon.colcon_core.package_discovery:discover_packages(ignore) using defaults
[0.445s] Level 1:colcon.colcon_core.package_discovery:discover_packages(path) discover
[0.445s] Level 1:colcon.colcon_core.package_discovery:discover_packages(path) using defaults
[0.470s] Level 1:colcon.colcon_core.package_discovery:discover_packages(prefix_path) check parameters
[0.470s] Level 1:colcon.colcon_core.package_discovery:discover_packages(prefix_path) discover
[0.472s] DEBUG:colcon.colcon_installed_package_information.package_discovery:Found 3 installed packages in /home/robostep/robot_arm/install
[0.475s] DEBUG:colcon.colcon_installed_package_information.package_discovery:Found 405 installed packages in /opt/ros/iron
[0.478s] Level 1:colcon.colcon_core.package_discovery:discover_packages(prefix_path) using defaults
[0.547s] Level 5:colcon.colcon_core.verb:set package 'so101_follower_description' build argument 'cmake_args' from command line to 'None'
[0.547s] Level 5:colcon.colcon_core.verb:set package 'so101_follower_description' build argument 'cmake_target' from command line to 'None'
[0.547s] Level 5:colcon.colcon_core.verb:set package 'so101_follower_description' build argument 'cmake_target_skip_unavailable' from command line to 'False'
[0.547s] Level 5:colcon.colcon_core.verb:set package 'so101_follower_description' build argument 'cmake_clean_cache' from command line to 'False'
[0.547s] Level 5:colcon.colcon_core.verb:set package 'so101_follower_description' build argument 'cmake_clean_first' from command line to 'False'
[0.547s] Level 5:colcon.colcon_core.verb:set package 'so101_follower_description' build argument 'cmake_force_configure' from command line to 'False'
[0.547s] Level 5:colcon.colcon_core.verb:set package 'so101_follower_description' build argument 'ament_cmake_args' from command line to 'None'
[0.547s] Level 5:colcon.colcon_core.verb:set package 'so101_follower_description' build argument 'catkin_cmake_args' from command line to 'None'
[0.547s] Level 5:colcon.colcon_core.verb:set package 'so101_follower_description' build argument 'catkin_skip_building_tests' from command line to 'False'
[0.547s] DEBUG:colcon.colcon_core.verb:Building package 'so101_follower_description' with the following arguments: {'ament_cmake_args': None, 'build_base': '/home/robostep/robot_arm/build/so101_follower_description', 'catkin_cmake_args': None, 'catkin_skip_building_tests': False, 'cmake_args': None, 'cmake_clean_cache': False, 'cmake_clean_first': False, 'cmake_force_configure': False, 'cmake_target': None, 'cmake_target_skip_unavailable': False, 'install_base': '/home/robostep/robot_arm/install/so101_follower_description', 'merge_install': False, 'path': '/home/robostep/robot_arm/Lerobot_ros2/src/so101_follower_description', 'symlink_install': True, 'test_result_base': None}
[0.548s] Level 5:colcon.colcon_core.verb:set package 'so101_hw_interface' build argument 'cmake_args' from command line to 'None'
[0.548s] Level 5:colcon.colcon_core.verb:set package 'so101_hw_interface' build argument 'cmake_target' from command line to 'None'
[0.548s] Level 5:colcon.colcon_core.verb:set package 'so101_hw_interface' build argument 'cmake_target_skip_unavailable' from command line to 'False'
[0.548s] Level 5:colcon.colcon_core.verb:set package 'so101_hw_interface' build argument 'cmake_clean_cache' from command line to 'False'
[0.548s] Level 5:colcon.colcon_core.verb:set package 'so101_hw_interface' build argument 'cmake_clean_first' from command line to 'False'
[0.548s] Level 5:colcon.colcon_core.verb:set package 'so101_hw_interface' build argument 'cmake_force_configure' from command line to 'False'
[0.548s] Level 5:colcon.colcon_core.verb:set package 'so101_hw_interface' build argument 'ament_cmake_args' from command line to 'None'
[0.548s] Level 5:colcon.colcon_core.verb:set package 'so101_hw_interface' build argument 'catkin_cmake_args' from command line to 'None'
[0.548s] Level 5:colcon.colcon_core.verb:set package 'so101_hw_interface' build argument 'catkin_skip_building_tests' from command line to 'False'
[0.548s] DEBUG:colcon.colcon_core.verb:Building package 'so101_hw_interface' with the following arguments: {'ament_cmake_args': None, 'build_base': '/home/robostep/robot_arm/build/so101_hw_interface', 'catkin_cmake_args': None, 'catkin_skip_building_tests': False, 'cmake_args': None, 'cmake_clean_cache': False, 'cmake_clean_first': False, 'cmake_force_configure': False, 'cmake_target': None, 'cmake_target_skip_unavailable': False, 'install_base': '/home/robostep/robot_arm/install/so101_hw_interface', 'merge_install': False, 'path': '/home/robostep/robot_arm/Lerobot_ros2/src/so101_hw_interface', 'symlink_install': True, 'test_result_base': None}
[0.548s] Level 5:colcon.colcon_core.verb:set package 'so101_follower_moveit' build argument 'cmake_args' from command line to 'None'
[0.548s] Level 5:colcon.colcon_core.verb:set package 'so101_follower_moveit' build argument 'cmake_target' from command line to 'None'
[0.548s] Level 5:colcon.colcon_core.verb:set package 'so101_follower_moveit' build argument 'cmake_target_skip_unavailable' from command line to 'False'
[0.548s] Level 5:colcon.colcon_core.verb:set package 'so101_follower_moveit' build argument 'cmake_clean_cache' from command line to 'False'
[0.548s] Level 5:colcon.colcon_core.verb:set package 'so101_follower_moveit' build argument 'cmake_clean_first' from command line to 'False'
[0.549s] Level 5:colcon.colcon_core.verb:set package 'so101_follower_moveit' build argument 'cmake_force_configure' from command line to 'False'
[0.549s] Level 5:colcon.colcon_core.verb:set package 'so101_follower_moveit' build argument 'ament_cmake_args' from command line to 'None'
[0.549s] Level 5:colcon.colcon_core.verb:set package 'so101_follower_moveit' build argument 'catkin_cmake_args' from command line to 'None'
[0.549s] Level 5:colcon.colcon_core.verb:set package 'so101_follower_moveit' build argument 'catkin_skip_building_tests' from command line to 'False'
[0.549s] DEBUG:colcon.colcon_core.verb:Building package 'so101_follower_moveit' with the following arguments: {'ament_cmake_args': None, 'build_base': '/home/robostep/robot_arm/build/so101_follower_moveit', 'catkin_cmake_args': None, 'catkin_skip_building_tests': False, 'cmake_args': None, 'cmake_clean_cache': False, 'cmake_clean_first': False, 'cmake_force_configure': False, 'cmake_target': None, 'cmake_target_skip_unavailable': False, 'install_base': '/home/robostep/robot_arm/install/so101_follower_moveit', 'merge_install': False, 'path': '/home/robostep/robot_arm/Lerobot_ros2/src/so101_follower_moveit', 'symlink_install': True, 'test_result_base': None}
[0.549s] INFO:colcon.colcon_core.executor:Executing jobs using 'parallel' executor
[0.550s] DEBUG:colcon.colcon_parallel_executor.executor.parallel:run_until_complete
[0.550s] INFO:colcon.colcon_ros.task.ament_cmake.build:Building ROS package in '/home/robostep/robot_arm/Lerobot_ros2/src/so101_follower_description' with build type 'ament_cmake'
[0.550s] INFO:colcon.colcon_cmake.task.cmake.build:Building CMake package in '/home/robostep/robot_arm/Lerobot_ros2/src/so101_follower_description'
[0.553s] INFO:colcon.colcon_core.plugin_system:Skipping extension 'colcon_core.shell.bat': Not used on non-Windows systems
[0.553s] INFO:colcon.colcon_core.shell:Skip shell extension 'powershell' for command environment: Not usable outside of PowerShell
[0.553s] DEBUG:colcon.colcon_core.shell:Skip shell extension 'dsv' for command environment
[0.558s] INFO:colcon.colcon_ros.task.ament_python.build:Building ROS package in '/home/robostep/robot_arm/Lerobot_ros2/src/so101_hw_interface' with build type 'ament_python'
[0.558s] Level 1:colcon.colcon_core.shell:create_environment_hook('so101_hw_interface', 'ament_prefix_path')
[0.558s] INFO:colcon.colcon_core.shell:Creating environment hook '/home/robostep/robot_arm/install/so101_hw_interface/share/so101_hw_interface/hook/ament_prefix_path.ps1'
[0.559s] INFO:colcon.colcon_core.shell:Creating environment descriptor '/home/robostep/robot_arm/install/so101_hw_interface/share/so101_hw_interface/hook/ament_prefix_path.dsv'
[0.560s] INFO:colcon.colcon_core.shell:Creating environment hook '/home/robostep/robot_arm/install/so101_hw_interface/share/so101_hw_interface/hook/ament_prefix_path.sh'
[0.561s] INFO:colcon.colcon_core.shell:Skip shell extension 'powershell' for command environment: Not usable outside of PowerShell
[0.561s] DEBUG:colcon.colcon_core.shell:Skip shell extension 'dsv' for command environment
[0.574s] DEBUG:colcon.colcon_core.event_handler.log_command:Invoking command in '/home/robostep/robot_arm/build/so101_follower_description': CMAKE_PREFIX_PATH=${CMAKE_PREFIX_PATH}:/home/robostep/robot_arm/install/so101_hw_interface:/opt/ros/iron /usr/bin/cmake --build /home/robostep/robot_arm/build/so101_follower_description -- -j8 -l8
[0.940s] INFO:colcon.colcon_core.task.python.build:Building Python package in '/home/robostep/robot_arm/Lerobot_ros2/src/so101_hw_interface'
[0.940s] INFO:colcon.colcon_core.shell:Skip shell extension 'powershell' for command environment: Not usable outside of PowerShell
[0.940s] DEBUG:colcon.colcon_core.shell:Skip shell extension 'dsv' for command environment
[0.946s] DEBUG:colcon.colcon_core.event_handler.log_command:Invoked command in '/home/robostep/robot_arm/build/so101_follower_description' returned '0': CMAKE_PREFIX_PATH=${CMAKE_PREFIX_PATH}:/home/robostep/robot_arm/install/so101_hw_interface:/opt/ros/iron /usr/bin/cmake --build /home/robostep/robot_arm/build/so101_follower_description -- -j8 -l8
[0.959s] DEBUG:colcon.colcon_core.event_handler.log_command:Invoking command in '/home/robostep/robot_arm/build/so101_follower_description': CMAKE_PREFIX_PATH=${CMAKE_PREFIX_PATH}:/home/robostep/robot_arm/install/so101_hw_interface:/opt/ros/iron /usr/bin/cmake --install /home/robostep/robot_arm/build/so101_follower_description
[0.992s] Level 1:colcon.colcon_core.environment:create_environment_scripts_only(so101_follower_description)
[0.993s] DEBUG:colcon.colcon_core.event_handler.log_command:Invoked command in '/home/robostep/robot_arm/build/so101_follower_description' returned '0': CMAKE_PREFIX_PATH=${CMAKE_PREFIX_PATH}:/home/robostep/robot_arm/install/so101_hw_interface:/opt/ros/iron /usr/bin/cmake --install /home/robostep/robot_arm/build/so101_follower_description
[0.995s] Level 1:colcon.colcon_core.environment:checking '/home/robostep/robot_arm/install/so101_follower_description' for CMake module files
[0.996s] Level 1:colcon.colcon_core.environment:checking '/home/robostep/robot_arm/install/so101_follower_description' for CMake config files
[0.996s] Level 1:colcon.colcon_core.shell:create_environment_hook('so101_follower_description', 'cmake_prefix_path')
[0.996s] INFO:colcon.colcon_core.shell:Creating environment hook '/home/robostep/robot_arm/install/so101_follower_description/share/so101_follower_description/hook/cmake_prefix_path.ps1'
[0.997s] INFO:colcon.colcon_core.shell:Creating environment descriptor '/home/robostep/robot_arm/install/so101_follower_description/share/so101_follower_description/hook/cmake_prefix_path.dsv'
[0.997s] INFO:colcon.colcon_core.shell:Creating environment hook '/home/robostep/robot_arm/install/so101_follower_description/share/so101_follower_description/hook/cmake_prefix_path.sh'
[0.998s] Level 1:colcon.colcon_core.environment:checking '/home/robostep/robot_arm/install/so101_follower_description/bin'
[0.998s] Level 1:colcon.colcon_core.environment:checking '/home/robostep/robot_arm/install/so101_follower_description/lib/pkgconfig/so101_follower_description.pc'
[0.998s] Level 1:colcon.colcon_core.environment:checking '/home/robostep/robot_arm/install/so101_follower_description/lib/python3.10/site-packages'
[0.998s] Level 1:colcon.colcon_core.environment:checking '/home/robostep/robot_arm/install/so101_follower_description/bin'
[0.999s] INFO:colcon.colcon_core.shell:Creating package script '/home/robostep/robot_arm/install/so101_follower_description/share/so101_follower_description/package.ps1'
[1.000s] INFO:colcon.colcon_core.shell:Creating package descriptor '/home/robostep/robot_arm/install/so101_follower_description/share/so101_follower_description/package.dsv'
[1.000s] INFO:colcon.colcon_core.shell:Creating package script '/home/robostep/robot_arm/install/so101_follower_description/share/so101_follower_description/package.sh'
[1.001s] INFO:colcon.colcon_core.shell:Creating package script '/home/robostep/robot_arm/install/so101_follower_description/share/so101_follower_description/package.bash'
[1.002s] INFO:colcon.colcon_core.shell:Creating package script '/home/robostep/robot_arm/install/so101_follower_description/share/so101_follower_description/package.zsh'
[1.003s] Level 1:colcon.colcon_core.environment:create_file_with_runtime_dependencies(/home/robostep/robot_arm/install/so101_follower_description/share/colcon-core/packages/so101_follower_description)
[1.004s] Level 1:colcon.colcon_core.environment:create_environment_scripts_only(so101_follower_description)
[1.004s] Level 1:colcon.colcon_core.environment:checking '/home/robostep/robot_arm/install/so101_follower_description' for CMake module files
[1.004s] Level 1:colcon.colcon_core.environment:checking '/home/robostep/robot_arm/install/so101_follower_description' for CMake config files
[1.005s] Level 1:colcon.colcon_core.shell:create_environment_hook('so101_follower_description', 'cmake_prefix_path')
[1.005s] INFO:colcon.colcon_core.shell:Creating environment hook '/home/robostep/robot_arm/install/so101_follower_description/share/so101_follower_description/hook/cmake_prefix_path.ps1'
[1.005s] INFO:colcon.colcon_core.shell:Creating environment descriptor '/home/robostep/robot_arm/install/so101_follower_description/share/so101_follower_description/hook/cmake_prefix_path.dsv'
[1.006s] INFO:colcon.colcon_core.shell:Creating environment hook '/home/robostep/robot_arm/install/so101_follower_description/share/so101_follower_description/hook/cmake_prefix_path.sh'
[1.006s] Level 1:colcon.colcon_core.environment:checking '/home/robostep/robot_arm/install/so101_follower_description/bin'
[1.006s] Level 1:colcon.colcon_core.environment:checking '/home/robostep/robot_arm/install/so101_follower_description/lib/pkgconfig/so101_follower_description.pc'
[1.007s] Level 1:colcon.colcon_core.environment:checking '/home/robostep/robot_arm/install/so101_follower_description/lib/python3.10/site-packages'
[1.007s] Level 1:colcon.colcon_core.environment:checking '/home/robostep/robot_arm/install/so101_follower_description/bin'
[1.007s] INFO:colcon.colcon_core.shell:Creating package script '/home/robostep/robot_arm/install/so101_follower_description/share/so101_follower_description/package.ps1'
[1.008s] INFO:colcon.colcon_core.shell:Creating package descriptor '/home/robostep/robot_arm/install/so101_follower_description/share/so101_follower_description/package.dsv'
[1.008s] INFO:colcon.colcon_core.shell:Creating package script '/home/robostep/robot_arm/install/so101_follower_description/share/so101_follower_description/package.sh'
[1.009s] INFO:colcon.colcon_core.shell:Creating package script '/home/robostep/robot_arm/install/so101_follower_description/share/so101_follower_description/package.bash'
[1.010s] INFO:colcon.colcon_core.shell:Creating package script '/home/robostep/robot_arm/install/so101_follower_description/share/so101_follower_description/package.zsh'
[1.010s] Level 1:colcon.colcon_core.environment:create_file_with_runtime_dependencies(/home/robostep/robot_arm/install/so101_follower_description/share/colcon-core/packages/so101_follower_description)
[1.011s] INFO:colcon.colcon_ros.task.ament_cmake.build:Building ROS package in '/home/robostep/robot_arm/Lerobot_ros2/src/so101_follower_moveit' with build type 'ament_cmake'
[1.011s] INFO:colcon.colcon_cmake.task.cmake.build:Building CMake package in '/home/robostep/robot_arm/Lerobot_ros2/src/so101_follower_moveit'
[1.011s] INFO:colcon.colcon_core.shell:Skip shell extension 'powershell' for command environment: Not usable outside of PowerShell
[1.011s] DEBUG:colcon.colcon_core.shell:Skip shell extension 'dsv' for command environment
[1.025s] DEBUG:colcon.colcon_core.event_handler.log_command:Invoking command in '/home/robostep/robot_arm/build/so101_follower_moveit': CMAKE_PREFIX_PATH=/home/robostep/robot_arm/install/so101_follower_description:/home/robostep/robot_arm/install/so101_follower_moveit:/home/robostep/robot_arm/install/so101_hw_interface:/opt/ros/iron /usr/bin/cmake --build /home/robostep/robot_arm/build/so101_follower_moveit -- -j8 -l8
[1.069s] DEBUG:colcon.colcon_core.event_handler.log_command:Invoked command in '/home/robostep/robot_arm/build/so101_follower_moveit' returned '0': CMAKE_PREFIX_PATH=/home/robostep/robot_arm/install/so101_follower_description:/home/robostep/robot_arm/install/so101_follower_moveit:/home/robostep/robot_arm/install/so101_hw_interface:/opt/ros/iron /usr/bin/cmake --build /home/robostep/robot_arm/build/so101_follower_moveit -- -j8 -l8
[1.070s] DEBUG:colcon.colcon_core.event_handler.log_command:Invoking command in '/home/robostep/robot_arm/build/so101_follower_moveit': CMAKE_PREFIX_PATH=/home/robostep/robot_arm/install/so101_follower_description:/home/robostep/robot_arm/install/so101_follower_moveit:/home/robostep/robot_arm/install/so101_hw_interface:/opt/ros/iron /usr/bin/cmake --install /home/robostep/robot_arm/build/so101_follower_moveit
[1.104s] Level 1:colcon.colcon_core.environment:create_environment_scripts_only(so101_follower_moveit)
[1.104s] Level 1:colcon.colcon_core.environment:checking '/home/robostep/robot_arm/install/so101_follower_moveit' for CMake module files
[1.105s] DEBUG:colcon.colcon_core.event_handler.log_command:Invoked command in '/home/robostep/robot_arm/build/so101_follower_moveit' returned '0': CMAKE_PREFIX_PATH=/home/robostep/robot_arm/install/so101_follower_description:/home/robostep/robot_arm/install/so101_follower_moveit:/home/robostep/robot_arm/install/so101_hw_interface:/opt/ros/iron /usr/bin/cmake --install /home/robostep/robot_arm/build/so101_follower_moveit
[1.106s] Level 1:colcon.colcon_core.environment:checking '/home/robostep/robot_arm/install/so101_follower_moveit' for CMake config files
[1.107s] Level 1:colcon.colcon_core.shell:create_environment_hook('so101_follower_moveit', 'cmake_prefix_path')
[1.107s] INFO:colcon.colcon_core.shell:Creating environment hook '/home/robostep/robot_arm/install/so101_follower_moveit/share/so101_follower_moveit/hook/cmake_prefix_path.ps1'
[1.108s] INFO:colcon.colcon_core.shell:Creating environment descriptor '/home/robostep/robot_arm/install/so101_follower_moveit/share/so101_follower_moveit/hook/cmake_prefix_path.dsv'
[1.109s] INFO:colcon.colcon_core.shell:Creating environment hook '/home/robostep/robot_arm/install/so101_follower_moveit/share/so101_follower_moveit/hook/cmake_prefix_path.sh'
[1.109s] Level 1:colcon.colcon_core.environment:checking '/home/robostep/robot_arm/install/so101_follower_moveit/bin'
[1.110s] Level 1:colcon.colcon_core.environment:checking '/home/robostep/robot_arm/install/so101_follower_moveit/lib/pkgconfig/so101_follower_moveit.pc'
[1.110s] Level 1:colcon.colcon_core.environment:checking '/home/robostep/robot_arm/install/so101_follower_moveit/lib/python3.10/site-packages'
[1.110s] Level 1:colcon.colcon_core.environment:checking '/home/robostep/robot_arm/install/so101_follower_moveit/bin'
[1.111s] INFO:colcon.colcon_core.shell:Creating package script '/home/robostep/robot_arm/install/so101_follower_moveit/share/so101_follower_moveit/package.ps1'
[1.112s] INFO:colcon.colcon_core.shell:Creating package descriptor '/home/robostep/robot_arm/install/so101_follower_moveit/share/so101_follower_moveit/package.dsv'
[1.112s] INFO:colcon.colcon_core.shell:Creating package script '/home/robostep/robot_arm/install/so101_follower_moveit/share/so101_follower_moveit/package.sh'
[1.113s] INFO:colcon.colcon_core.shell:Creating package script '/home/robostep/robot_arm/install/so101_follower_moveit/share/so101_follower_moveit/package.bash'
[1.114s] INFO:colcon.colcon_core.shell:Creating package script '/home/robostep/robot_arm/install/so101_follower_moveit/share/so101_follower_moveit/package.zsh'
[1.115s] Level 1:colcon.colcon_core.environment:create_file_with_runtime_dependencies(/home/robostep/robot_arm/install/so101_follower_moveit/share/colcon-core/packages/so101_follower_moveit)
[1.116s] Level 1:colcon.colcon_core.environment:create_environment_scripts_only(so101_follower_moveit)
[1.117s] Level 1:colcon.colcon_core.environment:checking '/home/robostep/robot_arm/install/so101_follower_moveit' for CMake module files
[1.118s] Level 1:colcon.colcon_core.environment:checking '/home/robostep/robot_arm/install/so101_follower_moveit' for CMake config files
[1.118s] Level 1:colcon.colcon_core.shell:create_environment_hook('so101_follower_moveit', 'cmake_prefix_path')
[1.119s] INFO:colcon.colcon_core.shell:Creating environment hook '/home/robostep/robot_arm/install/so101_follower_moveit/share/so101_follower_moveit/hook/cmake_prefix_path.ps1'
[1.120s] INFO:colcon.colcon_core.shell:Creating environment descriptor '/home/robostep/robot_arm/install/so101_follower_moveit/share/so101_follower_moveit/hook/cmake_prefix_path.dsv'
[1.120s] INFO:colcon.colcon_core.shell:Creating environment hook '/home/robostep/robot_arm/install/so101_follower_moveit/share/so101_follower_moveit/hook/cmake_prefix_path.sh'
[1.121s] Level 1:colcon.colcon_core.environment:checking '/home/robostep/robot_arm/install/so101_follower_moveit/bin'
[1.121s] Level 1:colcon.colcon_core.environment:checking '/home/robostep/robot_arm/install/so101_follower_moveit/lib/pkgconfig/so101_follower_moveit.pc'
[1.122s] Level 1:colcon.colcon_core.environment:checking '/home/robostep/robot_arm/install/so101_follower_moveit/lib/python3.10/site-packages'
[1.122s] Level 1:colcon.colcon_core.environment:checking '/home/robostep/robot_arm/install/so101_follower_moveit/bin'
[1.123s] INFO:colcon.colcon_core.shell:Creating package script '/home/robostep/robot_arm/install/so101_follower_moveit/share/so101_follower_moveit/package.ps1'
[1.123s] INFO:colcon.colcon_core.shell:Creating package descriptor '/home/robostep/robot_arm/install/so101_follower_moveit/share/so101_follower_moveit/package.dsv'
[1.124s] INFO:colcon.colcon_core.shell:Creating package script '/home/robostep/robot_arm/install/so101_follower_moveit/share/so101_follower_moveit/package.sh'
[1.125s] INFO:colcon.colcon_core.shell:Creating package script '/home/robostep/robot_arm/install/so101_follower_moveit/share/so101_follower_moveit/package.bash'
[1.126s] INFO:colcon.colcon_core.shell:Creating package script '/home/robostep/robot_arm/install/so101_follower_moveit/share/so101_follower_moveit/package.zsh'
[1.126s] Level 1:colcon.colcon_core.environment:create_file_with_runtime_dependencies(/home/robostep/robot_arm/install/so101_follower_moveit/share/colcon-core/packages/so101_follower_moveit)
[1.458s] DEBUG:colcon.colcon_core.event_handler.log_command:Invoking command in '/home/robostep/robot_arm/build/so101_hw_interface': PYTHONPATH=/home/robostep/robot_arm/build/so101_hw_interface/prefix_override:/usr/lib/python3/dist-packages/colcon_core/task/python/colcon_distutils_commands:/home/robostep/robot_arm/install/so101_hw_interface/lib/python3.10/site-packages:${PYTHONPATH} /usr/bin/python3 -W ignore:setup.py install is deprecated -W ignore:easy_install command is deprecated setup.py develop --editable --build-directory /home/robostep/robot_arm/build/so101_hw_interface/build --no-deps symlink_data
[2.233s] Level 1:colcon.colcon_core.shell:create_environment_hook('so101_hw_interface', 'pythonpath_develop')
[2.234s] INFO:colcon.colcon_core.shell:Creating environment hook '/home/robostep/robot_arm/build/so101_hw_interface/share/so101_hw_interface/hook/pythonpath_develop.ps1'
[2.235s] DEBUG:colcon.colcon_core.event_handler.log_command:Invoked command in '/home/robostep/robot_arm/build/so101_hw_interface' returned '0': PYTHONPATH=/home/robostep/robot_arm/build/so101_hw_interface/prefix_override:/usr/lib/python3/dist-packages/colcon_core/task/python/colcon_distutils_commands:/home/robostep/robot_arm/install/so101_hw_interface/lib/python3.10/site-packages:${PYTHONPATH} /usr/bin/python3 -W ignore:setup.py install is deprecated -W ignore:easy_install command is deprecated setup.py develop --editable --build-directory /home/robostep/robot_arm/build/so101_hw_interface/build --no-deps symlink_data
[2.235s] INFO:colcon.colcon_core.shell:Creating environment descriptor '/home/robostep/robot_arm/build/so101_hw_interface/share/so101_hw_interface/hook/pythonpath_develop.dsv'
[2.236s] INFO:colcon.colcon_core.shell:Creating environment hook '/home/robostep/robot_arm/build/so101_hw_interface/share/so101_hw_interface/hook/pythonpath_develop.sh'
[2.238s] Level 1:colcon.colcon_core.environment:checking '/home/robostep/robot_arm/install/so101_hw_interface' for CMake module files
[2.239s] Level 1:colcon.colcon_core.environment:checking '/home/robostep/robot_arm/install/so101_hw_interface' for CMake config files
[2.240s] Level 1:colcon.colcon_core.environment:checking '/home/robostep/robot_arm/install/so101_hw_interface/lib'
[2.240s] Level 1:colcon.colcon_core.environment:checking '/home/robostep/robot_arm/install/so101_hw_interface/bin'
[2.240s] Level 1:colcon.colcon_core.shell:create_environment_hook('so101_hw_interface', 'path')
[2.241s] INFO:colcon.colcon_core.shell:Creating environment hook '/home/robostep/robot_arm/install/so101_hw_interface/share/so101_hw_interface/hook/path.ps1'
[2.242s] INFO:colcon.colcon_core.shell:Creating environment descriptor '/home/robostep/robot_arm/install/so101_hw_interface/share/so101_hw_interface/hook/path.dsv'
[2.242s] INFO:colcon.colcon_core.shell:Creating environment hook '/home/robostep/robot_arm/install/so101_hw_interface/share/so101_hw_interface/hook/path.sh'
[2.243s] Level 1:colcon.colcon_core.environment:checking '/home/robostep/robot_arm/install/so101_hw_interface/lib/pkgconfig/so101_hw_interface.pc'
[2.243s] Level 1:colcon.colcon_core.environment:checking '/home/robostep/robot_arm/install/so101_hw_interface/lib/python3.10/site-packages'
[2.243s] Level 1:colcon.colcon_core.shell:create_environment_hook('so101_hw_interface', 'pythonpath')
[2.244s] INFO:colcon.colcon_core.shell:Creating environment hook '/home/robostep/robot_arm/install/so101_hw_interface/share/so101_hw_interface/hook/pythonpath.ps1'
[2.244s] INFO:colcon.colcon_core.shell:Creating environment descriptor '/home/robostep/robot_arm/install/so101_hw_interface/share/so101_hw_interface/hook/pythonpath.dsv'
[2.245s] INFO:colcon.colcon_core.shell:Creating environment hook '/home/robostep/robot_arm/install/so101_hw_interface/share/so101_hw_interface/hook/pythonpath.sh'
[2.245s] Level 1:colcon.colcon_core.environment:checking '/home/robostep/robot_arm/install/so101_hw_interface/bin'
[2.245s] Level 1:colcon.colcon_core.shell:create_environment_hook('so101_hw_interface', 'pythonscriptspath')
[2.246s] INFO:colcon.colcon_core.shell:Creating environment hook '/home/robostep/robot_arm/install/so101_hw_interface/share/so101_hw_interface/hook/pythonscriptspath.ps1'
[2.246s] INFO:colcon.colcon_core.shell:Creating environment descriptor '/home/robostep/robot_arm/install/so101_hw_interface/share/so101_hw_interface/hook/pythonscriptspath.dsv'
[2.247s] INFO:colcon.colcon_core.shell:Creating environment hook '/home/robostep/robot_arm/install/so101_hw_interface/share/so101_hw_interface/hook/pythonscriptspath.sh'
[2.247s] Level 1:colcon.colcon_core.environment:create_environment_scripts_only(so101_hw_interface)
[2.248s] INFO:colcon.colcon_core.shell:Creating package script '/home/robostep/robot_arm/install/so101_hw_interface/share/so101_hw_interface/package.ps1'
[2.249s] INFO:colcon.colcon_core.shell:Creating package descriptor '/home/robostep/robot_arm/install/so101_hw_interface/share/so101_hw_interface/package.dsv'
[2.250s] INFO:colcon.colcon_core.shell:Creating package script '/home/robostep/robot_arm/install/so101_hw_interface/share/so101_hw_interface/package.sh'
[2.251s] INFO:colcon.colcon_core.shell:Creating package script '/home/robostep/robot_arm/install/so101_hw_interface/share/so101_hw_interface/package.bash'
[2.252s] INFO:colcon.colcon_core.shell:Creating package script '/home/robostep/robot_arm/install/so101_hw_interface/share/so101_hw_interface/package.zsh'
[2.252s] Level 1:colcon.colcon_core.environment:create_file_with_runtime_dependencies(/home/robostep/robot_arm/install/so101_hw_interface/share/colcon-core/packages/so101_hw_interface)
[2.252s] DEBUG:colcon.colcon_parallel_executor.executor.parallel:closing loop
[2.253s] DEBUG:colcon.colcon_parallel_executor.executor.parallel:loop closed
[2.253s] DEBUG:colcon.colcon_parallel_executor.executor.parallel:run_until_complete finished with '0'
[2.253s] DEBUG:colcon.colcon_core.event_reactor:joining thread
[2.261s] INFO:colcon.colcon_core.plugin_system:Skipping extension 'colcon_notification.desktop_notification.terminal_notifier': Not used on non-Darwin systems
[2.261s] INFO:colcon.colcon_core.plugin_system:Skipping extension 'colcon_notification.desktop_notification.win32': Not used on non-Windows systems
[2.261s] INFO:colcon.colcon_notification.desktop_notification:Sending desktop notification using 'notify2'
[2.278s] DEBUG:colcon.colcon_core.event_reactor:joined thread
[2.279s] INFO:colcon.colcon_core.shell:Creating prefix script '/home/robostep/robot_arm/install/local_setup.ps1'
[2.280s] INFO:colcon.colcon_core.shell:Creating prefix util module '/home/robostep/robot_arm/install/_local_setup_util_ps1.py'
[2.283s] INFO:colcon.colcon_core.shell:Creating prefix chain script '/home/robostep/robot_arm/install/setup.ps1'
[2.285s] INFO:colcon.colcon_core.shell:Creating prefix script '/home/robostep/robot_arm/install/local_setup.sh'
[2.286s] INFO:colcon.colcon_core.shell:Creating prefix util module '/home/robostep/robot_arm/install/_local_setup_util_sh.py'
[2.287s] INFO:colcon.colcon_core.shell:Creating prefix chain script '/home/robostep/robot_arm/install/setup.sh'
[2.289s] INFO:colcon.colcon_core.shell:Creating prefix script '/home/robostep/robot_arm/install/local_setup.bash'
[2.290s] INFO:colcon.colcon_core.shell:Creating prefix chain script '/home/robostep/robot_arm/install/setup.bash'
[2.291s] INFO:colcon.colcon_core.shell:Creating prefix script '/home/robostep/robot_arm/install/local_setup.zsh'
[2.292s] INFO:colcon.colcon_core.shell:Creating prefix chain script '/home/robostep/robot_arm/install/setup.zsh'
