[0.139s] DEBUG:colcon:Command line arguments: ['/usr/bin/colcon', 'build', '--symlink-install']
[0.139s] DEBUG:colcon:Parsed command line arguments: Namespace(log_base=None, log_level=None, verb_name='build', build_base='build', install_base='install', merge_install=False, symlink_install=True, test_result_base=None, continue_on_error=False, executor='parallel', parallel_workers=8, event_handlers=None, ignore_user_meta=False, metas=['./colcon.meta'], base_paths=['.'], packages_ignore=None, packages_ignore_regex=None, paths=None, packages_up_to=None, packages_up_to_regex=None, packages_above=None, packages_above_and_dependencies=None, packages_above_depth=None, packages_select_by_dep=None, packages_skip_by_dep=None, packages_skip_up_to=None, packages_select_build_failed=False, packages_skip_build_finished=False, packages_select_test_failures=False, packages_skip_test_passed=False, packages_select=None, packages_skip=None, packages_select_regex=None, packages_skip_regex=None, packages_start=None, packages_end=None, allow_overriding=[], cmake_args=None, cmake_target=None, cmake_target_skip_unavailable=False, cmake_clean_cache=False, cmake_clean_first=False, cmake_force_configure=False, ament_cmake_args=None, catkin_cmake_args=None, catkin_skip_building_tests=False, mixin_files=None, mixin=None, verb_parser=<colcon_mixin.mixin.mixin_argument.MixinArgumentDecorator object at 0x7183ae0aca30>, verb_extension=<colcon_core.verb.build.BuildVerb object at 0x7183ae01e0e0>, main=<bound method BuildVerb.main of <colcon_core.verb.build.BuildVerb object at 0x7183ae01e0e0>>, mixin_verb=('build',))
[0.373s] Level 1:colcon.colcon_core.package_discovery:discover_packages(colcon_meta) check parameters
[0.373s] Level 1:colcon.colcon_core.package_discovery:discover_packages(recursive) check parameters
[0.373s] Level 1:colcon.colcon_core.package_discovery:discover_packages(ignore) check parameters
[0.373s] Level 1:colcon.colcon_core.package_discovery:discover_packages(path) check parameters
[0.373s] Level 1:colcon.colcon_core.package_discovery:discover_packages(colcon_meta) discover
[0.373s] Level 1:colcon.colcon_core.package_discovery:discover_packages(recursive) discover
[0.373s] INFO:colcon.colcon_core.package_discovery:Crawling recursively for packages in '/home/robostep/robot_arm'
[0.373s] Level 1:colcon.colcon_core.package_identification:_identify(.) by extensions ['ignore', 'ignore_ament_install']
[0.374s] Level 1:colcon.colcon_core.package_identification:_identify(.) by extension 'ignore'
[0.374s] Level 1:colcon.colcon_core.package_identification:_identify(.) by extension 'ignore_ament_install'
[0.374s] Level 1:colcon.colcon_core.package_identification:_identify(.) by extensions ['colcon_pkg']
[0.374s] Level 1:colcon.colcon_core.package_identification:_identify(.) by extension 'colcon_pkg'
[0.374s] Level 1:colcon.colcon_core.package_identification:_identify(.) by extensions ['colcon_meta']
[0.374s] Level 1:colcon.colcon_core.package_identification:_identify(.) by extension 'colcon_meta'
[0.374s] Level 1:colcon.colcon_core.package_identification:_identify(.) by extensions ['ros']
[0.374s] Level 1:colcon.colcon_core.package_identification:_identify(.) by extension 'ros'
[0.395s] Level 1:colcon.colcon_core.package_identification:_identify(.) by extensions ['cmake', 'python']
[0.395s] Level 1:colcon.colcon_core.package_identification:_identify(.) by extension 'cmake'
[0.395s] Level 1:colcon.colcon_core.package_identification:_identify(.) by extension 'python'
[0.395s] Level 1:colcon.colcon_core.package_identification:_identify(.) by extensions ['python_setup_py']
[0.395s] Level 1:colcon.colcon_core.package_identification:_identify(.) by extension 'python_setup_py'
[0.395s] Level 1:colcon.colcon_core.package_identification:_identify(Lerobot_ros2) by extensions ['ignore', 'ignore_ament_install']
[0.395s] Level 1:colcon.colcon_core.package_identification:_identify(Lerobot_ros2) by extension 'ignore'
[0.395s] Level 1:colcon.colcon_core.package_identification:_identify(Lerobot_ros2) by extension 'ignore_ament_install'
[0.395s] Level 1:colcon.colcon_core.package_identification:_identify(Lerobot_ros2) by extensions ['colcon_pkg']
[0.395s] Level 1:colcon.colcon_core.package_identification:_identify(Lerobot_ros2) by extension 'colcon_pkg'
[0.395s] Level 1:colcon.colcon_core.package_identification:_identify(Lerobot_ros2) by extensions ['colcon_meta']
[0.395s] Level 1:colcon.colcon_core.package_identification:_identify(Lerobot_ros2) by extension 'colcon_meta'
[0.396s] Level 1:colcon.colcon_core.package_identification:_identify(Lerobot_ros2) by extensions ['ros']
[0.396s] Level 1:colcon.colcon_core.package_identification:_identify(Lerobot_ros2) by extension 'ros'
[0.396s] Level 1:colcon.colcon_core.package_identification:_identify(Lerobot_ros2) by extensions ['cmake', 'python']
[0.396s] Level 1:colcon.colcon_core.package_identification:_identify(Lerobot_ros2) by extension 'cmake'
[0.396s] Level 1:colcon.colcon_core.package_identification:_identify(Lerobot_ros2) by extension 'python'
[0.396s] Level 1:colcon.colcon_core.package_identification:_identify(Lerobot_ros2) by extensions ['python_setup_py']
[0.396s] Level 1:colcon.colcon_core.package_identification:_identify(Lerobot_ros2) by extension 'python_setup_py'
[0.396s] Level 1:colcon.colcon_core.package_identification:_identify(Lerobot_ros2/src) by extensions ['ignore', 'ignore_ament_install']
[0.396s] Level 1:colcon.colcon_core.package_identification:_identify(Lerobot_ros2/src) by extension 'ignore'
[0.396s] Level 1:colcon.colcon_core.package_identification:_identify(Lerobot_ros2/src) by extension 'ignore_ament_install'
[0.396s] Level 1:colcon.colcon_core.package_identification:_identify(Lerobot_ros2/src) by extensions ['colcon_pkg']
[0.396s] Level 1:colcon.colcon_core.package_identification:_identify(Lerobot_ros2/src) by extension 'colcon_pkg'
[0.396s] Level 1:colcon.colcon_core.package_identification:_identify(Lerobot_ros2/src) by extensions ['colcon_meta']
[0.396s] Level 1:colcon.colcon_core.package_identification:_identify(Lerobot_ros2/src) by extension 'colcon_meta'
[0.396s] Level 1:colcon.colcon_core.package_identification:_identify(Lerobot_ros2/src) by extensions ['ros']
[0.396s] Level 1:colcon.colcon_core.package_identification:_identify(Lerobot_ros2/src) by extension 'ros'
[0.396s] Level 1:colcon.colcon_core.package_identification:_identify(Lerobot_ros2/src) by extensions ['cmake', 'python']
[0.397s] Level 1:colcon.colcon_core.package_identification:_identify(Lerobot_ros2/src) by extension 'cmake'
[0.397s] Level 1:colcon.colcon_core.package_identification:_identify(Lerobot_ros2/src) by extension 'python'
[0.397s] Level 1:colcon.colcon_core.package_identification:_identify(Lerobot_ros2/src) by extensions ['python_setup_py']
[0.397s] Level 1:colcon.colcon_core.package_identification:_identify(Lerobot_ros2/src) by extension 'python_setup_py'
[0.397s] Level 1:colcon.colcon_core.package_identification:_identify(Lerobot_ros2/src/so101_follower_description) by extensions ['ignore', 'ignore_ament_install']
[0.397s] Level 1:colcon.colcon_core.package_identification:_identify(Lerobot_ros2/src/so101_follower_description) by extension 'ignore'
[0.397s] Level 1:colcon.colcon_core.package_identification:_identify(Lerobot_ros2/src/so101_follower_description) by extension 'ignore_ament_install'
[0.397s] Level 1:colcon.colcon_core.package_identification:_identify(Lerobot_ros2/src/so101_follower_description) by extensions ['colcon_pkg']
[0.397s] Level 1:colcon.colcon_core.package_identification:_identify(Lerobot_ros2/src/so101_follower_description) by extension 'colcon_pkg'
[0.397s] Level 1:colcon.colcon_core.package_identification:_identify(Lerobot_ros2/src/so101_follower_description) by extensions ['colcon_meta']
[0.397s] Level 1:colcon.colcon_core.package_identification:_identify(Lerobot_ros2/src/so101_follower_description) by extension 'colcon_meta'
[0.397s] Level 1:colcon.colcon_core.package_identification:_identify(Lerobot_ros2/src/so101_follower_description) by extensions ['ros']
[0.397s] Level 1:colcon.colcon_core.package_identification:_identify(Lerobot_ros2/src/so101_follower_description) by extension 'ros'
[0.400s] DEBUG:colcon.colcon_core.package_identification:Package 'Lerobot_ros2/src/so101_follower_description' with type 'ros.ament_cmake' and name 'so101_follower_description'
[0.400s] Level 1:colcon.colcon_core.package_identification:_identify(Lerobot_ros2/src/so101_follower_moveit) by extensions ['ignore', 'ignore_ament_install']
[0.401s] Level 1:colcon.colcon_core.package_identification:_identify(Lerobot_ros2/src/so101_follower_moveit) by extension 'ignore'
[0.401s] Level 1:colcon.colcon_core.package_identification:_identify(Lerobot_ros2/src/so101_follower_moveit) by extension 'ignore_ament_install'
[0.401s] Level 1:colcon.colcon_core.package_identification:_identify(Lerobot_ros2/src/so101_follower_moveit) by extensions ['colcon_pkg']
[0.401s] Level 1:colcon.colcon_core.package_identification:_identify(Lerobot_ros2/src/so101_follower_moveit) by extension 'colcon_pkg'
[0.401s] Level 1:colcon.colcon_core.package_identification:_identify(Lerobot_ros2/src/so101_follower_moveit) by extensions ['colcon_meta']
[0.401s] Level 1:colcon.colcon_core.package_identification:_identify(Lerobot_ros2/src/so101_follower_moveit) by extension 'colcon_meta'
[0.401s] Level 1:colcon.colcon_core.package_identification:_identify(Lerobot_ros2/src/so101_follower_moveit) by extensions ['ros']
[0.401s] Level 1:colcon.colcon_core.package_identification:_identify(Lerobot_ros2/src/so101_follower_moveit) by extension 'ros'
[0.402s] DEBUG:colcon.colcon_core.package_identification:Package 'Lerobot_ros2/src/so101_follower_moveit' with type 'ros.ament_cmake' and name 'so101_follower_moveit'
[0.402s] Level 1:colcon.colcon_core.package_identification:_identify(Lerobot_ros2/src/so101_hw_interface) by extensions ['ignore', 'ignore_ament_install']
[0.402s] Level 1:colcon.colcon_core.package_identification:_identify(Lerobot_ros2/src/so101_hw_interface) by extension 'ignore'
[0.402s] Level 1:colcon.colcon_core.package_identification:_identify(Lerobot_ros2/src/so101_hw_interface) by extension 'ignore_ament_install'
[0.402s] Level 1:colcon.colcon_core.package_identification:_identify(Lerobot_ros2/src/so101_hw_interface) by extensions ['colcon_pkg']
[0.402s] Level 1:colcon.colcon_core.package_identification:_identify(Lerobot_ros2/src/so101_hw_interface) by extension 'colcon_pkg'
[0.402s] Level 1:colcon.colcon_core.package_identification:_identify(Lerobot_ros2/src/so101_hw_interface) by extensions ['colcon_meta']
[0.402s] Level 1:colcon.colcon_core.package_identification:_identify(Lerobot_ros2/src/so101_hw_interface) by extension 'colcon_meta'
[0.402s] Level 1:colcon.colcon_core.package_identification:_identify(Lerobot_ros2/src/so101_hw_interface) by extensions ['ros']
[0.403s] Level 1:colcon.colcon_core.package_identification:_identify(Lerobot_ros2/src/so101_hw_interface) by extension 'ros'
[0.403s] DEBUG:colcon.colcon_core.package_identification:Package 'Lerobot_ros2/src/so101_hw_interface' with type 'ros.ament_python' and name 'so101_hw_interface'
[0.403s] Level 1:colcon.colcon_core.package_identification:_identify(Lerobot_ros2/src/topic_based_ros2_control) by extensions ['ignore', 'ignore_ament_install']
[0.403s] Level 1:colcon.colcon_core.package_identification:_identify(Lerobot_ros2/src/topic_based_ros2_control) by extension 'ignore'
[0.404s] Level 1:colcon.colcon_core.package_identification:_identify(Lerobot_ros2/src/topic_based_ros2_control) by extension 'ignore_ament_install'
[0.404s] Level 1:colcon.colcon_core.package_identification:_identify(Lerobot_ros2/src/topic_based_ros2_control) by extensions ['colcon_pkg']
[0.404s] Level 1:colcon.colcon_core.package_identification:_identify(Lerobot_ros2/src/topic_based_ros2_control) by extension 'colcon_pkg'
[0.404s] Level 1:colcon.colcon_core.package_identification:_identify(Lerobot_ros2/src/topic_based_ros2_control) by extensions ['colcon_meta']
[0.404s] Level 1:colcon.colcon_core.package_identification:_identify(Lerobot_ros2/src/topic_based_ros2_control) by extension 'colcon_meta'
[0.404s] Level 1:colcon.colcon_core.package_identification:_identify(Lerobot_ros2/src/topic_based_ros2_control) by extensions ['ros']
[0.404s] Level 1:colcon.colcon_core.package_identification:_identify(Lerobot_ros2/src/topic_based_ros2_control) by extension 'ros'
[0.404s] Level 1:colcon.colcon_core.package_identification:_identify(Lerobot_ros2/src/topic_based_ros2_control) by extensions ['cmake', 'python']
[0.404s] Level 1:colcon.colcon_core.package_identification:_identify(Lerobot_ros2/src/topic_based_ros2_control) by extension 'cmake'
[0.404s] Level 1:colcon.colcon_core.package_identification:_identify(Lerobot_ros2/src/topic_based_ros2_control) by extension 'python'
[0.404s] Level 1:colcon.colcon_core.package_identification:_identify(Lerobot_ros2/src/topic_based_ros2_control) by extensions ['python_setup_py']
[0.404s] Level 1:colcon.colcon_core.package_identification:_identify(Lerobot_ros2/src/topic_based_ros2_control) by extension 'python_setup_py'
[0.404s] Level 1:colcon.colcon_core.package_identification:_identify(build) by extensions ['ignore', 'ignore_ament_install']
[0.404s] Level 1:colcon.colcon_core.package_identification:_identify(build) by extension 'ignore'
[0.404s] Level 1:colcon.colcon_core.package_identification:_identify(build) ignored
[0.405s] Level 1:colcon.colcon_core.package_identification:_identify(install) by extensions ['ignore', 'ignore_ament_install']
[0.405s] Level 1:colcon.colcon_core.package_identification:_identify(install) by extension 'ignore'
[0.405s] Level 1:colcon.colcon_core.package_identification:_identify(install) ignored
[0.405s] Level 1:colcon.colcon_core.package_identification:_identify(log) by extensions ['ignore', 'ignore_ament_install']
[0.405s] Level 1:colcon.colcon_core.package_identification:_identify(log) by extension 'ignore'
[0.405s] Level 1:colcon.colcon_core.package_identification:_identify(log) ignored
[0.405s] Level 1:colcon.colcon_core.package_discovery:discover_packages(recursive) using defaults
[0.405s] Level 1:colcon.colcon_core.package_discovery:discover_packages(ignore) discover
[0.405s] Level 1:colcon.colcon_core.package_discovery:discover_packages(ignore) using defaults
[0.405s] Level 1:colcon.colcon_core.package_discovery:discover_packages(path) discover
[0.405s] Level 1:colcon.colcon_core.package_discovery:discover_packages(path) using defaults
[0.428s] Level 1:colcon.colcon_core.package_discovery:discover_packages(prefix_path) check parameters
[0.428s] Level 1:colcon.colcon_core.package_discovery:discover_packages(prefix_path) discover
[0.430s] DEBUG:colcon.colcon_installed_package_information.package_discovery:Found 3 installed packages in /home/robostep/robot_arm/install
[0.432s] DEBUG:colcon.colcon_installed_package_information.package_discovery:Found 405 installed packages in /opt/ros/iron
[0.434s] Level 1:colcon.colcon_core.package_discovery:discover_packages(prefix_path) using defaults
[0.492s] Level 5:colcon.colcon_core.verb:set package 'so101_follower_description' build argument 'cmake_args' from command line to 'None'
[0.493s] Level 5:colcon.colcon_core.verb:set package 'so101_follower_description' build argument 'cmake_target' from command line to 'None'
[0.493s] Level 5:colcon.colcon_core.verb:set package 'so101_follower_description' build argument 'cmake_target_skip_unavailable' from command line to 'False'
[0.493s] Level 5:colcon.colcon_core.verb:set package 'so101_follower_description' build argument 'cmake_clean_cache' from command line to 'False'
[0.493s] Level 5:colcon.colcon_core.verb:set package 'so101_follower_description' build argument 'cmake_clean_first' from command line to 'False'
[0.493s] Level 5:colcon.colcon_core.verb:set package 'so101_follower_description' build argument 'cmake_force_configure' from command line to 'False'
[0.493s] Level 5:colcon.colcon_core.verb:set package 'so101_follower_description' build argument 'ament_cmake_args' from command line to 'None'
[0.493s] Level 5:colcon.colcon_core.verb:set package 'so101_follower_description' build argument 'catkin_cmake_args' from command line to 'None'
[0.493s] Level 5:colcon.colcon_core.verb:set package 'so101_follower_description' build argument 'catkin_skip_building_tests' from command line to 'False'
[0.493s] DEBUG:colcon.colcon_core.verb:Building package 'so101_follower_description' with the following arguments: {'ament_cmake_args': None, 'build_base': '/home/robostep/robot_arm/build/so101_follower_description', 'catkin_cmake_args': None, 'catkin_skip_building_tests': False, 'cmake_args': None, 'cmake_clean_cache': False, 'cmake_clean_first': False, 'cmake_force_configure': False, 'cmake_target': None, 'cmake_target_skip_unavailable': False, 'install_base': '/home/robostep/robot_arm/install/so101_follower_description', 'merge_install': False, 'path': '/home/robostep/robot_arm/Lerobot_ros2/src/so101_follower_description', 'symlink_install': True, 'test_result_base': None}
[0.493s] Level 5:colcon.colcon_core.verb:set package 'so101_hw_interface' build argument 'cmake_args' from command line to 'None'
[0.493s] Level 5:colcon.colcon_core.verb:set package 'so101_hw_interface' build argument 'cmake_target' from command line to 'None'
[0.493s] Level 5:colcon.colcon_core.verb:set package 'so101_hw_interface' build argument 'cmake_target_skip_unavailable' from command line to 'False'
[0.493s] Level 5:colcon.colcon_core.verb:set package 'so101_hw_interface' build argument 'cmake_clean_cache' from command line to 'False'
[0.493s] Level 5:colcon.colcon_core.verb:set package 'so101_hw_interface' build argument 'cmake_clean_first' from command line to 'False'
[0.493s] Level 5:colcon.colcon_core.verb:set package 'so101_hw_interface' build argument 'cmake_force_configure' from command line to 'False'
[0.493s] Level 5:colcon.colcon_core.verb:set package 'so101_hw_interface' build argument 'ament_cmake_args' from command line to 'None'
[0.493s] Level 5:colcon.colcon_core.verb:set package 'so101_hw_interface' build argument 'catkin_cmake_args' from command line to 'None'
[0.493s] Level 5:colcon.colcon_core.verb:set package 'so101_hw_interface' build argument 'catkin_skip_building_tests' from command line to 'False'
[0.493s] DEBUG:colcon.colcon_core.verb:Building package 'so101_hw_interface' with the following arguments: {'ament_cmake_args': None, 'build_base': '/home/robostep/robot_arm/build/so101_hw_interface', 'catkin_cmake_args': None, 'catkin_skip_building_tests': False, 'cmake_args': None, 'cmake_clean_cache': False, 'cmake_clean_first': False, 'cmake_force_configure': False, 'cmake_target': None, 'cmake_target_skip_unavailable': False, 'install_base': '/home/robostep/robot_arm/install/so101_hw_interface', 'merge_install': False, 'path': '/home/robostep/robot_arm/Lerobot_ros2/src/so101_hw_interface', 'symlink_install': True, 'test_result_base': None}
[0.494s] Level 5:colcon.colcon_core.verb:set package 'so101_follower_moveit' build argument 'cmake_args' from command line to 'None'
[0.494s] Level 5:colcon.colcon_core.verb:set package 'so101_follower_moveit' build argument 'cmake_target' from command line to 'None'
[0.494s] Level 5:colcon.colcon_core.verb:set package 'so101_follower_moveit' build argument 'cmake_target_skip_unavailable' from command line to 'False'
[0.494s] Level 5:colcon.colcon_core.verb:set package 'so101_follower_moveit' build argument 'cmake_clean_cache' from command line to 'False'
[0.494s] Level 5:colcon.colcon_core.verb:set package 'so101_follower_moveit' build argument 'cmake_clean_first' from command line to 'False'
[0.494s] Level 5:colcon.colcon_core.verb:set package 'so101_follower_moveit' build argument 'cmake_force_configure' from command line to 'False'
[0.494s] Level 5:colcon.colcon_core.verb:set package 'so101_follower_moveit' build argument 'ament_cmake_args' from command line to 'None'
[0.494s] Level 5:colcon.colcon_core.verb:set package 'so101_follower_moveit' build argument 'catkin_cmake_args' from command line to 'None'
[0.494s] Level 5:colcon.colcon_core.verb:set package 'so101_follower_moveit' build argument 'catkin_skip_building_tests' from command line to 'False'
[0.494s] DEBUG:colcon.colcon_core.verb:Building package 'so101_follower_moveit' with the following arguments: {'ament_cmake_args': None, 'build_base': '/home/robostep/robot_arm/build/so101_follower_moveit', 'catkin_cmake_args': None, 'catkin_skip_building_tests': False, 'cmake_args': None, 'cmake_clean_cache': False, 'cmake_clean_first': False, 'cmake_force_configure': False, 'cmake_target': None, 'cmake_target_skip_unavailable': False, 'install_base': '/home/robostep/robot_arm/install/so101_follower_moveit', 'merge_install': False, 'path': '/home/robostep/robot_arm/Lerobot_ros2/src/so101_follower_moveit', 'symlink_install': True, 'test_result_base': None}
[0.494s] INFO:colcon.colcon_core.executor:Executing jobs using 'parallel' executor
[0.495s] DEBUG:colcon.colcon_parallel_executor.executor.parallel:run_until_complete
[0.495s] INFO:colcon.colcon_ros.task.ament_cmake.build:Building ROS package in '/home/robostep/robot_arm/Lerobot_ros2/src/so101_follower_description' with build type 'ament_cmake'
[0.495s] INFO:colcon.colcon_cmake.task.cmake.build:Building CMake package in '/home/robostep/robot_arm/Lerobot_ros2/src/so101_follower_description'
[0.498s] INFO:colcon.colcon_core.plugin_system:Skipping extension 'colcon_core.shell.bat': Not used on non-Windows systems
[0.498s] INFO:colcon.colcon_core.shell:Skip shell extension 'powershell' for command environment: Not usable outside of PowerShell
[0.498s] DEBUG:colcon.colcon_core.shell:Skip shell extension 'dsv' for command environment
[0.502s] INFO:colcon.colcon_ros.task.ament_python.build:Building ROS package in '/home/robostep/robot_arm/Lerobot_ros2/src/so101_hw_interface' with build type 'ament_python'
[0.502s] Level 1:colcon.colcon_core.shell:create_environment_hook('so101_hw_interface', 'ament_prefix_path')
[0.502s] INFO:colcon.colcon_core.shell:Creating environment hook '/home/robostep/robot_arm/install/so101_hw_interface/share/so101_hw_interface/hook/ament_prefix_path.ps1'
[0.503s] INFO:colcon.colcon_core.shell:Creating environment descriptor '/home/robostep/robot_arm/install/so101_hw_interface/share/so101_hw_interface/hook/ament_prefix_path.dsv'
[0.503s] INFO:colcon.colcon_core.shell:Creating environment hook '/home/robostep/robot_arm/install/so101_hw_interface/share/so101_hw_interface/hook/ament_prefix_path.sh'
[0.504s] INFO:colcon.colcon_core.shell:Skip shell extension 'powershell' for command environment: Not usable outside of PowerShell
[0.504s] DEBUG:colcon.colcon_core.shell:Skip shell extension 'dsv' for command environment
[0.512s] DEBUG:colcon.colcon_core.event_handler.log_command:Invoking command in '/home/robostep/robot_arm/build/so101_follower_description': CMAKE_PREFIX_PATH=${CMAKE_PREFIX_PATH}:/home/robostep/robot_arm/install/so101_hw_interface:/opt/ros/iron /usr/bin/cmake --build /home/robostep/robot_arm/build/so101_follower_description -- -j8 -l8
[0.854s] INFO:colcon.colcon_core.task.python.build:Building Python package in '/home/robostep/robot_arm/Lerobot_ros2/src/so101_hw_interface'
[0.854s] INFO:colcon.colcon_core.shell:Skip shell extension 'powershell' for command environment: Not usable outside of PowerShell
[0.854s] DEBUG:colcon.colcon_core.shell:Skip shell extension 'dsv' for command environment
[0.860s] DEBUG:colcon.colcon_core.event_handler.log_command:Invoked command in '/home/robostep/robot_arm/build/so101_follower_description' returned '0': CMAKE_PREFIX_PATH=${CMAKE_PREFIX_PATH}:/home/robostep/robot_arm/install/so101_hw_interface:/opt/ros/iron /usr/bin/cmake --build /home/robostep/robot_arm/build/so101_follower_description -- -j8 -l8
[0.871s] DEBUG:colcon.colcon_core.event_handler.log_command:Invoking command in '/home/robostep/robot_arm/build/so101_follower_description': CMAKE_PREFIX_PATH=${CMAKE_PREFIX_PATH}:/home/robostep/robot_arm/install/so101_hw_interface:/opt/ros/iron /usr/bin/cmake --install /home/robostep/robot_arm/build/so101_follower_description
[0.900s] Level 1:colcon.colcon_core.environment:create_environment_scripts_only(so101_follower_description)
[0.901s] DEBUG:colcon.colcon_core.event_handler.log_command:Invoked command in '/home/robostep/robot_arm/build/so101_follower_description' returned '0': CMAKE_PREFIX_PATH=${CMAKE_PREFIX_PATH}:/home/robostep/robot_arm/install/so101_hw_interface:/opt/ros/iron /usr/bin/cmake --install /home/robostep/robot_arm/build/so101_follower_description
[0.903s] Level 1:colcon.colcon_core.environment:checking '/home/robostep/robot_arm/install/so101_follower_description' for CMake module files
[0.903s] Level 1:colcon.colcon_core.environment:checking '/home/robostep/robot_arm/install/so101_follower_description' for CMake config files
[0.904s] Level 1:colcon.colcon_core.shell:create_environment_hook('so101_follower_description', 'cmake_prefix_path')
[0.904s] INFO:colcon.colcon_core.shell:Creating environment hook '/home/robostep/robot_arm/install/so101_follower_description/share/so101_follower_description/hook/cmake_prefix_path.ps1'
[0.904s] INFO:colcon.colcon_core.shell:Creating environment descriptor '/home/robostep/robot_arm/install/so101_follower_description/share/so101_follower_description/hook/cmake_prefix_path.dsv'
[0.905s] INFO:colcon.colcon_core.shell:Creating environment hook '/home/robostep/robot_arm/install/so101_follower_description/share/so101_follower_description/hook/cmake_prefix_path.sh'
[0.906s] Level 1:colcon.colcon_core.environment:checking '/home/robostep/robot_arm/install/so101_follower_description/bin'
[0.906s] Level 1:colcon.colcon_core.environment:checking '/home/robostep/robot_arm/install/so101_follower_description/lib/pkgconfig/so101_follower_description.pc'
[0.906s] Level 1:colcon.colcon_core.environment:checking '/home/robostep/robot_arm/install/so101_follower_description/lib/python3.10/site-packages'
[0.906s] Level 1:colcon.colcon_core.environment:checking '/home/robostep/robot_arm/install/so101_follower_description/bin'
[0.907s] INFO:colcon.colcon_core.shell:Creating package script '/home/robostep/robot_arm/install/so101_follower_description/share/so101_follower_description/package.ps1'
[0.907s] INFO:colcon.colcon_core.shell:Creating package descriptor '/home/robostep/robot_arm/install/so101_follower_description/share/so101_follower_description/package.dsv'
[0.908s] INFO:colcon.colcon_core.shell:Creating package script '/home/robostep/robot_arm/install/so101_follower_description/share/so101_follower_description/package.sh'
[0.909s] INFO:colcon.colcon_core.shell:Creating package script '/home/robostep/robot_arm/install/so101_follower_description/share/so101_follower_description/package.bash'
[0.910s] INFO:colcon.colcon_core.shell:Creating package script '/home/robostep/robot_arm/install/so101_follower_description/share/so101_follower_description/package.zsh'
[0.910s] Level 1:colcon.colcon_core.environment:create_file_with_runtime_dependencies(/home/robostep/robot_arm/install/so101_follower_description/share/colcon-core/packages/so101_follower_description)
[0.911s] Level 1:colcon.colcon_core.environment:create_environment_scripts_only(so101_follower_description)
[0.911s] Level 1:colcon.colcon_core.environment:checking '/home/robostep/robot_arm/install/so101_follower_description' for CMake module files
[0.912s] Level 1:colcon.colcon_core.environment:checking '/home/robostep/robot_arm/install/so101_follower_description' for CMake config files
[0.912s] Level 1:colcon.colcon_core.shell:create_environment_hook('so101_follower_description', 'cmake_prefix_path')
[0.912s] INFO:colcon.colcon_core.shell:Creating environment hook '/home/robostep/robot_arm/install/so101_follower_description/share/so101_follower_description/hook/cmake_prefix_path.ps1'
[0.913s] INFO:colcon.colcon_core.shell:Creating environment descriptor '/home/robostep/robot_arm/install/so101_follower_description/share/so101_follower_description/hook/cmake_prefix_path.dsv'
[0.913s] INFO:colcon.colcon_core.shell:Creating environment hook '/home/robostep/robot_arm/install/so101_follower_description/share/so101_follower_description/hook/cmake_prefix_path.sh'
[0.914s] Level 1:colcon.colcon_core.environment:checking '/home/robostep/robot_arm/install/so101_follower_description/bin'
[0.914s] Level 1:colcon.colcon_core.environment:checking '/home/robostep/robot_arm/install/so101_follower_description/lib/pkgconfig/so101_follower_description.pc'
[0.914s] Level 1:colcon.colcon_core.environment:checking '/home/robostep/robot_arm/install/so101_follower_description/lib/python3.10/site-packages'
[0.915s] Level 1:colcon.colcon_core.environment:checking '/home/robostep/robot_arm/install/so101_follower_description/bin'
[0.915s] INFO:colcon.colcon_core.shell:Creating package script '/home/robostep/robot_arm/install/so101_follower_description/share/so101_follower_description/package.ps1'
[0.915s] INFO:colcon.colcon_core.shell:Creating package descriptor '/home/robostep/robot_arm/install/so101_follower_description/share/so101_follower_description/package.dsv'
[0.916s] INFO:colcon.colcon_core.shell:Creating package script '/home/robostep/robot_arm/install/so101_follower_description/share/so101_follower_description/package.sh'
[0.916s] INFO:colcon.colcon_core.shell:Creating package script '/home/robostep/robot_arm/install/so101_follower_description/share/so101_follower_description/package.bash'
[0.917s] INFO:colcon.colcon_core.shell:Creating package script '/home/robostep/robot_arm/install/so101_follower_description/share/so101_follower_description/package.zsh'
[0.917s] Level 1:colcon.colcon_core.environment:create_file_with_runtime_dependencies(/home/robostep/robot_arm/install/so101_follower_description/share/colcon-core/packages/so101_follower_description)
[0.918s] INFO:colcon.colcon_ros.task.ament_cmake.build:Building ROS package in '/home/robostep/robot_arm/Lerobot_ros2/src/so101_follower_moveit' with build type 'ament_cmake'
[0.918s] INFO:colcon.colcon_cmake.task.cmake.build:Building CMake package in '/home/robostep/robot_arm/Lerobot_ros2/src/so101_follower_moveit'
[0.918s] INFO:colcon.colcon_core.shell:Skip shell extension 'powershell' for command environment: Not usable outside of PowerShell
[0.918s] DEBUG:colcon.colcon_core.shell:Skip shell extension 'dsv' for command environment
[0.929s] DEBUG:colcon.colcon_core.event_handler.log_command:Invoking command in '/home/robostep/robot_arm/build/so101_follower_moveit': CMAKE_PREFIX_PATH=/home/robostep/robot_arm/install/so101_follower_description:/home/robostep/robot_arm/install/so101_follower_moveit:/home/robostep/robot_arm/install/so101_hw_interface:/opt/ros/iron /usr/bin/cmake --build /home/robostep/robot_arm/build/so101_follower_moveit -- -j8 -l8
[0.970s] DEBUG:colcon.colcon_core.event_handler.log_command:Invoked command in '/home/robostep/robot_arm/build/so101_follower_moveit' returned '0': CMAKE_PREFIX_PATH=/home/robostep/robot_arm/install/so101_follower_description:/home/robostep/robot_arm/install/so101_follower_moveit:/home/robostep/robot_arm/install/so101_hw_interface:/opt/ros/iron /usr/bin/cmake --build /home/robostep/robot_arm/build/so101_follower_moveit -- -j8 -l8
[0.972s] DEBUG:colcon.colcon_core.event_handler.log_command:Invoking command in '/home/robostep/robot_arm/build/so101_follower_moveit': CMAKE_PREFIX_PATH=/home/robostep/robot_arm/install/so101_follower_description:/home/robostep/robot_arm/install/so101_follower_moveit:/home/robostep/robot_arm/install/so101_hw_interface:/opt/ros/iron /usr/bin/cmake --install /home/robostep/robot_arm/build/so101_follower_moveit
[1.000s] Level 1:colcon.colcon_core.environment:create_environment_scripts_only(so101_follower_moveit)
[1.001s] Level 1:colcon.colcon_core.environment:checking '/home/robostep/robot_arm/install/so101_follower_moveit' for CMake module files
[1.001s] DEBUG:colcon.colcon_core.event_handler.log_command:Invoked command in '/home/robostep/robot_arm/build/so101_follower_moveit' returned '0': CMAKE_PREFIX_PATH=/home/robostep/robot_arm/install/so101_follower_description:/home/robostep/robot_arm/install/so101_follower_moveit:/home/robostep/robot_arm/install/so101_hw_interface:/opt/ros/iron /usr/bin/cmake --install /home/robostep/robot_arm/build/so101_follower_moveit
[1.002s] Level 1:colcon.colcon_core.environment:checking '/home/robostep/robot_arm/install/so101_follower_moveit' for CMake config files
[1.002s] Level 1:colcon.colcon_core.shell:create_environment_hook('so101_follower_moveit', 'cmake_prefix_path')
[1.003s] INFO:colcon.colcon_core.shell:Creating environment hook '/home/robostep/robot_arm/install/so101_follower_moveit/share/so101_follower_moveit/hook/cmake_prefix_path.ps1'
[1.003s] INFO:colcon.colcon_core.shell:Creating environment descriptor '/home/robostep/robot_arm/install/so101_follower_moveit/share/so101_follower_moveit/hook/cmake_prefix_path.dsv'
[1.004s] INFO:colcon.colcon_core.shell:Creating environment hook '/home/robostep/robot_arm/install/so101_follower_moveit/share/so101_follower_moveit/hook/cmake_prefix_path.sh'
[1.004s] Level 1:colcon.colcon_core.environment:checking '/home/robostep/robot_arm/install/so101_follower_moveit/bin'
[1.004s] Level 1:colcon.colcon_core.environment:checking '/home/robostep/robot_arm/install/so101_follower_moveit/lib/pkgconfig/so101_follower_moveit.pc'
[1.004s] Level 1:colcon.colcon_core.environment:checking '/home/robostep/robot_arm/install/so101_follower_moveit/lib/python3.10/site-packages'
[1.005s] Level 1:colcon.colcon_core.environment:checking '/home/robostep/robot_arm/install/so101_follower_moveit/bin'
[1.005s] INFO:colcon.colcon_core.shell:Creating package script '/home/robostep/robot_arm/install/so101_follower_moveit/share/so101_follower_moveit/package.ps1'
[1.005s] INFO:colcon.colcon_core.shell:Creating package descriptor '/home/robostep/robot_arm/install/so101_follower_moveit/share/so101_follower_moveit/package.dsv'
[1.006s] INFO:colcon.colcon_core.shell:Creating package script '/home/robostep/robot_arm/install/so101_follower_moveit/share/so101_follower_moveit/package.sh'
[1.006s] INFO:colcon.colcon_core.shell:Creating package script '/home/robostep/robot_arm/install/so101_follower_moveit/share/so101_follower_moveit/package.bash'
[1.006s] INFO:colcon.colcon_core.shell:Creating package script '/home/robostep/robot_arm/install/so101_follower_moveit/share/so101_follower_moveit/package.zsh'
[1.007s] Level 1:colcon.colcon_core.environment:create_file_with_runtime_dependencies(/home/robostep/robot_arm/install/so101_follower_moveit/share/colcon-core/packages/so101_follower_moveit)
[1.008s] Level 1:colcon.colcon_core.environment:create_environment_scripts_only(so101_follower_moveit)
[1.008s] Level 1:colcon.colcon_core.environment:checking '/home/robostep/robot_arm/install/so101_follower_moveit' for CMake module files
[1.009s] Level 1:colcon.colcon_core.environment:checking '/home/robostep/robot_arm/install/so101_follower_moveit' for CMake config files
[1.009s] Level 1:colcon.colcon_core.shell:create_environment_hook('so101_follower_moveit', 'cmake_prefix_path')
[1.010s] INFO:colcon.colcon_core.shell:Creating environment hook '/home/robostep/robot_arm/install/so101_follower_moveit/share/so101_follower_moveit/hook/cmake_prefix_path.ps1'
[1.017s] INFO:colcon.colcon_core.shell:Creating environment descriptor '/home/robostep/robot_arm/install/so101_follower_moveit/share/so101_follower_moveit/hook/cmake_prefix_path.dsv'
[1.017s] INFO:colcon.colcon_core.shell:Creating environment hook '/home/robostep/robot_arm/install/so101_follower_moveit/share/so101_follower_moveit/hook/cmake_prefix_path.sh'
[1.018s] Level 1:colcon.colcon_core.environment:checking '/home/robostep/robot_arm/install/so101_follower_moveit/bin'
[1.018s] Level 1:colcon.colcon_core.environment:checking '/home/robostep/robot_arm/install/so101_follower_moveit/lib/pkgconfig/so101_follower_moveit.pc'
[1.018s] Level 1:colcon.colcon_core.environment:checking '/home/robostep/robot_arm/install/so101_follower_moveit/lib/python3.10/site-packages'
[1.019s] Level 1:colcon.colcon_core.environment:checking '/home/robostep/robot_arm/install/so101_follower_moveit/bin'
[1.019s] INFO:colcon.colcon_core.shell:Creating package script '/home/robostep/robot_arm/install/so101_follower_moveit/share/so101_follower_moveit/package.ps1'
[1.019s] INFO:colcon.colcon_core.shell:Creating package descriptor '/home/robostep/robot_arm/install/so101_follower_moveit/share/so101_follower_moveit/package.dsv'
[1.020s] INFO:colcon.colcon_core.shell:Creating package script '/home/robostep/robot_arm/install/so101_follower_moveit/share/so101_follower_moveit/package.sh'
[1.020s] INFO:colcon.colcon_core.shell:Creating package script '/home/robostep/robot_arm/install/so101_follower_moveit/share/so101_follower_moveit/package.bash'
[1.021s] INFO:colcon.colcon_core.shell:Creating package script '/home/robostep/robot_arm/install/so101_follower_moveit/share/so101_follower_moveit/package.zsh'
[1.021s] Level 1:colcon.colcon_core.environment:create_file_with_runtime_dependencies(/home/robostep/robot_arm/install/so101_follower_moveit/share/colcon-core/packages/so101_follower_moveit)
[1.342s] DEBUG:colcon.colcon_core.event_handler.log_command:Invoking command in '/home/robostep/robot_arm/build/so101_hw_interface': PYTHONPATH=/home/robostep/robot_arm/build/so101_hw_interface/prefix_override:/usr/lib/python3/dist-packages/colcon_core/task/python/colcon_distutils_commands:/home/robostep/robot_arm/install/so101_hw_interface/lib/python3.10/site-packages:${PYTHONPATH} /usr/bin/python3 -W ignore:setup.py install is deprecated -W ignore:easy_install command is deprecated setup.py develop --editable --build-directory /home/robostep/robot_arm/build/so101_hw_interface/build --no-deps symlink_data
[2.002s] Level 1:colcon.colcon_core.shell:create_environment_hook('so101_hw_interface', 'pythonpath_develop')
[2.002s] INFO:colcon.colcon_core.shell:Creating environment hook '/home/robostep/robot_arm/build/so101_hw_interface/share/so101_hw_interface/hook/pythonpath_develop.ps1'
[2.003s] DEBUG:colcon.colcon_core.event_handler.log_command:Invoked command in '/home/robostep/robot_arm/build/so101_hw_interface' returned '0': PYTHONPATH=/home/robostep/robot_arm/build/so101_hw_interface/prefix_override:/usr/lib/python3/dist-packages/colcon_core/task/python/colcon_distutils_commands:/home/robostep/robot_arm/install/so101_hw_interface/lib/python3.10/site-packages:${PYTHONPATH} /usr/bin/python3 -W ignore:setup.py install is deprecated -W ignore:easy_install command is deprecated setup.py develop --editable --build-directory /home/robostep/robot_arm/build/so101_hw_interface/build --no-deps symlink_data
[2.004s] INFO:colcon.colcon_core.shell:Creating environment descriptor '/home/robostep/robot_arm/build/so101_hw_interface/share/so101_hw_interface/hook/pythonpath_develop.dsv'
[2.004s] INFO:colcon.colcon_core.shell:Creating environment hook '/home/robostep/robot_arm/build/so101_hw_interface/share/so101_hw_interface/hook/pythonpath_develop.sh'
[2.005s] Level 1:colcon.colcon_core.environment:checking '/home/robostep/robot_arm/install/so101_hw_interface' for CMake module files
[2.005s] Level 1:colcon.colcon_core.environment:checking '/home/robostep/robot_arm/install/so101_hw_interface' for CMake config files
[2.006s] Level 1:colcon.colcon_core.environment:checking '/home/robostep/robot_arm/install/so101_hw_interface/lib'
[2.007s] Level 1:colcon.colcon_core.environment:checking '/home/robostep/robot_arm/install/so101_hw_interface/bin'
[2.007s] Level 1:colcon.colcon_core.shell:create_environment_hook('so101_hw_interface', 'path')
[2.007s] INFO:colcon.colcon_core.shell:Creating environment hook '/home/robostep/robot_arm/install/so101_hw_interface/share/so101_hw_interface/hook/path.ps1'
[2.008s] INFO:colcon.colcon_core.shell:Creating environment descriptor '/home/robostep/robot_arm/install/so101_hw_interface/share/so101_hw_interface/hook/path.dsv'
[2.008s] INFO:colcon.colcon_core.shell:Creating environment hook '/home/robostep/robot_arm/install/so101_hw_interface/share/so101_hw_interface/hook/path.sh'
[2.009s] Level 1:colcon.colcon_core.environment:checking '/home/robostep/robot_arm/install/so101_hw_interface/lib/pkgconfig/so101_hw_interface.pc'
[2.009s] Level 1:colcon.colcon_core.environment:checking '/home/robostep/robot_arm/install/so101_hw_interface/lib/python3.10/site-packages'
[2.009s] Level 1:colcon.colcon_core.shell:create_environment_hook('so101_hw_interface', 'pythonpath')
[2.010s] INFO:colcon.colcon_core.shell:Creating environment hook '/home/robostep/robot_arm/install/so101_hw_interface/share/so101_hw_interface/hook/pythonpath.ps1'
[2.010s] INFO:colcon.colcon_core.shell:Creating environment descriptor '/home/robostep/robot_arm/install/so101_hw_interface/share/so101_hw_interface/hook/pythonpath.dsv'
[2.011s] INFO:colcon.colcon_core.shell:Creating environment hook '/home/robostep/robot_arm/install/so101_hw_interface/share/so101_hw_interface/hook/pythonpath.sh'
[2.012s] Level 1:colcon.colcon_core.environment:checking '/home/robostep/robot_arm/install/so101_hw_interface/bin'
[2.012s] Level 1:colcon.colcon_core.shell:create_environment_hook('so101_hw_interface', 'pythonscriptspath')
[2.012s] INFO:colcon.colcon_core.shell:Creating environment hook '/home/robostep/robot_arm/install/so101_hw_interface/share/so101_hw_interface/hook/pythonscriptspath.ps1'
[2.013s] INFO:colcon.colcon_core.shell:Creating environment descriptor '/home/robostep/robot_arm/install/so101_hw_interface/share/so101_hw_interface/hook/pythonscriptspath.dsv'
[2.013s] INFO:colcon.colcon_core.shell:Creating environment hook '/home/robostep/robot_arm/install/so101_hw_interface/share/so101_hw_interface/hook/pythonscriptspath.sh'
[2.014s] Level 1:colcon.colcon_core.environment:create_environment_scripts_only(so101_hw_interface)
[2.015s] INFO:colcon.colcon_core.shell:Creating package script '/home/robostep/robot_arm/install/so101_hw_interface/share/so101_hw_interface/package.ps1'
[2.016s] INFO:colcon.colcon_core.shell:Creating package descriptor '/home/robostep/robot_arm/install/so101_hw_interface/share/so101_hw_interface/package.dsv'
[2.016s] INFO:colcon.colcon_core.shell:Creating package script '/home/robostep/robot_arm/install/so101_hw_interface/share/so101_hw_interface/package.sh'
[2.017s] INFO:colcon.colcon_core.shell:Creating package script '/home/robostep/robot_arm/install/so101_hw_interface/share/so101_hw_interface/package.bash'
[2.018s] INFO:colcon.colcon_core.shell:Creating package script '/home/robostep/robot_arm/install/so101_hw_interface/share/so101_hw_interface/package.zsh'
[2.018s] Level 1:colcon.colcon_core.environment:create_file_with_runtime_dependencies(/home/robostep/robot_arm/install/so101_hw_interface/share/colcon-core/packages/so101_hw_interface)
[2.019s] DEBUG:colcon.colcon_parallel_executor.executor.parallel:closing loop
[2.019s] DEBUG:colcon.colcon_parallel_executor.executor.parallel:loop closed
[2.019s] DEBUG:colcon.colcon_parallel_executor.executor.parallel:run_until_complete finished with '0'
[2.019s] DEBUG:colcon.colcon_core.event_reactor:joining thread
[2.025s] INFO:colcon.colcon_core.plugin_system:Skipping extension 'colcon_notification.desktop_notification.terminal_notifier': Not used on non-Darwin systems
[2.025s] INFO:colcon.colcon_core.plugin_system:Skipping extension 'colcon_notification.desktop_notification.win32': Not used on non-Windows systems
[2.025s] INFO:colcon.colcon_notification.desktop_notification:Sending desktop notification using 'notify2'
[2.038s] DEBUG:colcon.colcon_core.event_reactor:joined thread
[2.038s] INFO:colcon.colcon_core.shell:Creating prefix script '/home/robostep/robot_arm/install/local_setup.ps1'
[2.039s] INFO:colcon.colcon_core.shell:Creating prefix util module '/home/robostep/robot_arm/install/_local_setup_util_ps1.py'
[2.042s] INFO:colcon.colcon_core.shell:Creating prefix chain script '/home/robostep/robot_arm/install/setup.ps1'
[2.044s] INFO:colcon.colcon_core.shell:Creating prefix script '/home/robostep/robot_arm/install/local_setup.sh'
[2.044s] INFO:colcon.colcon_core.shell:Creating prefix util module '/home/robostep/robot_arm/install/_local_setup_util_sh.py'
[2.045s] INFO:colcon.colcon_core.shell:Creating prefix chain script '/home/robostep/robot_arm/install/setup.sh'
[2.046s] INFO:colcon.colcon_core.shell:Creating prefix script '/home/robostep/robot_arm/install/local_setup.bash'
[2.047s] INFO:colcon.colcon_core.shell:Creating prefix chain script '/home/robostep/robot_arm/install/setup.bash'
[2.048s] INFO:colcon.colcon_core.shell:Creating prefix script '/home/robostep/robot_arm/install/local_setup.zsh'
[2.049s] INFO:colcon.colcon_core.shell:Creating prefix chain script '/home/robostep/robot_arm/install/setup.zsh'
