running egg_info
writing ../../../build/so101_hw_interface/so101_hw_interface.egg-info/PKG-INFO
writing dependency_links to ../../../build/so101_hw_interface/so101_hw_interface.egg-info/dependency_links.txt
writing entry points to ../../../build/so101_hw_interface/so101_hw_interface.egg-info/entry_points.txt
writing requirements to ../../../build/so101_hw_interface/so101_hw_interface.egg-info/requires.txt
writing top-level names to ../../../build/so101_hw_interface/so101_hw_interface.egg-info/top_level.txt
reading manifest file '../../../build/so101_hw_interface/so101_hw_interface.egg-info/SOURCES.txt'
writing manifest file '../../../build/so101_hw_interface/so101_hw_interface.egg-info/SOURCES.txt'
running build
running build_py
running install
running install_lib
running install_data
copying config/so101_calibration.yaml -> /home/robostep/robot_arm/install/so101_hw_interface/share/so101_hw_interface/config
running install_egg_info
removing '/home/robostep/robot_arm/install/so101_hw_interface/lib/python3.10/site-packages/so101_hw_interface-0.0.0-py3.10.egg-info' (and everything under it)
Copying ../../../build/so101_hw_interface/so101_hw_interface.egg-info to /home/robostep/robot_arm/install/so101_hw_interface/lib/python3.10/site-packages/so101_hw_interface-0.0.0-py3.10.egg-info
running install_scripts
Installing so101_calibrate script to /home/robostep/robot_arm/install/so101_hw_interface/bin
Installing so101_motor_bridge script to /home/robostep/robot_arm/install/so101_hw_interface/bin
Installing so101_read_steps script to /home/robostep/robot_arm/install/so101_hw_interface/bin
writing list of installed files to '/home/robostep/robot_arm/build/so101_hw_interface/install.log'
