[0.851s] Invoking command in '/home/robostep/robot_arm/Lerobot_ros2/src/so101_hw_interface': PYTHONPATH=/home/robostep/robot_arm/build/so101_hw_interface/prefix_override:/usr/lib/python3/dist-packages/colcon_core/task/python/colcon_distutils_commands:/home/robostep/robot_arm/install/so101_hw_interface/lib/python3.10/site-packages:${PYTHONPATH} /usr/bin/python3 -W ignore:setup.py install is deprecated -W ignore:easy_install command is deprecated setup.py egg_info --egg-base ../../../build/so101_hw_interface build --build-base /home/robostep/robot_arm/build/so101_hw_interface/build install --record /home/robostep/robot_arm/build/so101_hw_interface/install.log --single-version-externally-managed install_data
[1.162s] running egg_info
[1.162s] writing ../../../build/so101_hw_interface/so101_hw_interface.egg-info/PKG-INFO
[1.163s] writing dependency_links to ../../../build/so101_hw_interface/so101_hw_interface.egg-info/dependency_links.txt
[1.163s] writing entry points to ../../../build/so101_hw_interface/so101_hw_interface.egg-info/entry_points.txt
[1.163s] writing requirements to ../../../build/so101_hw_interface/so101_hw_interface.egg-info/requires.txt
[1.163s] writing top-level names to ../../../build/so101_hw_interface/so101_hw_interface.egg-info/top_level.txt
[1.165s] reading manifest file '../../../build/so101_hw_interface/so101_hw_interface.egg-info/SOURCES.txt'
[1.167s] writing manifest file '../../../build/so101_hw_interface/so101_hw_interface.egg-info/SOURCES.txt'
[1.167s] running build
[1.167s] running build_py
[1.168s] running install
[1.168s] running install_lib
[1.170s] running install_data
[1.171s] copying config/so101_calibration.yaml -> /home/robostep/robot_arm/install/so101_hw_interface/share/so101_hw_interface/config
[1.171s] running install_egg_info
[1.173s] removing '/home/robostep/robot_arm/install/so101_hw_interface/lib/python3.10/site-packages/so101_hw_interface-0.0.0-py3.10.egg-info' (and everything under it)
[1.173s] Copying ../../../build/so101_hw_interface/so101_hw_interface.egg-info to /home/robostep/robot_arm/install/so101_hw_interface/lib/python3.10/site-packages/so101_hw_interface-0.0.0-py3.10.egg-info
[1.174s] running install_scripts
[1.195s] Installing so101_calibrate script to /home/robostep/robot_arm/install/so101_hw_interface/bin
[1.195s] Installing so101_motor_bridge script to /home/robostep/robot_arm/install/so101_hw_interface/bin
[1.196s] Installing so101_read_steps script to /home/robostep/robot_arm/install/so101_hw_interface/bin
[1.196s] writing list of installed files to '/home/robostep/robot_arm/build/so101_hw_interface/install.log'
[1.222s] Invoked command in '/home/robostep/robot_arm/Lerobot_ros2/src/so101_hw_interface' returned '0': PYTHONPATH=/home/robostep/robot_arm/build/so101_hw_interface/prefix_override:/usr/lib/python3/dist-packages/colcon_core/task/python/colcon_distutils_commands:/home/robostep/robot_arm/install/so101_hw_interface/lib/python3.10/site-packages:${PYTHONPATH} /usr/bin/python3 -W ignore:setup.py install is deprecated -W ignore:easy_install command is deprecated setup.py egg_info --egg-base ../../../build/so101_hw_interface build --build-base /home/robostep/robot_arm/build/so101_hw_interface/build install --record /home/robostep/robot_arm/build/so101_hw_interface/install.log --single-version-externally-managed install_data
