[0.018s] Invoking command in '/home/robostep/robot_arm/build/so101_follower_description': CMAKE_PREFIX_PATH=${CMAKE_PREFIX_PATH}:/home/robostep/robot_arm/install/so101_hw_interface:/opt/ros/iron /usr/bin/cmake /home/robostep/robot_arm/Lerobot_ros2/src/so101_follower_description -DAMENT_CMAKE_SYMLINK_INSTALL=1 -DCMAKE_INSTALL_PREFIX=/home/robostep/robot_arm/install/so101_follower_description
[0.041s] -- Found ament_cmake: 2.0.7 (/opt/ros/iron/share/ament_cmake/cmake)
[0.216s] -- Override CMake install command with custom implementation using symlinks instead of copying resources
[0.243s] -- Found xacro: 2.0.11 (/opt/ros/iron/share/xacro/cmake)
[0.244s] -- Found ament_lint_auto: 0.14.4 (/opt/ros/iron/share/ament_lint_auto/cmake)
[0.347s] -- Added test 'flake8' to check Python code syntax and style conventions
[0.347s] -- Configured 'flake8' exclude dirs and/or files: 
[0.348s] -- Added test 'lint_cmake' to check CMake code style
[0.349s] -- Added test 'pep257' to check Python code against some of the docstring style conventions in PEP 257
[0.352s] -- Added test 'xmllint' to check XML markup files
[0.353s] -- Configuring done
[0.357s] -- Generating done
[0.359s] -- Build files have been written to: /home/robostep/robot_arm/build/so101_follower_description
[0.409s] Invoked command in '/home/robostep/robot_arm/build/so101_follower_description' returned '0': CMAKE_PREFIX_PATH=${CMAKE_PREFIX_PATH}:/home/robostep/robot_arm/install/so101_hw_interface:/opt/ros/iron /usr/bin/cmake /home/robostep/robot_arm/Lerobot_ros2/src/so101_follower_description -DAMENT_CMAKE_SYMLINK_INSTALL=1 -DCMAKE_INSTALL_PREFIX=/home/robostep/robot_arm/install/so101_follower_description
[0.411s] Invoking command in '/home/robostep/robot_arm/build/so101_follower_description': CMAKE_PREFIX_PATH=${CMAKE_PREFIX_PATH}:/home/robostep/robot_arm/install/so101_hw_interface:/opt/ros/iron /usr/bin/cmake --build /home/robostep/robot_arm/build/so101_follower_description -- -j8 -l8
[0.454s] Invoked command in '/home/robostep/robot_arm/build/so101_follower_description' returned '0': CMAKE_PREFIX_PATH=${CMAKE_PREFIX_PATH}:/home/robostep/robot_arm/install/so101_hw_interface:/opt/ros/iron /usr/bin/cmake --build /home/robostep/robot_arm/build/so101_follower_description -- -j8 -l8
[0.466s] Invoking command in '/home/robostep/robot_arm/build/so101_follower_description': CMAKE_PREFIX_PATH=${CMAKE_PREFIX_PATH}:/home/robostep/robot_arm/install/so101_hw_interface:/opt/ros/iron /usr/bin/cmake --install /home/robostep/robot_arm/build/so101_follower_description
[0.474s] -- Install configuration: ""
[0.475s] -- Execute custom install script
[0.475s] -- Symlinking: /home/robostep/robot_arm/install/so101_follower_description/share/so101_follower_description/urdf/so101_follower.urdf.xacro
[0.486s] -- Symlinking: /home/robostep/robot_arm/install/so101_follower_description/share/so101_follower_description/launch/display.launch.py
[0.495s] -- Symlinking: /home/robostep/robot_arm/install/so101_follower_description/share/so101_follower_description/rviz/display.rviz
[0.506s] -- Symlinking: /home/robostep/robot_arm/install/so101_follower_description/share/so101_follower_description/meshes/base_motor_holder_so101_v1.part
[0.516s] -- Symlinking: /home/robostep/robot_arm/install/so101_follower_description/share/so101_follower_description/meshes/base_motor_holder_so101_v1.stl
[0.527s] -- Symlinking: /home/robostep/robot_arm/install/so101_follower_description/share/so101_follower_description/meshes/base_so101_v2.part
[0.537s] -- Symlinking: /home/robostep/robot_arm/install/so101_follower_description/share/so101_follower_description/meshes/base_so101_v2.stl
[0.547s] -- Symlinking: /home/robostep/robot_arm/install/so101_follower_description/share/so101_follower_description/meshes/motor_holder_so101_base_v1.part
[0.557s] -- Symlinking: /home/robostep/robot_arm/install/so101_follower_description/share/so101_follower_description/meshes/motor_holder_so101_base_v1.stl
[0.567s] -- Symlinking: /home/robostep/robot_arm/install/so101_follower_description/share/so101_follower_description/meshes/motor_holder_so101_wrist_v1.part
[0.577s] -- Symlinking: /home/robostep/robot_arm/install/so101_follower_description/share/so101_follower_description/meshes/motor_holder_so101_wrist_v1.stl
[0.587s] -- Symlinking: /home/robostep/robot_arm/install/so101_follower_description/share/so101_follower_description/meshes/moving_jaw_so101_v1.part
[0.598s] -- Symlinking: /home/robostep/robot_arm/install/so101_follower_description/share/so101_follower_description/meshes/moving_jaw_so101_v1.stl
[0.608s] -- Symlinking: /home/robostep/robot_arm/install/so101_follower_description/share/so101_follower_description/meshes/rotation_pitch_so101_v1.part
[0.618s] -- Symlinking: /home/robostep/robot_arm/install/so101_follower_description/share/so101_follower_description/meshes/rotation_pitch_so101_v1.stl
[0.629s] -- Symlinking: /home/robostep/robot_arm/install/so101_follower_description/share/so101_follower_description/meshes/sts3215_03a_no_horn_v1.part
[0.639s] -- Symlinking: /home/robostep/robot_arm/install/so101_follower_description/share/so101_follower_description/meshes/sts3215_03a_no_horn_v1.stl
[0.649s] -- Symlinking: /home/robostep/robot_arm/install/so101_follower_description/share/so101_follower_description/meshes/sts3215_03a_v1.part
[0.659s] -- Symlinking: /home/robostep/robot_arm/install/so101_follower_description/share/so101_follower_description/meshes/sts3215_03a_v1.stl
[0.669s] -- Symlinking: /home/robostep/robot_arm/install/so101_follower_description/share/so101_follower_description/meshes/under_arm_so101_v1.part
[0.679s] -- Symlinking: /home/robostep/robot_arm/install/so101_follower_description/share/so101_follower_description/meshes/under_arm_so101_v1.stl
[0.690s] -- Symlinking: /home/robostep/robot_arm/install/so101_follower_description/share/so101_follower_description/meshes/upper_arm_so101_v1.part
[0.700s] -- Symlinking: /home/robostep/robot_arm/install/so101_follower_description/share/so101_follower_description/meshes/upper_arm_so101_v1.stl
[0.710s] -- Symlinking: /home/robostep/robot_arm/install/so101_follower_description/share/so101_follower_description/meshes/waveshare_mounting_plate_so101_v2.part
[0.720s] -- Symlinking: /home/robostep/robot_arm/install/so101_follower_description/share/so101_follower_description/meshes/waveshare_mounting_plate_so101_v2.stl
[0.730s] -- Symlinking: /home/robostep/robot_arm/install/so101_follower_description/share/so101_follower_description/meshes/wrist_roll_follower_so101_v1.part
[0.740s] -- Symlinking: /home/robostep/robot_arm/install/so101_follower_description/share/so101_follower_description/meshes/wrist_roll_follower_so101_v1.stl
[0.750s] -- Symlinking: /home/robostep/robot_arm/install/so101_follower_description/share/so101_follower_description/meshes/wrist_roll_follower_so101_v1_nocamera.stl
[0.761s] -- Symlinking: /home/robostep/robot_arm/install/so101_follower_description/share/so101_follower_description/meshes/wrist_roll_pitch_so101_v2.part
[0.771s] -- Symlinking: /home/robostep/robot_arm/install/so101_follower_description/share/so101_follower_description/meshes/wrist_roll_pitch_so101_v2.stl
[0.781s] -- Symlinking: /home/robostep/robot_arm/install/so101_follower_description/share/ament_index/resource_index/package_run_dependencies/so101_follower_description
[0.792s] -- Symlinking: /home/robostep/robot_arm/install/so101_follower_description/share/ament_index/resource_index/parent_prefix_path/so101_follower_description
[0.802s] -- Symlinking: /home/robostep/robot_arm/install/so101_follower_description/share/so101_follower_description/environment/ament_prefix_path.sh
[0.812s] -- Symlinking: /home/robostep/robot_arm/install/so101_follower_description/share/so101_follower_description/environment/ament_prefix_path.dsv
[0.822s] -- Symlinking: /home/robostep/robot_arm/install/so101_follower_description/share/so101_follower_description/environment/path.sh
[0.833s] -- Symlinking: /home/robostep/robot_arm/install/so101_follower_description/share/so101_follower_description/environment/path.dsv
[0.843s] -- Symlinking: /home/robostep/robot_arm/install/so101_follower_description/share/so101_follower_description/local_setup.bash
[0.853s] -- Symlinking: /home/robostep/robot_arm/install/so101_follower_description/share/so101_follower_description/local_setup.sh
[0.864s] -- Symlinking: /home/robostep/robot_arm/install/so101_follower_description/share/so101_follower_description/local_setup.zsh
[0.875s] -- Symlinking: /home/robostep/robot_arm/install/so101_follower_description/share/so101_follower_description/local_setup.dsv
[0.887s] -- Symlinking: /home/robostep/robot_arm/install/so101_follower_description/share/so101_follower_description/package.dsv
[0.903s] -- Symlinking: /home/robostep/robot_arm/install/so101_follower_description/share/ament_index/resource_index/packages/so101_follower_description
[0.911s] -- Symlinking: /home/robostep/robot_arm/install/so101_follower_description/share/so101_follower_description/cmake/so101_follower_descriptionConfig.cmake
[0.923s] -- Symlinking: /home/robostep/robot_arm/install/so101_follower_description/share/so101_follower_description/cmake/so101_follower_descriptionConfig-version.cmake
[0.934s] -- Symlinking: /home/robostep/robot_arm/install/so101_follower_description/share/so101_follower_description/package.xml
[0.947s] Invoked command in '/home/robostep/robot_arm/build/so101_follower_description' returned '0': CMAKE_PREFIX_PATH=${CMAKE_PREFIX_PATH}:/home/robostep/robot_arm/install/so101_hw_interface:/opt/ros/iron /usr/bin/cmake --install /home/robostep/robot_arm/build/so101_follower_description
