/home/robostep/robot_arm/install/so101_hw_interface/lib/python3.10/site-packages/so101_hw_interface/__init__.py
/home/robostep/robot_arm/install/so101_hw_interface/lib/python3.10/site-packages/so101_hw_interface/so101_system_interface.py
/home/robostep/robot_arm/install/so101_hw_interface/lib/python3.10/site-packages/so101_hw_interface/motor_bridge.py
/home/robostep/robot_arm/install/so101_hw_interface/lib/python3.10/site-packages/so101_hw_interface/calibrate_arm.py
/home/robostep/robot_arm/install/so101_hw_interface/lib/python3.10/site-packages/so101_hw_interface/read_motor_steps.py
/home/robostep/robot_arm/install/so101_hw_interface/lib/python3.10/site-packages/lerobot/__init__.py
/home/robostep/robot_arm/install/so101_hw_interface/lib/python3.10/site-packages/so101_hw_interface/motors/__init__.py
/home/robostep/robot_arm/install/so101_hw_interface/lib/python3.10/site-packages/so101_hw_interface/motors/motors_bus.py
/home/robostep/robot_arm/install/so101_hw_interface/lib/python3.10/site-packages/so101_hw_interface/motors/feetech/__init__.py
/home/robostep/robot_arm/install/so101_hw_interface/lib/python3.10/site-packages/so101_hw_interface/motors/feetech/tables.py
/home/robostep/robot_arm/install/so101_hw_interface/lib/python3.10/site-packages/so101_hw_interface/motors/feetech/feetech.py
/home/robostep/robot_arm/install/so101_hw_interface/lib/python3.10/site-packages/lerobot/common/__init__.py
/home/robostep/robot_arm/install/so101_hw_interface/lib/python3.10/site-packages/lerobot/common/errors.py
/home/robostep/robot_arm/install/so101_hw_interface/lib/python3.10/site-packages/lerobot/common/utils/__init__.py
/home/robostep/robot_arm/install/so101_hw_interface/lib/python3.10/site-packages/lerobot/common/utils/utils.py
/home/robostep/robot_arm/install/so101_hw_interface/lib/python3.10/site-packages/lerobot/common/utils/encoding_utils.py
/home/robostep/robot_arm/install/so101_hw_interface/lib/python3.10/site-packages/so101_hw_interface/__pycache__/__init__.cpython-310.pyc
/home/robostep/robot_arm/install/so101_hw_interface/lib/python3.10/site-packages/so101_hw_interface/__pycache__/so101_system_interface.cpython-310.pyc
/home/robostep/robot_arm/install/so101_hw_interface/lib/python3.10/site-packages/so101_hw_interface/__pycache__/motor_bridge.cpython-310.pyc
/home/robostep/robot_arm/install/so101_hw_interface/lib/python3.10/site-packages/so101_hw_interface/__pycache__/calibrate_arm.cpython-310.pyc
/home/robostep/robot_arm/install/so101_hw_interface/lib/python3.10/site-packages/so101_hw_interface/__pycache__/read_motor_steps.cpython-310.pyc
/home/robostep/robot_arm/install/so101_hw_interface/lib/python3.10/site-packages/lerobot/__pycache__/__init__.cpython-310.pyc
/home/robostep/robot_arm/install/so101_hw_interface/lib/python3.10/site-packages/so101_hw_interface/motors/__pycache__/__init__.cpython-310.pyc
/home/robostep/robot_arm/install/so101_hw_interface/lib/python3.10/site-packages/so101_hw_interface/motors/__pycache__/motors_bus.cpython-310.pyc
/home/robostep/robot_arm/install/so101_hw_interface/lib/python3.10/site-packages/so101_hw_interface/motors/feetech/__pycache__/__init__.cpython-310.pyc
/home/robostep/robot_arm/install/so101_hw_interface/lib/python3.10/site-packages/so101_hw_interface/motors/feetech/__pycache__/tables.cpython-310.pyc
/home/robostep/robot_arm/install/so101_hw_interface/lib/python3.10/site-packages/so101_hw_interface/motors/feetech/__pycache__/feetech.cpython-310.pyc
/home/robostep/robot_arm/install/so101_hw_interface/lib/python3.10/site-packages/lerobot/common/__pycache__/__init__.cpython-310.pyc
/home/robostep/robot_arm/install/so101_hw_interface/lib/python3.10/site-packages/lerobot/common/__pycache__/errors.cpython-310.pyc
/home/robostep/robot_arm/install/so101_hw_interface/lib/python3.10/site-packages/lerobot/common/utils/__pycache__/__init__.cpython-310.pyc
/home/robostep/robot_arm/install/so101_hw_interface/lib/python3.10/site-packages/lerobot/common/utils/__pycache__/utils.cpython-310.pyc
/home/robostep/robot_arm/install/so101_hw_interface/lib/python3.10/site-packages/lerobot/common/utils/__pycache__/encoding_utils.cpython-310.pyc
/home/robostep/robot_arm/install/so101_hw_interface/share/ament_index/resource_index/packages/so101_hw_interface
/home/robostep/robot_arm/install/so101_hw_interface/share/so101_hw_interface/package.xml
/home/robostep/robot_arm/install/so101_hw_interface/share/so101_hw_interface/launch/so101_hw.launch.py
/home/robostep/robot_arm/install/so101_hw_interface/share/so101_hw_interface/config/so101_calibration copy.yaml
/home/robostep/robot_arm/install/so101_hw_interface/share/so101_hw_interface/config/so101_controllers.yaml
/home/robostep/robot_arm/install/so101_hw_interface/share/so101_hw_interface/config/so101_calibration.yaml
/home/robostep/robot_arm/install/so101_hw_interface/share/so101_hw_interface/urdf/so101_follower.urdf
/home/robostep/robot_arm/install/so101_hw_interface/share/so101_hw_interface/resource/so101_hw_interface.xml
/home/robostep/robot_arm/install/so101_hw_interface/lib/so101_hw_interface/so101_motor_bridge
/home/robostep/robot_arm/install/so101_hw_interface/lib/so101_hw_interface/so101_calibrate
/home/robostep/robot_arm/install/so101_hw_interface/lib/so101_hw_interface/so101_read_steps
/home/robostep/robot_arm/install/so101_hw_interface/share/ament_index/resource_index/executables/so101_motor_bridge
/home/robostep/robot_arm/install/so101_hw_interface/share/ament_index/resource_index/executables/so101_calibrate
/home/robostep/robot_arm/install/so101_hw_interface/share/ament_index/resource_index/executables/so101_read_steps
/home/robostep/robot_arm/install/so101_hw_interface/lib/python3.10/site-packages/so101_hw_interface-0.0.0-py3.10.egg-info/entry_points.txt
/home/robostep/robot_arm/install/so101_hw_interface/lib/python3.10/site-packages/so101_hw_interface-0.0.0-py3.10.egg-info/zip-safe
/home/robostep/robot_arm/install/so101_hw_interface/lib/python3.10/site-packages/so101_hw_interface-0.0.0-py3.10.egg-info/SOURCES.txt
/home/robostep/robot_arm/install/so101_hw_interface/lib/python3.10/site-packages/so101_hw_interface-0.0.0-py3.10.egg-info/dependency_links.txt
/home/robostep/robot_arm/install/so101_hw_interface/lib/python3.10/site-packages/so101_hw_interface-0.0.0-py3.10.egg-info/top_level.txt
/home/robostep/robot_arm/install/so101_hw_interface/lib/python3.10/site-packages/so101_hw_interface-0.0.0-py3.10.egg-info/requires.txt
/home/robostep/robot_arm/install/so101_hw_interface/lib/python3.10/site-packages/so101_hw_interface-0.0.0-py3.10.egg-info/PKG-INFO
/home/robostep/robot_arm/install/so101_hw_interface/bin/so101_calibrate
/home/robostep/robot_arm/install/so101_hw_interface/bin/so101_motor_bridge
/home/robostep/robot_arm/install/so101_hw_interface/bin/so101_read_steps
