[0.136s] DEBUG:colcon:Command line arguments: ['/usr/bin/colcon', 'build']
[0.137s] DEBUG:colcon:Parsed command line arguments: Namespace(log_base=None, log_level=None, verb_name='build', build_base='build', install_base='install', merge_install=False, symlink_install=False, test_result_base=None, continue_on_error=False, executor='parallel', parallel_workers=8, event_handlers=None, ignore_user_meta=False, metas=['./colcon.meta'], base_paths=['.'], packages_ignore=None, packages_ignore_regex=None, paths=None, packages_up_to=None, packages_up_to_regex=None, packages_above=None, packages_above_and_dependencies=None, packages_above_depth=None, packages_select_by_dep=None, packages_skip_by_dep=None, packages_skip_up_to=None, packages_select_build_failed=False, packages_skip_build_finished=False, packages_select_test_failures=False, packages_skip_test_passed=False, packages_select=None, packages_skip=None, packages_select_regex=None, packages_skip_regex=None, packages_start=None, packages_end=None, allow_overriding=[], cmake_args=None, cmake_target=None, cmake_target_skip_unavailable=False, cmake_clean_cache=False, cmake_clean_first=False, cmake_force_configure=False, ament_cmake_args=None, catkin_cmake_args=None, catkin_skip_building_tests=False, mixin_files=None, mixin=None, verb_parser=<colcon_mixin.mixin.mixin_argument.MixinArgumentDecorator object at 0x7b2c9e09c700>, verb_extension=<colcon_core.verb.build.BuildVerb object at 0x7b2c9e011de0>, main=<bound method BuildVerb.main of <colcon_core.verb.build.BuildVerb object at 0x7b2c9e011de0>>, mixin_verb=('build',))
[0.367s] Level 1:colcon.colcon_core.package_discovery:discover_packages(colcon_meta) check parameters
[0.367s] Level 1:colcon.colcon_core.package_discovery:discover_packages(recursive) check parameters
[0.367s] Level 1:colcon.colcon_core.package_discovery:discover_packages(ignore) check parameters
[0.367s] Level 1:colcon.colcon_core.package_discovery:discover_packages(path) check parameters
[0.367s] Level 1:colcon.colcon_core.package_discovery:discover_packages(colcon_meta) discover
[0.367s] Level 1:colcon.colcon_core.package_discovery:discover_packages(recursive) discover
[0.368s] INFO:colcon.colcon_core.package_discovery:Crawling recursively for packages in '/home/robostep/robot_arm'
[0.368s] Level 1:colcon.colcon_core.package_identification:_identify(.) by extensions ['ignore', 'ignore_ament_install']
[0.368s] Level 1:colcon.colcon_core.package_identification:_identify(.) by extension 'ignore'
[0.368s] Level 1:colcon.colcon_core.package_identification:_identify(.) by extension 'ignore_ament_install'
[0.368s] Level 1:colcon.colcon_core.package_identification:_identify(.) by extensions ['colcon_pkg']
[0.368s] Level 1:colcon.colcon_core.package_identification:_identify(.) by extension 'colcon_pkg'
[0.368s] Level 1:colcon.colcon_core.package_identification:_identify(.) by extensions ['colcon_meta']
[0.368s] Level 1:colcon.colcon_core.package_identification:_identify(.) by extension 'colcon_meta'
[0.368s] Level 1:colcon.colcon_core.package_identification:_identify(.) by extensions ['ros']
[0.368s] Level 1:colcon.colcon_core.package_identification:_identify(.) by extension 'ros'
[0.389s] Level 1:colcon.colcon_core.package_identification:_identify(.) by extensions ['cmake', 'python']
[0.389s] Level 1:colcon.colcon_core.package_identification:_identify(.) by extension 'cmake'
[0.389s] Level 1:colcon.colcon_core.package_identification:_identify(.) by extension 'python'
[0.389s] Level 1:colcon.colcon_core.package_identification:_identify(.) by extensions ['python_setup_py']
[0.390s] Level 1:colcon.colcon_core.package_identification:_identify(.) by extension 'python_setup_py'
[0.390s] Level 1:colcon.colcon_core.package_identification:_identify(Lerobot_ros2) by extensions ['ignore', 'ignore_ament_install']
[0.390s] Level 1:colcon.colcon_core.package_identification:_identify(Lerobot_ros2) by extension 'ignore'
[0.390s] Level 1:colcon.colcon_core.package_identification:_identify(Lerobot_ros2) by extension 'ignore_ament_install'
[0.390s] Level 1:colcon.colcon_core.package_identification:_identify(Lerobot_ros2) by extensions ['colcon_pkg']
[0.390s] Level 1:colcon.colcon_core.package_identification:_identify(Lerobot_ros2) by extension 'colcon_pkg'
[0.390s] Level 1:colcon.colcon_core.package_identification:_identify(Lerobot_ros2) by extensions ['colcon_meta']
[0.390s] Level 1:colcon.colcon_core.package_identification:_identify(Lerobot_ros2) by extension 'colcon_meta'
[0.390s] Level 1:colcon.colcon_core.package_identification:_identify(Lerobot_ros2) by extensions ['ros']
[0.390s] Level 1:colcon.colcon_core.package_identification:_identify(Lerobot_ros2) by extension 'ros'
[0.390s] Level 1:colcon.colcon_core.package_identification:_identify(Lerobot_ros2) by extensions ['cmake', 'python']
[0.390s] Level 1:colcon.colcon_core.package_identification:_identify(Lerobot_ros2) by extension 'cmake'
[0.390s] Level 1:colcon.colcon_core.package_identification:_identify(Lerobot_ros2) by extension 'python'
[0.390s] Level 1:colcon.colcon_core.package_identification:_identify(Lerobot_ros2) by extensions ['python_setup_py']
[0.390s] Level 1:colcon.colcon_core.package_identification:_identify(Lerobot_ros2) by extension 'python_setup_py'
[0.391s] Level 1:colcon.colcon_core.package_identification:_identify(Lerobot_ros2/src) by extensions ['ignore', 'ignore_ament_install']
[0.391s] Level 1:colcon.colcon_core.package_identification:_identify(Lerobot_ros2/src) by extension 'ignore'
[0.391s] Level 1:colcon.colcon_core.package_identification:_identify(Lerobot_ros2/src) by extension 'ignore_ament_install'
[0.391s] Level 1:colcon.colcon_core.package_identification:_identify(Lerobot_ros2/src) by extensions ['colcon_pkg']
[0.391s] Level 1:colcon.colcon_core.package_identification:_identify(Lerobot_ros2/src) by extension 'colcon_pkg'
[0.391s] Level 1:colcon.colcon_core.package_identification:_identify(Lerobot_ros2/src) by extensions ['colcon_meta']
[0.391s] Level 1:colcon.colcon_core.package_identification:_identify(Lerobot_ros2/src) by extension 'colcon_meta'
[0.391s] Level 1:colcon.colcon_core.package_identification:_identify(Lerobot_ros2/src) by extensions ['ros']
[0.391s] Level 1:colcon.colcon_core.package_identification:_identify(Lerobot_ros2/src) by extension 'ros'
[0.391s] Level 1:colcon.colcon_core.package_identification:_identify(Lerobot_ros2/src) by extensions ['cmake', 'python']
[0.391s] Level 1:colcon.colcon_core.package_identification:_identify(Lerobot_ros2/src) by extension 'cmake'
[0.391s] Level 1:colcon.colcon_core.package_identification:_identify(Lerobot_ros2/src) by extension 'python'
[0.391s] Level 1:colcon.colcon_core.package_identification:_identify(Lerobot_ros2/src) by extensions ['python_setup_py']
[0.391s] Level 1:colcon.colcon_core.package_identification:_identify(Lerobot_ros2/src) by extension 'python_setup_py'
[0.391s] Level 1:colcon.colcon_core.package_identification:_identify(Lerobot_ros2/src/so101_follower_description) by extensions ['ignore', 'ignore_ament_install']
[0.392s] Level 1:colcon.colcon_core.package_identification:_identify(Lerobot_ros2/src/so101_follower_description) by extension 'ignore'
[0.392s] Level 1:colcon.colcon_core.package_identification:_identify(Lerobot_ros2/src/so101_follower_description) by extension 'ignore_ament_install'
[0.392s] Level 1:colcon.colcon_core.package_identification:_identify(Lerobot_ros2/src/so101_follower_description) by extensions ['colcon_pkg']
[0.392s] Level 1:colcon.colcon_core.package_identification:_identify(Lerobot_ros2/src/so101_follower_description) by extension 'colcon_pkg'
[0.392s] Level 1:colcon.colcon_core.package_identification:_identify(Lerobot_ros2/src/so101_follower_description) by extensions ['colcon_meta']
[0.392s] Level 1:colcon.colcon_core.package_identification:_identify(Lerobot_ros2/src/so101_follower_description) by extension 'colcon_meta'
[0.392s] Level 1:colcon.colcon_core.package_identification:_identify(Lerobot_ros2/src/so101_follower_description) by extensions ['ros']
[0.392s] Level 1:colcon.colcon_core.package_identification:_identify(Lerobot_ros2/src/so101_follower_description) by extension 'ros'
[0.395s] DEBUG:colcon.colcon_core.package_identification:Package 'Lerobot_ros2/src/so101_follower_description' with type 'ros.ament_cmake' and name 'so101_follower_description'
[0.395s] Level 1:colcon.colcon_core.package_identification:_identify(Lerobot_ros2/src/so101_follower_moveit) by extensions ['ignore', 'ignore_ament_install']
[0.395s] Level 1:colcon.colcon_core.package_identification:_identify(Lerobot_ros2/src/so101_follower_moveit) by extension 'ignore'
[0.395s] Level 1:colcon.colcon_core.package_identification:_identify(Lerobot_ros2/src/so101_follower_moveit) by extension 'ignore_ament_install'
[0.395s] Level 1:colcon.colcon_core.package_identification:_identify(Lerobot_ros2/src/so101_follower_moveit) by extensions ['colcon_pkg']
[0.395s] Level 1:colcon.colcon_core.package_identification:_identify(Lerobot_ros2/src/so101_follower_moveit) by extension 'colcon_pkg'
[0.395s] Level 1:colcon.colcon_core.package_identification:_identify(Lerobot_ros2/src/so101_follower_moveit) by extensions ['colcon_meta']
[0.395s] Level 1:colcon.colcon_core.package_identification:_identify(Lerobot_ros2/src/so101_follower_moveit) by extension 'colcon_meta'
[0.395s] Level 1:colcon.colcon_core.package_identification:_identify(Lerobot_ros2/src/so101_follower_moveit) by extensions ['ros']
[0.395s] Level 1:colcon.colcon_core.package_identification:_identify(Lerobot_ros2/src/so101_follower_moveit) by extension 'ros'
[0.397s] DEBUG:colcon.colcon_core.package_identification:Package 'Lerobot_ros2/src/so101_follower_moveit' with type 'ros.ament_cmake' and name 'so101_follower_moveit'
[0.397s] Level 1:colcon.colcon_core.package_identification:_identify(Lerobot_ros2/src/so101_hw_interface) by extensions ['ignore', 'ignore_ament_install']
[0.397s] Level 1:colcon.colcon_core.package_identification:_identify(Lerobot_ros2/src/so101_hw_interface) by extension 'ignore'
[0.397s] Level 1:colcon.colcon_core.package_identification:_identify(Lerobot_ros2/src/so101_hw_interface) by extension 'ignore_ament_install'
[0.397s] Level 1:colcon.colcon_core.package_identification:_identify(Lerobot_ros2/src/so101_hw_interface) by extensions ['colcon_pkg']
[0.397s] Level 1:colcon.colcon_core.package_identification:_identify(Lerobot_ros2/src/so101_hw_interface) by extension 'colcon_pkg'
[0.397s] Level 1:colcon.colcon_core.package_identification:_identify(Lerobot_ros2/src/so101_hw_interface) by extensions ['colcon_meta']
[0.397s] Level 1:colcon.colcon_core.package_identification:_identify(Lerobot_ros2/src/so101_hw_interface) by extension 'colcon_meta'
[0.397s] Level 1:colcon.colcon_core.package_identification:_identify(Lerobot_ros2/src/so101_hw_interface) by extensions ['ros']
[0.397s] Level 1:colcon.colcon_core.package_identification:_identify(Lerobot_ros2/src/so101_hw_interface) by extension 'ros'
[0.398s] DEBUG:colcon.colcon_core.package_identification:Package 'Lerobot_ros2/src/so101_hw_interface' with type 'ros.ament_python' and name 'so101_hw_interface'
[0.398s] Level 1:colcon.colcon_core.package_identification:_identify(Lerobot_ros2/src/topic_based_ros2_control) by extensions ['ignore', 'ignore_ament_install']
[0.398s] Level 1:colcon.colcon_core.package_identification:_identify(Lerobot_ros2/src/topic_based_ros2_control) by extension 'ignore'
[0.398s] Level 1:colcon.colcon_core.package_identification:_identify(Lerobot_ros2/src/topic_based_ros2_control) by extension 'ignore_ament_install'
[0.398s] Level 1:colcon.colcon_core.package_identification:_identify(Lerobot_ros2/src/topic_based_ros2_control) by extensions ['colcon_pkg']
[0.398s] Level 1:colcon.colcon_core.package_identification:_identify(Lerobot_ros2/src/topic_based_ros2_control) by extension 'colcon_pkg'
[0.398s] Level 1:colcon.colcon_core.package_identification:_identify(Lerobot_ros2/src/topic_based_ros2_control) by extensions ['colcon_meta']
[0.398s] Level 1:colcon.colcon_core.package_identification:_identify(Lerobot_ros2/src/topic_based_ros2_control) by extension 'colcon_meta'
[0.398s] Level 1:colcon.colcon_core.package_identification:_identify(Lerobot_ros2/src/topic_based_ros2_control) by extensions ['ros']
[0.398s] Level 1:colcon.colcon_core.package_identification:_identify(Lerobot_ros2/src/topic_based_ros2_control) by extension 'ros'
[0.399s] Level 1:colcon.colcon_core.package_identification:_identify(Lerobot_ros2/src/topic_based_ros2_control) by extensions ['cmake', 'python']
[0.399s] Level 1:colcon.colcon_core.package_identification:_identify(Lerobot_ros2/src/topic_based_ros2_control) by extension 'cmake'
[0.399s] Level 1:colcon.colcon_core.package_identification:_identify(Lerobot_ros2/src/topic_based_ros2_control) by extension 'python'
[0.399s] Level 1:colcon.colcon_core.package_identification:_identify(Lerobot_ros2/src/topic_based_ros2_control) by extensions ['python_setup_py']
[0.399s] Level 1:colcon.colcon_core.package_identification:_identify(Lerobot_ros2/src/topic_based_ros2_control) by extension 'python_setup_py'
[0.399s] Level 1:colcon.colcon_core.package_identification:_identify(build) by extensions ['ignore', 'ignore_ament_install']
[0.399s] Level 1:colcon.colcon_core.package_identification:_identify(build) by extension 'ignore'
[0.399s] Level 1:colcon.colcon_core.package_identification:_identify(build) ignored
[0.399s] Level 1:colcon.colcon_core.package_identification:_identify(install) by extensions ['ignore', 'ignore_ament_install']
[0.399s] Level 1:colcon.colcon_core.package_identification:_identify(install) by extension 'ignore'
[0.399s] Level 1:colcon.colcon_core.package_identification:_identify(install) ignored
[0.399s] Level 1:colcon.colcon_core.package_identification:_identify(log) by extensions ['ignore', 'ignore_ament_install']
[0.400s] Level 1:colcon.colcon_core.package_identification:_identify(log) by extension 'ignore'
[0.400s] Level 1:colcon.colcon_core.package_identification:_identify(log) ignored
[0.400s] Level 1:colcon.colcon_core.package_discovery:discover_packages(recursive) using defaults
[0.400s] Level 1:colcon.colcon_core.package_discovery:discover_packages(ignore) discover
[0.400s] Level 1:colcon.colcon_core.package_discovery:discover_packages(ignore) using defaults
[0.400s] Level 1:colcon.colcon_core.package_discovery:discover_packages(path) discover
[0.400s] Level 1:colcon.colcon_core.package_discovery:discover_packages(path) using defaults
[0.423s] Level 1:colcon.colcon_core.package_discovery:discover_packages(prefix_path) check parameters
[0.423s] Level 1:colcon.colcon_core.package_discovery:discover_packages(prefix_path) discover
[0.425s] DEBUG:colcon.colcon_installed_package_information.package_discovery:Found 3 installed packages in /home/robostep/robot_arm/install
[0.427s] DEBUG:colcon.colcon_installed_package_information.package_discovery:Found 401 installed packages in /opt/ros/iron
[0.429s] Level 1:colcon.colcon_core.package_discovery:discover_packages(prefix_path) using defaults
[0.487s] Level 5:colcon.colcon_core.verb:set package 'so101_follower_description' build argument 'cmake_args' from command line to 'None'
[0.487s] Level 5:colcon.colcon_core.verb:set package 'so101_follower_description' build argument 'cmake_target' from command line to 'None'
[0.487s] Level 5:colcon.colcon_core.verb:set package 'so101_follower_description' build argument 'cmake_target_skip_unavailable' from command line to 'False'
[0.487s] Level 5:colcon.colcon_core.verb:set package 'so101_follower_description' build argument 'cmake_clean_cache' from command line to 'False'
[0.487s] Level 5:colcon.colcon_core.verb:set package 'so101_follower_description' build argument 'cmake_clean_first' from command line to 'False'
[0.487s] Level 5:colcon.colcon_core.verb:set package 'so101_follower_description' build argument 'cmake_force_configure' from command line to 'False'
[0.487s] Level 5:colcon.colcon_core.verb:set package 'so101_follower_description' build argument 'ament_cmake_args' from command line to 'None'
[0.487s] Level 5:colcon.colcon_core.verb:set package 'so101_follower_description' build argument 'catkin_cmake_args' from command line to 'None'
[0.487s] Level 5:colcon.colcon_core.verb:set package 'so101_follower_description' build argument 'catkin_skip_building_tests' from command line to 'False'
[0.487s] DEBUG:colcon.colcon_core.verb:Building package 'so101_follower_description' with the following arguments: {'ament_cmake_args': None, 'build_base': '/home/robostep/robot_arm/build/so101_follower_description', 'catkin_cmake_args': None, 'catkin_skip_building_tests': False, 'cmake_args': None, 'cmake_clean_cache': False, 'cmake_clean_first': False, 'cmake_force_configure': False, 'cmake_target': None, 'cmake_target_skip_unavailable': False, 'install_base': '/home/robostep/robot_arm/install/so101_follower_description', 'merge_install': False, 'path': '/home/robostep/robot_arm/Lerobot_ros2/src/so101_follower_description', 'symlink_install': False, 'test_result_base': None}
[0.487s] Level 5:colcon.colcon_core.verb:set package 'so101_hw_interface' build argument 'cmake_args' from command line to 'None'
[0.488s] Level 5:colcon.colcon_core.verb:set package 'so101_hw_interface' build argument 'cmake_target' from command line to 'None'
[0.488s] Level 5:colcon.colcon_core.verb:set package 'so101_hw_interface' build argument 'cmake_target_skip_unavailable' from command line to 'False'
[0.488s] Level 5:colcon.colcon_core.verb:set package 'so101_hw_interface' build argument 'cmake_clean_cache' from command line to 'False'
[0.488s] Level 5:colcon.colcon_core.verb:set package 'so101_hw_interface' build argument 'cmake_clean_first' from command line to 'False'
[0.488s] Level 5:colcon.colcon_core.verb:set package 'so101_hw_interface' build argument 'cmake_force_configure' from command line to 'False'
[0.488s] Level 5:colcon.colcon_core.verb:set package 'so101_hw_interface' build argument 'ament_cmake_args' from command line to 'None'
[0.488s] Level 5:colcon.colcon_core.verb:set package 'so101_hw_interface' build argument 'catkin_cmake_args' from command line to 'None'
[0.488s] Level 5:colcon.colcon_core.verb:set package 'so101_hw_interface' build argument 'catkin_skip_building_tests' from command line to 'False'
[0.488s] DEBUG:colcon.colcon_core.verb:Building package 'so101_hw_interface' with the following arguments: {'ament_cmake_args': None, 'build_base': '/home/robostep/robot_arm/build/so101_hw_interface', 'catkin_cmake_args': None, 'catkin_skip_building_tests': False, 'cmake_args': None, 'cmake_clean_cache': False, 'cmake_clean_first': False, 'cmake_force_configure': False, 'cmake_target': None, 'cmake_target_skip_unavailable': False, 'install_base': '/home/robostep/robot_arm/install/so101_hw_interface', 'merge_install': False, 'path': '/home/robostep/robot_arm/Lerobot_ros2/src/so101_hw_interface', 'symlink_install': False, 'test_result_base': None}
[0.488s] Level 5:colcon.colcon_core.verb:set package 'so101_follower_moveit' build argument 'cmake_args' from command line to 'None'
[0.488s] Level 5:colcon.colcon_core.verb:set package 'so101_follower_moveit' build argument 'cmake_target' from command line to 'None'
[0.488s] Level 5:colcon.colcon_core.verb:set package 'so101_follower_moveit' build argument 'cmake_target_skip_unavailable' from command line to 'False'
[0.488s] Level 5:colcon.colcon_core.verb:set package 'so101_follower_moveit' build argument 'cmake_clean_cache' from command line to 'False'
[0.488s] Level 5:colcon.colcon_core.verb:set package 'so101_follower_moveit' build argument 'cmake_clean_first' from command line to 'False'
[0.488s] Level 5:colcon.colcon_core.verb:set package 'so101_follower_moveit' build argument 'cmake_force_configure' from command line to 'False'
[0.488s] Level 5:colcon.colcon_core.verb:set package 'so101_follower_moveit' build argument 'ament_cmake_args' from command line to 'None'
[0.488s] Level 5:colcon.colcon_core.verb:set package 'so101_follower_moveit' build argument 'catkin_cmake_args' from command line to 'None'
[0.488s] Level 5:colcon.colcon_core.verb:set package 'so101_follower_moveit' build argument 'catkin_skip_building_tests' from command line to 'False'
[0.488s] DEBUG:colcon.colcon_core.verb:Building package 'so101_follower_moveit' with the following arguments: {'ament_cmake_args': None, 'build_base': '/home/robostep/robot_arm/build/so101_follower_moveit', 'catkin_cmake_args': None, 'catkin_skip_building_tests': False, 'cmake_args': None, 'cmake_clean_cache': False, 'cmake_clean_first': False, 'cmake_force_configure': False, 'cmake_target': None, 'cmake_target_skip_unavailable': False, 'install_base': '/home/robostep/robot_arm/install/so101_follower_moveit', 'merge_install': False, 'path': '/home/robostep/robot_arm/Lerobot_ros2/src/so101_follower_moveit', 'symlink_install': False, 'test_result_base': None}
[0.489s] INFO:colcon.colcon_core.executor:Executing jobs using 'parallel' executor
[0.489s] DEBUG:colcon.colcon_parallel_executor.executor.parallel:run_until_complete
[0.490s] INFO:colcon.colcon_ros.task.ament_cmake.build:Building ROS package in '/home/robostep/robot_arm/Lerobot_ros2/src/so101_follower_description' with build type 'ament_cmake'
[0.490s] INFO:colcon.colcon_cmake.task.cmake.build:Building CMake package in '/home/robostep/robot_arm/Lerobot_ros2/src/so101_follower_description'
[0.492s] INFO:colcon.colcon_core.plugin_system:Skipping extension 'colcon_core.shell.bat': Not used on non-Windows systems
[0.492s] INFO:colcon.colcon_core.shell:Skip shell extension 'powershell' for command environment: Not usable outside of PowerShell
[0.492s] DEBUG:colcon.colcon_core.shell:Skip shell extension 'dsv' for command environment
[0.496s] INFO:colcon.colcon_ros.task.ament_python.build:Building ROS package in '/home/robostep/robot_arm/Lerobot_ros2/src/so101_hw_interface' with build type 'ament_python'
[0.496s] Level 1:colcon.colcon_core.shell:create_environment_hook('so101_hw_interface', 'ament_prefix_path')
[0.497s] INFO:colcon.colcon_core.shell:Creating environment hook '/home/robostep/robot_arm/install/so101_hw_interface/share/so101_hw_interface/hook/ament_prefix_path.ps1'
[0.497s] INFO:colcon.colcon_core.shell:Creating environment descriptor '/home/robostep/robot_arm/install/so101_hw_interface/share/so101_hw_interface/hook/ament_prefix_path.dsv'
[0.498s] INFO:colcon.colcon_core.shell:Creating environment hook '/home/robostep/robot_arm/install/so101_hw_interface/share/so101_hw_interface/hook/ament_prefix_path.sh'
[0.499s] INFO:colcon.colcon_core.shell:Skip shell extension 'powershell' for command environment: Not usable outside of PowerShell
[0.499s] DEBUG:colcon.colcon_core.shell:Skip shell extension 'dsv' for command environment
[0.509s] DEBUG:colcon.colcon_core.event_handler.log_command:Invoking command in '/home/robostep/robot_arm/build/so101_follower_description': CMAKE_PREFIX_PATH=${CMAKE_PREFIX_PATH}:/home/robostep/robot_arm/install/so101_hw_interface:/opt/ros/iron /usr/bin/cmake --build /home/robostep/robot_arm/build/so101_follower_description -- -j8 -l8
[0.858s] INFO:colcon.colcon_core.task.python.build:Building Python package in '/home/robostep/robot_arm/Lerobot_ros2/src/so101_hw_interface'
[0.859s] INFO:colcon.colcon_core.shell:Skip shell extension 'powershell' for command environment: Not usable outside of PowerShell
[0.859s] DEBUG:colcon.colcon_core.shell:Skip shell extension 'dsv' for command environment
[0.865s] DEBUG:colcon.colcon_core.event_handler.log_command:Invoked command in '/home/robostep/robot_arm/build/so101_follower_description' returned '0': CMAKE_PREFIX_PATH=${CMAKE_PREFIX_PATH}:/home/robostep/robot_arm/install/so101_hw_interface:/opt/ros/iron /usr/bin/cmake --build /home/robostep/robot_arm/build/so101_follower_description -- -j8 -l8
[0.877s] DEBUG:colcon.colcon_core.event_handler.log_command:Invoking command in '/home/robostep/robot_arm/build/so101_follower_description': CMAKE_PREFIX_PATH=${CMAKE_PREFIX_PATH}:/home/robostep/robot_arm/install/so101_hw_interface:/opt/ros/iron /usr/bin/cmake --install /home/robostep/robot_arm/build/so101_follower_description
[0.891s] Level 1:colcon.colcon_core.environment:create_environment_scripts_only(so101_follower_description)
[0.894s] DEBUG:colcon.colcon_core.event_handler.log_command:Invoked command in '/home/robostep/robot_arm/build/so101_follower_description' returned '0': CMAKE_PREFIX_PATH=${CMAKE_PREFIX_PATH}:/home/robostep/robot_arm/install/so101_hw_interface:/opt/ros/iron /usr/bin/cmake --install /home/robostep/robot_arm/build/so101_follower_description
[0.896s] Level 1:colcon.colcon_core.environment:checking '/home/robostep/robot_arm/install/so101_follower_description' for CMake module files
[0.896s] Level 1:colcon.colcon_core.environment:checking '/home/robostep/robot_arm/install/so101_follower_description' for CMake config files
[0.897s] Level 1:colcon.colcon_core.shell:create_environment_hook('so101_follower_description', 'cmake_prefix_path')
[0.897s] INFO:colcon.colcon_core.shell:Creating environment hook '/home/robostep/robot_arm/install/so101_follower_description/share/so101_follower_description/hook/cmake_prefix_path.ps1'
[0.897s] INFO:colcon.colcon_core.shell:Creating environment descriptor '/home/robostep/robot_arm/install/so101_follower_description/share/so101_follower_description/hook/cmake_prefix_path.dsv'
[0.898s] INFO:colcon.colcon_core.shell:Creating environment hook '/home/robostep/robot_arm/install/so101_follower_description/share/so101_follower_description/hook/cmake_prefix_path.sh'
[0.899s] Level 1:colcon.colcon_core.environment:checking '/home/robostep/robot_arm/install/so101_follower_description/bin'
[0.899s] Level 1:colcon.colcon_core.environment:checking '/home/robostep/robot_arm/install/so101_follower_description/lib/pkgconfig/so101_follower_description.pc'
[0.899s] Level 1:colcon.colcon_core.environment:checking '/home/robostep/robot_arm/install/so101_follower_description/lib/python3.10/site-packages'
[0.899s] Level 1:colcon.colcon_core.environment:checking '/home/robostep/robot_arm/install/so101_follower_description/bin'
[0.900s] INFO:colcon.colcon_core.shell:Creating package script '/home/robostep/robot_arm/install/so101_follower_description/share/so101_follower_description/package.ps1'
[0.901s] INFO:colcon.colcon_core.shell:Creating package descriptor '/home/robostep/robot_arm/install/so101_follower_description/share/so101_follower_description/package.dsv'
[0.901s] INFO:colcon.colcon_core.shell:Creating package script '/home/robostep/robot_arm/install/so101_follower_description/share/so101_follower_description/package.sh'
[0.902s] INFO:colcon.colcon_core.shell:Creating package script '/home/robostep/robot_arm/install/so101_follower_description/share/so101_follower_description/package.bash'
[0.903s] INFO:colcon.colcon_core.shell:Creating package script '/home/robostep/robot_arm/install/so101_follower_description/share/so101_follower_description/package.zsh'
[0.904s] Level 1:colcon.colcon_core.environment:create_file_with_runtime_dependencies(/home/robostep/robot_arm/install/so101_follower_description/share/colcon-core/packages/so101_follower_description)
[0.905s] Level 1:colcon.colcon_core.environment:create_environment_scripts_only(so101_follower_description)
[0.905s] Level 1:colcon.colcon_core.environment:checking '/home/robostep/robot_arm/install/so101_follower_description' for CMake module files
[0.905s] Level 1:colcon.colcon_core.environment:checking '/home/robostep/robot_arm/install/so101_follower_description' for CMake config files
[0.906s] Level 1:colcon.colcon_core.shell:create_environment_hook('so101_follower_description', 'cmake_prefix_path')
[0.906s] INFO:colcon.colcon_core.shell:Creating environment hook '/home/robostep/robot_arm/install/so101_follower_description/share/so101_follower_description/hook/cmake_prefix_path.ps1'
[0.906s] INFO:colcon.colcon_core.shell:Creating environment descriptor '/home/robostep/robot_arm/install/so101_follower_description/share/so101_follower_description/hook/cmake_prefix_path.dsv'
[0.907s] INFO:colcon.colcon_core.shell:Creating environment hook '/home/robostep/robot_arm/install/so101_follower_description/share/so101_follower_description/hook/cmake_prefix_path.sh'
[0.907s] Level 1:colcon.colcon_core.environment:checking '/home/robostep/robot_arm/install/so101_follower_description/bin'
[0.907s] Level 1:colcon.colcon_core.environment:checking '/home/robostep/robot_arm/install/so101_follower_description/lib/pkgconfig/so101_follower_description.pc'
[0.908s] Level 1:colcon.colcon_core.environment:checking '/home/robostep/robot_arm/install/so101_follower_description/lib/python3.10/site-packages'
[0.908s] Level 1:colcon.colcon_core.environment:checking '/home/robostep/robot_arm/install/so101_follower_description/bin'
[0.908s] INFO:colcon.colcon_core.shell:Creating package script '/home/robostep/robot_arm/install/so101_follower_description/share/so101_follower_description/package.ps1'
[0.909s] INFO:colcon.colcon_core.shell:Creating package descriptor '/home/robostep/robot_arm/install/so101_follower_description/share/so101_follower_description/package.dsv'
[0.909s] INFO:colcon.colcon_core.shell:Creating package script '/home/robostep/robot_arm/install/so101_follower_description/share/so101_follower_description/package.sh'
[0.910s] INFO:colcon.colcon_core.shell:Creating package script '/home/robostep/robot_arm/install/so101_follower_description/share/so101_follower_description/package.bash'
[0.910s] INFO:colcon.colcon_core.shell:Creating package script '/home/robostep/robot_arm/install/so101_follower_description/share/so101_follower_description/package.zsh'
[0.911s] Level 1:colcon.colcon_core.environment:create_file_with_runtime_dependencies(/home/robostep/robot_arm/install/so101_follower_description/share/colcon-core/packages/so101_follower_description)
[0.911s] INFO:colcon.colcon_ros.task.ament_cmake.build:Building ROS package in '/home/robostep/robot_arm/Lerobot_ros2/src/so101_follower_moveit' with build type 'ament_cmake'
[0.911s] INFO:colcon.colcon_cmake.task.cmake.build:Building CMake package in '/home/robostep/robot_arm/Lerobot_ros2/src/so101_follower_moveit'
[0.912s] INFO:colcon.colcon_core.shell:Skip shell extension 'powershell' for command environment: Not usable outside of PowerShell
[0.912s] DEBUG:colcon.colcon_core.shell:Skip shell extension 'dsv' for command environment
[0.923s] DEBUG:colcon.colcon_core.event_handler.log_command:Invoking command in '/home/robostep/robot_arm/build/so101_follower_moveit': CMAKE_PREFIX_PATH=/home/robostep/robot_arm/install/so101_follower_description:/home/robostep/robot_arm/install/so101_follower_moveit:/home/robostep/robot_arm/install/so101_hw_interface:/opt/ros/iron /usr/bin/cmake --build /home/robostep/robot_arm/build/so101_follower_moveit -- -j8 -l8
[0.966s] DEBUG:colcon.colcon_core.event_handler.log_command:Invoked command in '/home/robostep/robot_arm/build/so101_follower_moveit' returned '0': CMAKE_PREFIX_PATH=/home/robostep/robot_arm/install/so101_follower_description:/home/robostep/robot_arm/install/so101_follower_moveit:/home/robostep/robot_arm/install/so101_hw_interface:/opt/ros/iron /usr/bin/cmake --build /home/robostep/robot_arm/build/so101_follower_moveit -- -j8 -l8
[0.968s] DEBUG:colcon.colcon_core.event_handler.log_command:Invoking command in '/home/robostep/robot_arm/build/so101_follower_moveit': CMAKE_PREFIX_PATH=/home/robostep/robot_arm/install/so101_follower_description:/home/robostep/robot_arm/install/so101_follower_moveit:/home/robostep/robot_arm/install/so101_hw_interface:/opt/ros/iron /usr/bin/cmake --install /home/robostep/robot_arm/build/so101_follower_moveit
[0.981s] Level 1:colcon.colcon_core.environment:create_environment_scripts_only(so101_follower_moveit)
[0.981s] Level 1:colcon.colcon_core.environment:checking '/home/robostep/robot_arm/install/so101_follower_moveit' for CMake module files
[0.982s] Level 1:colcon.colcon_core.environment:checking '/home/robostep/robot_arm/install/so101_follower_moveit' for CMake config files
[0.983s] Level 1:colcon.colcon_core.shell:create_environment_hook('so101_follower_moveit', 'cmake_prefix_path')
[0.984s] INFO:colcon.colcon_core.shell:Creating environment hook '/home/robostep/robot_arm/install/so101_follower_moveit/share/so101_follower_moveit/hook/cmake_prefix_path.ps1'
[0.985s] DEBUG:colcon.colcon_core.event_handler.log_command:Invoked command in '/home/robostep/robot_arm/build/so101_follower_moveit' returned '0': CMAKE_PREFIX_PATH=/home/robostep/robot_arm/install/so101_follower_description:/home/robostep/robot_arm/install/so101_follower_moveit:/home/robostep/robot_arm/install/so101_hw_interface:/opt/ros/iron /usr/bin/cmake --install /home/robostep/robot_arm/build/so101_follower_moveit
[0.985s] INFO:colcon.colcon_core.shell:Creating environment descriptor '/home/robostep/robot_arm/install/so101_follower_moveit/share/so101_follower_moveit/hook/cmake_prefix_path.dsv'
[0.985s] INFO:colcon.colcon_core.shell:Creating environment hook '/home/robostep/robot_arm/install/so101_follower_moveit/share/so101_follower_moveit/hook/cmake_prefix_path.sh'
[0.986s] Level 1:colcon.colcon_core.environment:checking '/home/robostep/robot_arm/install/so101_follower_moveit/bin'
[0.986s] Level 1:colcon.colcon_core.environment:checking '/home/robostep/robot_arm/install/so101_follower_moveit/lib/pkgconfig/so101_follower_moveit.pc'
[0.986s] Level 1:colcon.colcon_core.environment:checking '/home/robostep/robot_arm/install/so101_follower_moveit/lib/python3.10/site-packages'
[0.987s] Level 1:colcon.colcon_core.environment:checking '/home/robostep/robot_arm/install/so101_follower_moveit/bin'
[0.987s] INFO:colcon.colcon_core.shell:Creating package script '/home/robostep/robot_arm/install/so101_follower_moveit/share/so101_follower_moveit/package.ps1'
[0.987s] INFO:colcon.colcon_core.shell:Creating package descriptor '/home/robostep/robot_arm/install/so101_follower_moveit/share/so101_follower_moveit/package.dsv'
[0.988s] INFO:colcon.colcon_core.shell:Creating package script '/home/robostep/robot_arm/install/so101_follower_moveit/share/so101_follower_moveit/package.sh'
[0.988s] INFO:colcon.colcon_core.shell:Creating package script '/home/robostep/robot_arm/install/so101_follower_moveit/share/so101_follower_moveit/package.bash'
[0.989s] INFO:colcon.colcon_core.shell:Creating package script '/home/robostep/robot_arm/install/so101_follower_moveit/share/so101_follower_moveit/package.zsh'
[0.989s] Level 1:colcon.colcon_core.environment:create_file_with_runtime_dependencies(/home/robostep/robot_arm/install/so101_follower_moveit/share/colcon-core/packages/so101_follower_moveit)
[0.990s] Level 1:colcon.colcon_core.environment:create_environment_scripts_only(so101_follower_moveit)
[0.990s] Level 1:colcon.colcon_core.environment:checking '/home/robostep/robot_arm/install/so101_follower_moveit' for CMake module files
[0.991s] Level 1:colcon.colcon_core.environment:checking '/home/robostep/robot_arm/install/so101_follower_moveit' for CMake config files
[0.991s] Level 1:colcon.colcon_core.shell:create_environment_hook('so101_follower_moveit', 'cmake_prefix_path')
[0.991s] INFO:colcon.colcon_core.shell:Creating environment hook '/home/robostep/robot_arm/install/so101_follower_moveit/share/so101_follower_moveit/hook/cmake_prefix_path.ps1'
[1.011s] INFO:colcon.colcon_core.shell:Creating environment descriptor '/home/robostep/robot_arm/install/so101_follower_moveit/share/so101_follower_moveit/hook/cmake_prefix_path.dsv'
[1.011s] INFO:colcon.colcon_core.shell:Creating environment hook '/home/robostep/robot_arm/install/so101_follower_moveit/share/so101_follower_moveit/hook/cmake_prefix_path.sh'
[1.012s] Level 1:colcon.colcon_core.environment:checking '/home/robostep/robot_arm/install/so101_follower_moveit/bin'
[1.012s] Level 1:colcon.colcon_core.environment:checking '/home/robostep/robot_arm/install/so101_follower_moveit/lib/pkgconfig/so101_follower_moveit.pc'
[1.012s] Level 1:colcon.colcon_core.environment:checking '/home/robostep/robot_arm/install/so101_follower_moveit/lib/python3.10/site-packages'
[1.012s] Level 1:colcon.colcon_core.environment:checking '/home/robostep/robot_arm/install/so101_follower_moveit/bin'
[1.012s] INFO:colcon.colcon_core.shell:Creating package script '/home/robostep/robot_arm/install/so101_follower_moveit/share/so101_follower_moveit/package.ps1'
[1.013s] INFO:colcon.colcon_core.shell:Creating package descriptor '/home/robostep/robot_arm/install/so101_follower_moveit/share/so101_follower_moveit/package.dsv'
[1.013s] INFO:colcon.colcon_core.shell:Creating package script '/home/robostep/robot_arm/install/so101_follower_moveit/share/so101_follower_moveit/package.sh'
[1.014s] INFO:colcon.colcon_core.shell:Creating package script '/home/robostep/robot_arm/install/so101_follower_moveit/share/so101_follower_moveit/package.bash'
[1.014s] INFO:colcon.colcon_core.shell:Creating package script '/home/robostep/robot_arm/install/so101_follower_moveit/share/so101_follower_moveit/package.zsh'
[1.015s] Level 1:colcon.colcon_core.environment:create_file_with_runtime_dependencies(/home/robostep/robot_arm/install/so101_follower_moveit/share/colcon-core/packages/so101_follower_moveit)
[1.348s] DEBUG:colcon.colcon_core.event_handler.log_command:Invoking command in '/home/robostep/robot_arm/Lerobot_ros2/src/so101_hw_interface': PYTHONPATH=/home/robostep/robot_arm/build/so101_hw_interface/prefix_override:/usr/lib/python3/dist-packages/colcon_core/task/python/colcon_distutils_commands:/home/robostep/robot_arm/install/so101_hw_interface/lib/python3.10/site-packages:${PYTHONPATH} /usr/bin/python3 -W ignore:setup.py install is deprecated -W ignore:easy_install command is deprecated setup.py egg_info --egg-base ../../../build/so101_hw_interface build --build-base /home/robostep/robot_arm/build/so101_hw_interface/build install --record /home/robostep/robot_arm/build/so101_hw_interface/install.log --single-version-externally-managed install_data
[1.719s] Level 1:colcon.colcon_core.environment:checking '/home/robostep/robot_arm/install/so101_hw_interface' for CMake module files
[1.720s] DEBUG:colcon.colcon_core.event_handler.log_command:Invoked command in '/home/robostep/robot_arm/Lerobot_ros2/src/so101_hw_interface' returned '0': PYTHONPATH=/home/robostep/robot_arm/build/so101_hw_interface/prefix_override:/usr/lib/python3/dist-packages/colcon_core/task/python/colcon_distutils_commands:/home/robostep/robot_arm/install/so101_hw_interface/lib/python3.10/site-packages:${PYTHONPATH} /usr/bin/python3 -W ignore:setup.py install is deprecated -W ignore:easy_install command is deprecated setup.py egg_info --egg-base ../../../build/so101_hw_interface build --build-base /home/robostep/robot_arm/build/so101_hw_interface/build install --record /home/robostep/robot_arm/build/so101_hw_interface/install.log --single-version-externally-managed install_data
[1.720s] Level 1:colcon.colcon_core.environment:checking '/home/robostep/robot_arm/install/so101_hw_interface' for CMake config files
[1.721s] Level 1:colcon.colcon_core.environment:checking '/home/robostep/robot_arm/install/so101_hw_interface/lib'
[1.722s] Level 1:colcon.colcon_core.environment:checking '/home/robostep/robot_arm/install/so101_hw_interface/bin'
[1.722s] Level 1:colcon.colcon_core.shell:create_environment_hook('so101_hw_interface', 'path')
[1.722s] INFO:colcon.colcon_core.shell:Creating environment hook '/home/robostep/robot_arm/install/so101_hw_interface/share/so101_hw_interface/hook/path.ps1'
[1.723s] INFO:colcon.colcon_core.shell:Creating environment descriptor '/home/robostep/robot_arm/install/so101_hw_interface/share/so101_hw_interface/hook/path.dsv'
[1.723s] INFO:colcon.colcon_core.shell:Creating environment hook '/home/robostep/robot_arm/install/so101_hw_interface/share/so101_hw_interface/hook/path.sh'
[1.724s] Level 1:colcon.colcon_core.environment:checking '/home/robostep/robot_arm/install/so101_hw_interface/lib/pkgconfig/so101_hw_interface.pc'
[1.724s] Level 1:colcon.colcon_core.environment:checking '/home/robostep/robot_arm/install/so101_hw_interface/lib/python3.10/site-packages'
[1.724s] Level 1:colcon.colcon_core.shell:create_environment_hook('so101_hw_interface', 'pythonpath')
[1.724s] INFO:colcon.colcon_core.shell:Creating environment hook '/home/robostep/robot_arm/install/so101_hw_interface/share/so101_hw_interface/hook/pythonpath.ps1'
[1.725s] INFO:colcon.colcon_core.shell:Creating environment descriptor '/home/robostep/robot_arm/install/so101_hw_interface/share/so101_hw_interface/hook/pythonpath.dsv'
[1.725s] INFO:colcon.colcon_core.shell:Creating environment hook '/home/robostep/robot_arm/install/so101_hw_interface/share/so101_hw_interface/hook/pythonpath.sh'
[1.726s] Level 1:colcon.colcon_core.environment:checking '/home/robostep/robot_arm/install/so101_hw_interface/bin'
[1.726s] Level 1:colcon.colcon_core.shell:create_environment_hook('so101_hw_interface', 'pythonscriptspath')
[1.726s] INFO:colcon.colcon_core.shell:Creating environment hook '/home/robostep/robot_arm/install/so101_hw_interface/share/so101_hw_interface/hook/pythonscriptspath.ps1'
[1.727s] INFO:colcon.colcon_core.shell:Creating environment descriptor '/home/robostep/robot_arm/install/so101_hw_interface/share/so101_hw_interface/hook/pythonscriptspath.dsv'
[1.727s] INFO:colcon.colcon_core.shell:Creating environment hook '/home/robostep/robot_arm/install/so101_hw_interface/share/so101_hw_interface/hook/pythonscriptspath.sh'
[1.728s] Level 1:colcon.colcon_core.environment:create_environment_scripts_only(so101_hw_interface)
[1.728s] INFO:colcon.colcon_core.shell:Creating package script '/home/robostep/robot_arm/install/so101_hw_interface/share/so101_hw_interface/package.ps1'
[1.729s] INFO:colcon.colcon_core.shell:Creating package descriptor '/home/robostep/robot_arm/install/so101_hw_interface/share/so101_hw_interface/package.dsv'
[1.729s] INFO:colcon.colcon_core.shell:Creating package script '/home/robostep/robot_arm/install/so101_hw_interface/share/so101_hw_interface/package.sh'
[1.730s] INFO:colcon.colcon_core.shell:Creating package script '/home/robostep/robot_arm/install/so101_hw_interface/share/so101_hw_interface/package.bash'
[1.730s] INFO:colcon.colcon_core.shell:Creating package script '/home/robostep/robot_arm/install/so101_hw_interface/share/so101_hw_interface/package.zsh'
[1.731s] Level 1:colcon.colcon_core.environment:create_file_with_runtime_dependencies(/home/robostep/robot_arm/install/so101_hw_interface/share/colcon-core/packages/so101_hw_interface)
[1.731s] DEBUG:colcon.colcon_parallel_executor.executor.parallel:closing loop
[1.731s] DEBUG:colcon.colcon_parallel_executor.executor.parallel:loop closed
[1.732s] DEBUG:colcon.colcon_parallel_executor.executor.parallel:run_until_complete finished with '0'
[1.732s] DEBUG:colcon.colcon_core.event_reactor:joining thread
[1.738s] INFO:colcon.colcon_core.plugin_system:Skipping extension 'colcon_notification.desktop_notification.terminal_notifier': Not used on non-Darwin systems
[1.738s] INFO:colcon.colcon_core.plugin_system:Skipping extension 'colcon_notification.desktop_notification.win32': Not used on non-Windows systems
[1.738s] INFO:colcon.colcon_notification.desktop_notification:Sending desktop notification using 'notify2'
[1.751s] DEBUG:colcon.colcon_core.event_reactor:joined thread
[1.751s] INFO:colcon.colcon_core.shell:Creating prefix script '/home/robostep/robot_arm/install/local_setup.ps1'
[1.753s] INFO:colcon.colcon_core.shell:Creating prefix util module '/home/robostep/robot_arm/install/_local_setup_util_ps1.py'
[1.754s] INFO:colcon.colcon_core.shell:Creating prefix chain script '/home/robostep/robot_arm/install/setup.ps1'
[1.756s] INFO:colcon.colcon_core.shell:Creating prefix script '/home/robostep/robot_arm/install/local_setup.sh'
[1.757s] INFO:colcon.colcon_core.shell:Creating prefix util module '/home/robostep/robot_arm/install/_local_setup_util_sh.py'
[1.757s] INFO:colcon.colcon_core.shell:Creating prefix chain script '/home/robostep/robot_arm/install/setup.sh'
[1.759s] INFO:colcon.colcon_core.shell:Creating prefix script '/home/robostep/robot_arm/install/local_setup.bash'
[1.760s] INFO:colcon.colcon_core.shell:Creating prefix chain script '/home/robostep/robot_arm/install/setup.bash'
[1.761s] INFO:colcon.colcon_core.shell:Creating prefix script '/home/robostep/robot_arm/install/local_setup.zsh'
[1.761s] INFO:colcon.colcon_core.shell:Creating prefix chain script '/home/robostep/robot_arm/install/setup.zsh'
