running develop
running egg_info
writing so101_hw_interface.egg-info/PKG-INFO
writing dependency_links to so101_hw_interface.egg-info/dependency_links.txt
writing entry points to so101_hw_interface.egg-info/entry_points.txt
writing requirements to so101_hw_interface.egg-info/requires.txt
writing top-level names to so101_hw_interface.egg-info/top_level.txt
reading manifest file 'so101_hw_interface.egg-info/SOURCES.txt'
writing manifest file 'so101_hw_interface.egg-info/SOURCES.txt'
running build_ext
Creating /home/robostep/robot_arm/install/so101_hw_interface/lib/python3.10/site-packages/so101-hw-interface.egg-link (link to .)
Installing so101_calibrate script to /home/robostep/robot_arm/install/so101_hw_interface/bin
Installing so101_motor_bridge script to /home/robostep/robot_arm/install/so101_hw_interface/bin
Installing so101_read_steps script to /home/robostep/robot_arm/install/so101_hw_interface/bin

Installed /home/robostep/robot_arm/build/so101_hw_interface
running symlink_data
symbolically linking /home/robostep/robot_arm/build/so101_hw_interface/resource/so101_hw_interface -> /home/robostep/robot_arm/install/so101_hw_interface/share/ament_index/resource_index/packages
symbolically linking /home/robostep/robot_arm/build/so101_hw_interface/package.xml -> /home/robostep/robot_arm/install/so101_hw_interface/share/so101_hw_interface
symbolically linking /home/robostep/robot_arm/build/so101_hw_interface/launch/so101_hw.launch.py -> /home/robostep/robot_arm/install/so101_hw_interface/share/so101_hw_interface/launch
symbolically linking /home/robostep/robot_arm/build/so101_hw_interface/config/so101_calibration copy.yaml -> /home/robostep/robot_arm/install/so101_hw_interface/share/so101_hw_interface/config
symbolically linking /home/robostep/robot_arm/build/so101_hw_interface/config/so101_controllers.yaml -> /home/robostep/robot_arm/install/so101_hw_interface/share/so101_hw_interface/config
symbolically linking /home/robostep/robot_arm/build/so101_hw_interface/config/so101_calibration.yaml -> /home/robostep/robot_arm/install/so101_hw_interface/share/so101_hw_interface/config
symbolically linking /home/robostep/robot_arm/build/so101_hw_interface/urdf/so101_follower.urdf -> /home/robostep/robot_arm/install/so101_hw_interface/share/so101_hw_interface/urdf
symbolically linking /home/robostep/robot_arm/build/so101_hw_interface/resource/so101_hw_interface.xml -> /home/robostep/robot_arm/install/so101_hw_interface/share/so101_hw_interface/resource
symbolically linking /home/robostep/robot_arm/build/so101_hw_interface/scripts/so101_motor_bridge -> /home/robostep/robot_arm/install/so101_hw_interface/lib/so101_hw_interface
symbolically linking /home/robostep/robot_arm/build/so101_hw_interface/scripts/so101_calibrate -> /home/robostep/robot_arm/install/so101_hw_interface/lib/so101_hw_interface
symbolically linking /home/robostep/robot_arm/build/so101_hw_interface/scripts/so101_read_steps -> /home/robostep/robot_arm/install/so101_hw_interface/lib/so101_hw_interface
symbolically linking /home/robostep/robot_arm/build/so101_hw_interface/resource/so101_motor_bridge -> /home/robostep/robot_arm/install/so101_hw_interface/share/ament_index/resource_index/executables
symbolically linking /home/robostep/robot_arm/build/so101_hw_interface/resource/so101_calibrate -> /home/robostep/robot_arm/install/so101_hw_interface/share/ament_index/resource_index/executables
symbolically linking /home/robostep/robot_arm/build/so101_hw_interface/resource/so101_read_steps -> /home/robostep/robot_arm/install/so101_hw_interface/share/ament_index/resource_index/executables
