[0.895s] Invoking command in '/home/robostep/robot_arm/build/so101_hw_interface': PYTHONPATH=/home/robostep/robot_arm/build/so101_hw_interface/prefix_override:/usr/lib/python3/dist-packages/colcon_core/task/python/colcon_distutils_commands:/home/robostep/robot_arm/install/so101_hw_interface/lib/python3.10/site-packages:${PYTHONPATH} /usr/bin/python3 -W ignore:setup.py install is deprecated -W ignore:easy_install command is deprecated setup.py develop --editable --build-directory /home/robostep/robot_arm/build/so101_hw_interface/build --no-deps symlink_data --force
[1.266s] running develop
[1.576s] running egg_info
[1.576s] writing so101_hw_interface.egg-info/PKG-INFO
[1.576s] writing dependency_links to so101_hw_interface.egg-info/dependency_links.txt
[1.576s] writing entry points to so101_hw_interface.egg-info/entry_points.txt
[1.576s] writing requirements to so101_hw_interface.egg-info/requires.txt
[1.576s] writing top-level names to so101_hw_interface.egg-info/top_level.txt
[1.579s] reading manifest file 'so101_hw_interface.egg-info/SOURCES.txt'
[1.581s] writing manifest file 'so101_hw_interface.egg-info/SOURCES.txt'
[1.582s] running build_ext
[1.582s] Creating /home/robostep/robot_arm/install/so101_hw_interface/lib/python3.10/site-packages/so101-hw-interface.egg-link (link to .)
[1.583s] Installing so101_calibrate script to /home/robostep/robot_arm/install/so101_hw_interface/bin
[1.584s] Installing so101_motor_bridge script to /home/robostep/robot_arm/install/so101_hw_interface/bin
[1.584s] Installing so101_read_steps script to /home/robostep/robot_arm/install/so101_hw_interface/bin
[1.584s] 
[1.584s] Installed /home/robostep/robot_arm/build/so101_hw_interface
[1.585s] running symlink_data
[1.585s] symbolically linking /home/robostep/robot_arm/build/so101_hw_interface/resource/so101_hw_interface -> /home/robostep/robot_arm/install/so101_hw_interface/share/ament_index/resource_index/packages
[1.585s] symbolically linking /home/robostep/robot_arm/build/so101_hw_interface/package.xml -> /home/robostep/robot_arm/install/so101_hw_interface/share/so101_hw_interface
[1.585s] symbolically linking /home/robostep/robot_arm/build/so101_hw_interface/launch/so101_hw.launch.py -> /home/robostep/robot_arm/install/so101_hw_interface/share/so101_hw_interface/launch
[1.585s] symbolically linking /home/robostep/robot_arm/build/so101_hw_interface/config/so101_calibration copy.yaml -> /home/robostep/robot_arm/install/so101_hw_interface/share/so101_hw_interface/config
[1.585s] symbolically linking /home/robostep/robot_arm/build/so101_hw_interface/config/so101_controllers.yaml -> /home/robostep/robot_arm/install/so101_hw_interface/share/so101_hw_interface/config
[1.586s] symbolically linking /home/robostep/robot_arm/build/so101_hw_interface/config/so101_calibration.yaml -> /home/robostep/robot_arm/install/so101_hw_interface/share/so101_hw_interface/config
[1.586s] symbolically linking /home/robostep/robot_arm/build/so101_hw_interface/urdf/so101_follower.urdf -> /home/robostep/robot_arm/install/so101_hw_interface/share/so101_hw_interface/urdf
[1.586s] symbolically linking /home/robostep/robot_arm/build/so101_hw_interface/resource/so101_hw_interface.xml -> /home/robostep/robot_arm/install/so101_hw_interface/share/so101_hw_interface/resource
[1.586s] symbolically linking /home/robostep/robot_arm/build/so101_hw_interface/scripts/so101_motor_bridge -> /home/robostep/robot_arm/install/so101_hw_interface/lib/so101_hw_interface
[1.586s] symbolically linking /home/robostep/robot_arm/build/so101_hw_interface/scripts/so101_calibrate -> /home/robostep/robot_arm/install/so101_hw_interface/lib/so101_hw_interface
[1.586s] symbolically linking /home/robostep/robot_arm/build/so101_hw_interface/scripts/so101_read_steps -> /home/robostep/robot_arm/install/so101_hw_interface/lib/so101_hw_interface
[1.587s] symbolically linking /home/robostep/robot_arm/build/so101_hw_interface/resource/so101_motor_bridge -> /home/robostep/robot_arm/install/so101_hw_interface/share/ament_index/resource_index/executables
[1.587s] symbolically linking /home/robostep/robot_arm/build/so101_hw_interface/resource/so101_calibrate -> /home/robostep/robot_arm/install/so101_hw_interface/share/ament_index/resource_index/executables
[1.587s] symbolically linking /home/robostep/robot_arm/build/so101_hw_interface/resource/so101_read_steps -> /home/robostep/robot_arm/install/so101_hw_interface/share/ament_index/resource_index/executables
[1.631s] Invoked command in '/home/robostep/robot_arm/build/so101_hw_interface' returned '0': PYTHONPATH=/home/robostep/robot_arm/build/so101_hw_interface/prefix_override:/usr/lib/python3/dist-packages/colcon_core/task/python/colcon_distutils_commands:/home/robostep/robot_arm/install/so101_hw_interface/lib/python3.10/site-packages:${PYTHONPATH} /usr/bin/python3 -W ignore:setup.py install is deprecated -W ignore:easy_install command is deprecated setup.py develop --editable --build-directory /home/robostep/robot_arm/build/so101_hw_interface/build --no-deps symlink_data --force
