-- Install configuration: ""
-- Up-to-date: /home/robostep/robot_arm/install/so101_follower_description/share/so101_follower_description/urdf
-- Up-to-date: /home/robostep/robot_arm/install/so101_follower_description/share/so101_follower_description/urdf/so101_follower.urdf.xacro
-- Up-to-date: /home/robostep/robot_arm/install/so101_follower_description/share/so101_follower_description/launch
-- Up-to-date: /home/robostep/robot_arm/install/so101_follower_description/share/so101_follower_description/launch/display.launch.py
-- Up-to-date: /home/robostep/robot_arm/install/so101_follower_description/share/so101_follower_description/rviz
-- Up-to-date: /home/robostep/robot_arm/install/so101_follower_description/share/so101_follower_description/rviz/display.rviz
-- Up-to-date: /home/robostep/robot_arm/install/so101_follower_description/share/so101_follower_description/meshes
-- Up-to-date: /home/robostep/robot_arm/install/so101_follower_description/share/so101_follower_description/meshes/upper_arm_so101_v1.part
-- Up-to-date: /home/robostep/robot_arm/install/so101_follower_description/share/so101_follower_description/meshes/sts3215_03a_no_horn_v1.part
-- Up-to-date: /home/robostep/robot_arm/install/so101_follower_description/share/so101_follower_description/meshes/motor_holder_so101_base_v1.part
-- Up-to-date: /home/robostep/robot_arm/install/so101_follower_description/share/so101_follower_description/meshes/upper_arm_so101_v1.stl
-- Up-to-date: /home/robostep/robot_arm/install/so101_follower_description/share/so101_follower_description/meshes/sts3215_03a_v1.stl
-- Up-to-date: /home/robostep/robot_arm/install/so101_follower_description/share/so101_follower_description/meshes/motor_holder_so101_base_v1.stl
-- Up-to-date: /home/robostep/robot_arm/install/so101_follower_description/share/so101_follower_description/meshes/motor_holder_so101_wrist_v1.part
-- Up-to-date: /home/robostep/robot_arm/install/so101_follower_description/share/so101_follower_description/meshes/motor_holder_so101_wrist_v1.stl
-- Up-to-date: /home/robostep/robot_arm/install/so101_follower_description/share/so101_follower_description/meshes/rotation_pitch_so101_v1.part
-- Up-to-date: /home/robostep/robot_arm/install/so101_follower_description/share/so101_follower_description/meshes/wrist_roll_follower_so101_v1.part
-- Up-to-date: /home/robostep/robot_arm/install/so101_follower_description/share/so101_follower_description/meshes/rotation_pitch_so101_v1.stl
-- Up-to-date: /home/robostep/robot_arm/install/so101_follower_description/share/so101_follower_description/meshes/under_arm_so101_v1.part
-- Up-to-date: /home/robostep/robot_arm/install/so101_follower_description/share/so101_follower_description/meshes/wrist_roll_follower_so101_v1.stl
-- Up-to-date: /home/robostep/robot_arm/install/so101_follower_description/share/so101_follower_description/meshes/sts3215_03a_no_horn_v1.stl
-- Up-to-date: /home/robostep/robot_arm/install/so101_follower_description/share/so101_follower_description/meshes/base_motor_holder_so101_v1.part
-- Up-to-date: /home/robostep/robot_arm/install/so101_follower_description/share/so101_follower_description/meshes/waveshare_mounting_plate_so101_v2.stl
-- Up-to-date: /home/robostep/robot_arm/install/so101_follower_description/share/so101_follower_description/meshes/wrist_roll_pitch_so101_v2.part
-- Up-to-date: /home/robostep/robot_arm/install/so101_follower_description/share/so101_follower_description/meshes/wrist_roll_follower_so101_v1_nocamera.stl
-- Up-to-date: /home/robostep/robot_arm/install/so101_follower_description/share/so101_follower_description/meshes/base_motor_holder_so101_v1.stl
-- Up-to-date: /home/robostep/robot_arm/install/so101_follower_description/share/so101_follower_description/meshes/waveshare_mounting_plate_so101_v2.part
-- Up-to-date: /home/robostep/robot_arm/install/so101_follower_description/share/so101_follower_description/meshes/base_so101_v2.part
-- Up-to-date: /home/robostep/robot_arm/install/so101_follower_description/share/so101_follower_description/meshes/wrist_roll_pitch_so101_v2.stl
-- Up-to-date: /home/robostep/robot_arm/install/so101_follower_description/share/so101_follower_description/meshes/moving_jaw_so101_v1.stl
-- Up-to-date: /home/robostep/robot_arm/install/so101_follower_description/share/so101_follower_description/meshes/base_so101_v2.stl
-- Up-to-date: /home/robostep/robot_arm/install/so101_follower_description/share/so101_follower_description/meshes/under_arm_so101_v1.stl
-- Up-to-date: /home/robostep/robot_arm/install/so101_follower_description/share/so101_follower_description/meshes/moving_jaw_so101_v1.part
-- Up-to-date: /home/robostep/robot_arm/install/so101_follower_description/share/so101_follower_description/meshes/sts3215_03a_v1.part
-- Up-to-date: /home/robostep/robot_arm/install/so101_follower_description/share/ament_index/resource_index/package_run_dependencies/so101_follower_description
-- Up-to-date: /home/robostep/robot_arm/install/so101_follower_description/share/ament_index/resource_index/parent_prefix_path/so101_follower_description
-- Up-to-date: /home/robostep/robot_arm/install/so101_follower_description/share/so101_follower_description/environment/ament_prefix_path.sh
-- Up-to-date: /home/robostep/robot_arm/install/so101_follower_description/share/so101_follower_description/environment/ament_prefix_path.dsv
-- Up-to-date: /home/robostep/robot_arm/install/so101_follower_description/share/so101_follower_description/environment/path.sh
-- Up-to-date: /home/robostep/robot_arm/install/so101_follower_description/share/so101_follower_description/environment/path.dsv
-- Up-to-date: /home/robostep/robot_arm/install/so101_follower_description/share/so101_follower_description/local_setup.bash
-- Up-to-date: /home/robostep/robot_arm/install/so101_follower_description/share/so101_follower_description/local_setup.sh
-- Up-to-date: /home/robostep/robot_arm/install/so101_follower_description/share/so101_follower_description/local_setup.zsh
-- Up-to-date: /home/robostep/robot_arm/install/so101_follower_description/share/so101_follower_description/local_setup.dsv
-- Up-to-date: /home/robostep/robot_arm/install/so101_follower_description/share/so101_follower_description/package.dsv
-- Up-to-date: /home/robostep/robot_arm/install/so101_follower_description/share/ament_index/resource_index/packages/so101_follower_description
-- Up-to-date: /home/robostep/robot_arm/install/so101_follower_description/share/so101_follower_description/cmake/so101_follower_descriptionConfig.cmake
-- Up-to-date: /home/robostep/robot_arm/install/so101_follower_description/share/so101_follower_description/cmake/so101_follower_descriptionConfig-version.cmake
-- Up-to-date: /home/robostep/robot_arm/install/so101_follower_description/share/so101_follower_description/package.xml
