[0.010s] Invoking command in '/home/robostep/robot_arm/build/so101_follower_moveit': CMAKE_PREFIX_PATH=/home/robostep/robot_arm/install/so101_follower_description:/home/robostep/robot_arm/install/so101_follower_moveit:/home/robostep/robot_arm/install/so101_hw_interface:/opt/ros/iron /usr/bin/cmake --build /home/robostep/robot_arm/build/so101_follower_moveit -- -j8 -l8
[0.055s] Invoked command in '/home/robostep/robot_arm/build/so101_follower_moveit' returned '0': CMAKE_PREFIX_PATH=/home/robostep/robot_arm/install/so101_follower_description:/home/robostep/robot_arm/install/so101_follower_moveit:/home/robostep/robot_arm/install/so101_hw_interface:/opt/ros/iron /usr/bin/cmake --build /home/robostep/robot_arm/build/so101_follower_moveit -- -j8 -l8
[0.057s] Invoking command in '/home/robostep/robot_arm/build/so101_follower_moveit': CMAKE_PREFIX_PATH=/home/robostep/robot_arm/install/so101_follower_description:/home/robostep/robot_arm/install/so101_follower_moveit:/home/robostep/robot_arm/install/so101_hw_interface:/opt/ros/iron /usr/bin/cmake --install /home/robostep/robot_arm/build/so101_follower_moveit
[0.065s] -- Install configuration: ""
[0.066s] -- Up-to-date: /home/robostep/robot_arm/install/so101_follower_moveit/share/ament_index/resource_index/package_run_dependencies/so101_follower_moveit
[0.066s] -- Up-to-date: /home/robostep/robot_arm/install/so101_follower_moveit/share/ament_index/resource_index/parent_prefix_path/so101_follower_moveit
[0.066s] -- Up-to-date: /home/robostep/robot_arm/install/so101_follower_moveit/share/so101_follower_moveit/environment/ament_prefix_path.sh
[0.066s] -- Up-to-date: /home/robostep/robot_arm/install/so101_follower_moveit/share/so101_follower_moveit/environment/ament_prefix_path.dsv
[0.066s] -- Up-to-date: /home/robostep/robot_arm/install/so101_follower_moveit/share/so101_follower_moveit/environment/path.sh
[0.066s] -- Up-to-date: /home/robostep/robot_arm/install/so101_follower_moveit/share/so101_follower_moveit/environment/path.dsv
[0.066s] -- Up-to-date: /home/robostep/robot_arm/install/so101_follower_moveit/share/so101_follower_moveit/local_setup.bash
[0.067s] -- Up-to-date: /home/robostep/robot_arm/install/so101_follower_moveit/share/so101_follower_moveit/local_setup.sh
[0.067s] -- Up-to-date: /home/robostep/robot_arm/install/so101_follower_moveit/share/so101_follower_moveit/local_setup.zsh
[0.067s] -- Up-to-date: /home/robostep/robot_arm/install/so101_follower_moveit/share/so101_follower_moveit/local_setup.dsv
[0.067s] -- Up-to-date: /home/robostep/robot_arm/install/so101_follower_moveit/share/so101_follower_moveit/package.dsv
[0.067s] -- Up-to-date: /home/robostep/robot_arm/install/so101_follower_moveit/share/ament_index/resource_index/packages/so101_follower_moveit
[0.067s] -- Up-to-date: /home/robostep/robot_arm/install/so101_follower_moveit/share/so101_follower_moveit/cmake/so101_follower_moveitConfig.cmake
[0.067s] -- Up-to-date: /home/robostep/robot_arm/install/so101_follower_moveit/share/so101_follower_moveit/cmake/so101_follower_moveitConfig-version.cmake
[0.068s] -- Up-to-date: /home/robostep/robot_arm/install/so101_follower_moveit/share/so101_follower_moveit/package.xml
[0.068s] -- Up-to-date: /home/robostep/robot_arm/install/so101_follower_moveit/share/so101_follower_moveit/launch
[0.068s] -- Up-to-date: /home/robostep/robot_arm/install/so101_follower_moveit/share/so101_follower_moveit/launch/moveit_rviz.launch.py
[0.068s] -- Up-to-date: /home/robostep/robot_arm/install/so101_follower_moveit/share/so101_follower_moveit/launch/demo.launch.py
[0.068s] -- Up-to-date: /home/robostep/robot_arm/install/so101_follower_moveit/share/so101_follower_moveit/launch/spawn_controllers.launch.py
[0.068s] -- Up-to-date: /home/robostep/robot_arm/install/so101_follower_moveit/share/so101_follower_moveit/launch/setup_assistant.launch.py
[0.069s] -- Up-to-date: /home/robostep/robot_arm/install/so101_follower_moveit/share/so101_follower_moveit/launch/move_group.launch.py
[0.069s] -- Up-to-date: /home/robostep/robot_arm/install/so101_follower_moveit/share/so101_follower_moveit/launch/static_virtual_joint_tfs.launch.py
[0.070s] -- Up-to-date: /home/robostep/robot_arm/install/so101_follower_moveit/share/so101_follower_moveit/launch/rsp.launch.py
[0.070s] -- Up-to-date: /home/robostep/robot_arm/install/so101_follower_moveit/share/so101_follower_moveit/launch/warehouse_db.launch.py
[0.070s] -- Up-to-date: /home/robostep/robot_arm/install/so101_follower_moveit/share/so101_follower_moveit/config
[0.071s] -- Up-to-date: /home/robostep/robot_arm/install/so101_follower_moveit/share/so101_follower_moveit/config/joint_limits.yaml
[0.071s] -- Up-to-date: /home/robostep/robot_arm/install/so101_follower_moveit/share/so101_follower_moveit/config/moveit_controllers.yaml
[0.071s] -- Up-to-date: /home/robostep/robot_arm/install/so101_follower_moveit/share/so101_follower_moveit/config/so101_follower.srdf
[0.071s] -- Up-to-date: /home/robostep/robot_arm/install/so101_follower_moveit/share/so101_follower_moveit/config/so101_follower.urdf.xacro
[0.071s] -- Up-to-date: /home/robostep/robot_arm/install/so101_follower_moveit/share/so101_follower_moveit/config/ros2_controllers.yaml
[0.072s] -- Up-to-date: /home/robostep/robot_arm/install/so101_follower_moveit/share/so101_follower_moveit/config/moveit.rviz
[0.072s] -- Up-to-date: /home/robostep/robot_arm/install/so101_follower_moveit/share/so101_follower_moveit/config/kinematics.yaml
[0.072s] -- Up-to-date: /home/robostep/robot_arm/install/so101_follower_moveit/share/so101_follower_moveit/config/initial_positions.yaml
[0.073s] -- Up-to-date: /home/robostep/robot_arm/install/so101_follower_moveit/share/so101_follower_moveit/config/so101_follower.ros2_control.xacro
[0.073s] -- Up-to-date: /home/robostep/robot_arm/install/so101_follower_moveit/share/so101_follower_moveit/config/pilz_cartesian_limits.yaml
[0.073s] -- Up-to-date: /home/robostep/robot_arm/install/so101_follower_moveit/share/so101_follower_moveit/.setup_assistant
[0.073s] Invoked command in '/home/robostep/robot_arm/build/so101_follower_moveit' returned '0': CMAKE_PREFIX_PATH=/home/robostep/robot_arm/install/so101_follower_description:/home/robostep/robot_arm/install/so101_follower_moveit:/home/robostep/robot_arm/install/so101_hw_interface:/opt/ros/iron /usr/bin/cmake --install /home/robostep/robot_arm/build/so101_follower_moveit
