[0.240s] DEBUG:colcon:Command line arguments: ['/usr/bin/colcon', 'build']
[0.240s] DEBUG:colcon:Parsed command line arguments: Namespace(log_base=None, log_level=None, verb_name='build', build_base='build', install_base='install', merge_install=False, symlink_install=False, test_result_base=None, continue_on_error=False, executor='parallel', parallel_workers=8, event_handlers=None, ignore_user_meta=False, metas=['./colcon.meta'], base_paths=['.'], packages_ignore=None, packages_ignore_regex=None, paths=None, packages_up_to=None, packages_up_to_regex=None, packages_above=None, packages_above_and_dependencies=None, packages_above_depth=None, packages_select_by_dep=None, packages_skip_by_dep=None, packages_skip_up_to=None, packages_select_build_failed=False, packages_skip_build_finished=False, packages_select_test_failures=False, packages_skip_test_passed=False, packages_select=None, packages_skip=None, packages_select_regex=None, packages_skip_regex=None, packages_start=None, packages_end=None, allow_overriding=[], cmake_args=None, cmake_target=None, cmake_target_skip_unavailable=False, cmake_clean_cache=False, cmake_clean_first=False, cmake_force_configure=False, ament_cmake_args=None, catkin_cmake_args=None, catkin_skip_building_tests=False, mixin_files=None, mixin=None, verb_parser=<colcon_mixin.mixin.mixin_argument.MixinArgumentDecorator object at 0x7ed44d49c700>, verb_extension=<colcon_core.verb.build.BuildVerb object at 0x7ed44d411de0>, main=<bound method BuildVerb.main of <colcon_core.verb.build.BuildVerb object at 0x7ed44d411de0>>, mixin_verb=('build',))
[0.785s] Level 1:colcon.colcon_core.package_discovery:discover_packages(colcon_meta) check parameters
[0.785s] Level 1:colcon.colcon_core.package_discovery:discover_packages(recursive) check parameters
[0.786s] Level 1:colcon.colcon_core.package_discovery:discover_packages(ignore) check parameters
[0.786s] Level 1:colcon.colcon_core.package_discovery:discover_packages(path) check parameters
[0.786s] Level 1:colcon.colcon_core.package_discovery:discover_packages(colcon_meta) discover
[0.786s] Level 1:colcon.colcon_core.package_discovery:discover_packages(recursive) discover
[0.786s] INFO:colcon.colcon_core.package_discovery:Crawling recursively for packages in '/home/robostep/robot_arm'
[0.786s] Level 1:colcon.colcon_core.package_identification:_identify(.) by extensions ['ignore', 'ignore_ament_install']
[0.786s] Level 1:colcon.colcon_core.package_identification:_identify(.) by extension 'ignore'
[0.786s] Level 1:colcon.colcon_core.package_identification:_identify(.) by extension 'ignore_ament_install'
[0.786s] Level 1:colcon.colcon_core.package_identification:_identify(.) by extensions ['colcon_pkg']
[0.786s] Level 1:colcon.colcon_core.package_identification:_identify(.) by extension 'colcon_pkg'
[0.786s] Level 1:colcon.colcon_core.package_identification:_identify(.) by extensions ['colcon_meta']
[0.786s] Level 1:colcon.colcon_core.package_identification:_identify(.) by extension 'colcon_meta'
[0.786s] Level 1:colcon.colcon_core.package_identification:_identify(.) by extensions ['ros']
[0.786s] Level 1:colcon.colcon_core.package_identification:_identify(.) by extension 'ros'
[0.815s] Level 1:colcon.colcon_core.package_identification:_identify(.) by extensions ['cmake', 'python']
[0.815s] Level 1:colcon.colcon_core.package_identification:_identify(.) by extension 'cmake'
[0.815s] Level 1:colcon.colcon_core.package_identification:_identify(.) by extension 'python'
[0.815s] Level 1:colcon.colcon_core.package_identification:_identify(.) by extensions ['python_setup_py']
[0.815s] Level 1:colcon.colcon_core.package_identification:_identify(.) by extension 'python_setup_py'
[0.815s] Level 1:colcon.colcon_core.package_identification:_identify(Lerobot_ros2) by extensions ['ignore', 'ignore_ament_install']
[0.815s] Level 1:colcon.colcon_core.package_identification:_identify(Lerobot_ros2) by extension 'ignore'
[0.815s] Level 1:colcon.colcon_core.package_identification:_identify(Lerobot_ros2) by extension 'ignore_ament_install'
[0.816s] Level 1:colcon.colcon_core.package_identification:_identify(Lerobot_ros2) by extensions ['colcon_pkg']
[0.816s] Level 1:colcon.colcon_core.package_identification:_identify(Lerobot_ros2) by extension 'colcon_pkg'
[0.816s] Level 1:colcon.colcon_core.package_identification:_identify(Lerobot_ros2) by extensions ['colcon_meta']
[0.816s] Level 1:colcon.colcon_core.package_identification:_identify(Lerobot_ros2) by extension 'colcon_meta'
[0.816s] Level 1:colcon.colcon_core.package_identification:_identify(Lerobot_ros2) by extensions ['ros']
[0.816s] Level 1:colcon.colcon_core.package_identification:_identify(Lerobot_ros2) by extension 'ros'
[0.816s] Level 1:colcon.colcon_core.package_identification:_identify(Lerobot_ros2) by extensions ['cmake', 'python']
[0.816s] Level 1:colcon.colcon_core.package_identification:_identify(Lerobot_ros2) by extension 'cmake'
[0.816s] Level 1:colcon.colcon_core.package_identification:_identify(Lerobot_ros2) by extension 'python'
[0.816s] Level 1:colcon.colcon_core.package_identification:_identify(Lerobot_ros2) by extensions ['python_setup_py']
[0.816s] Level 1:colcon.colcon_core.package_identification:_identify(Lerobot_ros2) by extension 'python_setup_py'
[0.816s] Level 1:colcon.colcon_core.package_identification:_identify(Lerobot_ros2/src) by extensions ['ignore', 'ignore_ament_install']
[0.816s] Level 1:colcon.colcon_core.package_identification:_identify(Lerobot_ros2/src) by extension 'ignore'
[0.816s] Level 1:colcon.colcon_core.package_identification:_identify(Lerobot_ros2/src) by extension 'ignore_ament_install'
[0.817s] Level 1:colcon.colcon_core.package_identification:_identify(Lerobot_ros2/src) by extensions ['colcon_pkg']
[0.817s] Level 1:colcon.colcon_core.package_identification:_identify(Lerobot_ros2/src) by extension 'colcon_pkg'
[0.817s] Level 1:colcon.colcon_core.package_identification:_identify(Lerobot_ros2/src) by extensions ['colcon_meta']
[0.817s] Level 1:colcon.colcon_core.package_identification:_identify(Lerobot_ros2/src) by extension 'colcon_meta'
[0.817s] Level 1:colcon.colcon_core.package_identification:_identify(Lerobot_ros2/src) by extensions ['ros']
[0.817s] Level 1:colcon.colcon_core.package_identification:_identify(Lerobot_ros2/src) by extension 'ros'
[0.817s] Level 1:colcon.colcon_core.package_identification:_identify(Lerobot_ros2/src) by extensions ['cmake', 'python']
[0.817s] Level 1:colcon.colcon_core.package_identification:_identify(Lerobot_ros2/src) by extension 'cmake'
[0.817s] Level 1:colcon.colcon_core.package_identification:_identify(Lerobot_ros2/src) by extension 'python'
[0.817s] Level 1:colcon.colcon_core.package_identification:_identify(Lerobot_ros2/src) by extensions ['python_setup_py']
[0.817s] Level 1:colcon.colcon_core.package_identification:_identify(Lerobot_ros2/src) by extension 'python_setup_py'
[0.817s] Level 1:colcon.colcon_core.package_identification:_identify(Lerobot_ros2/src/so101_follower_description) by extensions ['ignore', 'ignore_ament_install']
[0.817s] Level 1:colcon.colcon_core.package_identification:_identify(Lerobot_ros2/src/so101_follower_description) by extension 'ignore'
[0.817s] Level 1:colcon.colcon_core.package_identification:_identify(Lerobot_ros2/src/so101_follower_description) by extension 'ignore_ament_install'
[0.818s] Level 1:colcon.colcon_core.package_identification:_identify(Lerobot_ros2/src/so101_follower_description) by extensions ['colcon_pkg']
[0.818s] Level 1:colcon.colcon_core.package_identification:_identify(Lerobot_ros2/src/so101_follower_description) by extension 'colcon_pkg'
[0.818s] Level 1:colcon.colcon_core.package_identification:_identify(Lerobot_ros2/src/so101_follower_description) by extensions ['colcon_meta']
[0.818s] Level 1:colcon.colcon_core.package_identification:_identify(Lerobot_ros2/src/so101_follower_description) by extension 'colcon_meta'
[0.818s] Level 1:colcon.colcon_core.package_identification:_identify(Lerobot_ros2/src/so101_follower_description) by extensions ['ros']
[0.818s] Level 1:colcon.colcon_core.package_identification:_identify(Lerobot_ros2/src/so101_follower_description) by extension 'ros'
[0.823s] DEBUG:colcon.colcon_core.package_identification:Package 'Lerobot_ros2/src/so101_follower_description' with type 'ros.ament_cmake' and name 'so101_follower_description'
[0.823s] Level 1:colcon.colcon_core.package_identification:_identify(Lerobot_ros2/src/so101_follower_moveit) by extensions ['ignore', 'ignore_ament_install']
[0.823s] Level 1:colcon.colcon_core.package_identification:_identify(Lerobot_ros2/src/so101_follower_moveit) by extension 'ignore'
[0.823s] Level 1:colcon.colcon_core.package_identification:_identify(Lerobot_ros2/src/so101_follower_moveit) by extension 'ignore_ament_install'
[0.823s] Level 1:colcon.colcon_core.package_identification:_identify(Lerobot_ros2/src/so101_follower_moveit) by extensions ['colcon_pkg']
[0.823s] Level 1:colcon.colcon_core.package_identification:_identify(Lerobot_ros2/src/so101_follower_moveit) by extension 'colcon_pkg'
[0.823s] Level 1:colcon.colcon_core.package_identification:_identify(Lerobot_ros2/src/so101_follower_moveit) by extensions ['colcon_meta']
[0.823s] Level 1:colcon.colcon_core.package_identification:_identify(Lerobot_ros2/src/so101_follower_moveit) by extension 'colcon_meta'
[0.823s] Level 1:colcon.colcon_core.package_identification:_identify(Lerobot_ros2/src/so101_follower_moveit) by extensions ['ros']
[0.824s] Level 1:colcon.colcon_core.package_identification:_identify(Lerobot_ros2/src/so101_follower_moveit) by extension 'ros'
[0.825s] DEBUG:colcon.colcon_core.package_identification:Package 'Lerobot_ros2/src/so101_follower_moveit' with type 'ros.ament_cmake' and name 'so101_follower_moveit'
[0.825s] Level 1:colcon.colcon_core.package_identification:_identify(Lerobot_ros2/src/so101_hw_interface) by extensions ['ignore', 'ignore_ament_install']
[0.825s] Level 1:colcon.colcon_core.package_identification:_identify(Lerobot_ros2/src/so101_hw_interface) by extension 'ignore'
[0.825s] Level 1:colcon.colcon_core.package_identification:_identify(Lerobot_ros2/src/so101_hw_interface) by extension 'ignore_ament_install'
[0.825s] Level 1:colcon.colcon_core.package_identification:_identify(Lerobot_ros2/src/so101_hw_interface) by extensions ['colcon_pkg']
[0.825s] Level 1:colcon.colcon_core.package_identification:_identify(Lerobot_ros2/src/so101_hw_interface) by extension 'colcon_pkg'
[0.826s] Level 1:colcon.colcon_core.package_identification:_identify(Lerobot_ros2/src/so101_hw_interface) by extensions ['colcon_meta']
[0.826s] Level 1:colcon.colcon_core.package_identification:_identify(Lerobot_ros2/src/so101_hw_interface) by extension 'colcon_meta'
[0.826s] Level 1:colcon.colcon_core.package_identification:_identify(Lerobot_ros2/src/so101_hw_interface) by extensions ['ros']
[0.826s] Level 1:colcon.colcon_core.package_identification:_identify(Lerobot_ros2/src/so101_hw_interface) by extension 'ros'
[0.827s] DEBUG:colcon.colcon_core.package_identification:Package 'Lerobot_ros2/src/so101_hw_interface' with type 'ros.ament_python' and name 'so101_hw_interface'
[0.827s] Level 1:colcon.colcon_core.package_identification:_identify(Lerobot_ros2/src/topic_based_ros2_control) by extensions ['ignore', 'ignore_ament_install']
[0.827s] Level 1:colcon.colcon_core.package_identification:_identify(Lerobot_ros2/src/topic_based_ros2_control) by extension 'ignore'
[0.827s] Level 1:colcon.colcon_core.package_identification:_identify(Lerobot_ros2/src/topic_based_ros2_control) by extension 'ignore_ament_install'
[0.827s] Level 1:colcon.colcon_core.package_identification:_identify(Lerobot_ros2/src/topic_based_ros2_control) by extensions ['colcon_pkg']
[0.827s] Level 1:colcon.colcon_core.package_identification:_identify(Lerobot_ros2/src/topic_based_ros2_control) by extension 'colcon_pkg'
[0.827s] Level 1:colcon.colcon_core.package_identification:_identify(Lerobot_ros2/src/topic_based_ros2_control) by extensions ['colcon_meta']
[0.827s] Level 1:colcon.colcon_core.package_identification:_identify(Lerobot_ros2/src/topic_based_ros2_control) by extension 'colcon_meta'
[0.827s] Level 1:colcon.colcon_core.package_identification:_identify(Lerobot_ros2/src/topic_based_ros2_control) by extensions ['ros']
[0.827s] Level 1:colcon.colcon_core.package_identification:_identify(Lerobot_ros2/src/topic_based_ros2_control) by extension 'ros'
[0.828s] Level 1:colcon.colcon_core.package_identification:_identify(Lerobot_ros2/src/topic_based_ros2_control) by extensions ['cmake', 'python']
[0.828s] Level 1:colcon.colcon_core.package_identification:_identify(Lerobot_ros2/src/topic_based_ros2_control) by extension 'cmake'
[0.828s] Level 1:colcon.colcon_core.package_identification:_identify(Lerobot_ros2/src/topic_based_ros2_control) by extension 'python'
[0.828s] Level 1:colcon.colcon_core.package_identification:_identify(Lerobot_ros2/src/topic_based_ros2_control) by extensions ['python_setup_py']
[0.828s] Level 1:colcon.colcon_core.package_identification:_identify(Lerobot_ros2/src/topic_based_ros2_control) by extension 'python_setup_py'
[0.828s] Level 1:colcon.colcon_core.package_identification:_identify(build) by extensions ['ignore', 'ignore_ament_install']
[0.828s] Level 1:colcon.colcon_core.package_identification:_identify(build) by extension 'ignore'
[0.828s] Level 1:colcon.colcon_core.package_identification:_identify(build) ignored
[0.828s] Level 1:colcon.colcon_core.package_identification:_identify(install) by extensions ['ignore', 'ignore_ament_install']
[0.828s] Level 1:colcon.colcon_core.package_identification:_identify(install) by extension 'ignore'
[0.828s] Level 1:colcon.colcon_core.package_identification:_identify(install) ignored
[0.829s] Level 1:colcon.colcon_core.package_identification:_identify(log) by extensions ['ignore', 'ignore_ament_install']
[0.829s] Level 1:colcon.colcon_core.package_identification:_identify(log) by extension 'ignore'
[0.829s] Level 1:colcon.colcon_core.package_identification:_identify(log) ignored
[0.829s] Level 1:colcon.colcon_core.package_discovery:discover_packages(recursive) using defaults
[0.829s] Level 1:colcon.colcon_core.package_discovery:discover_packages(ignore) discover
[0.829s] Level 1:colcon.colcon_core.package_discovery:discover_packages(ignore) using defaults
[0.829s] Level 1:colcon.colcon_core.package_discovery:discover_packages(path) discover
[0.829s] Level 1:colcon.colcon_core.package_discovery:discover_packages(path) using defaults
[0.861s] Level 1:colcon.colcon_core.package_discovery:discover_packages(prefix_path) check parameters
[0.861s] Level 1:colcon.colcon_core.package_discovery:discover_packages(prefix_path) discover
[0.865s] DEBUG:colcon.colcon_installed_package_information.package_discovery:Found 3 installed packages in /home/robostep/robot_arm/install
[0.867s] DEBUG:colcon.colcon_installed_package_information.package_discovery:Found 401 installed packages in /opt/ros/iron
[0.870s] Level 1:colcon.colcon_core.package_discovery:discover_packages(prefix_path) using defaults
[0.940s] Level 5:colcon.colcon_core.verb:set package 'so101_follower_description' build argument 'cmake_args' from command line to 'None'
[0.940s] Level 5:colcon.colcon_core.verb:set package 'so101_follower_description' build argument 'cmake_target' from command line to 'None'
[0.940s] Level 5:colcon.colcon_core.verb:set package 'so101_follower_description' build argument 'cmake_target_skip_unavailable' from command line to 'False'
[0.940s] Level 5:colcon.colcon_core.verb:set package 'so101_follower_description' build argument 'cmake_clean_cache' from command line to 'False'
[0.940s] Level 5:colcon.colcon_core.verb:set package 'so101_follower_description' build argument 'cmake_clean_first' from command line to 'False'
[0.940s] Level 5:colcon.colcon_core.verb:set package 'so101_follower_description' build argument 'cmake_force_configure' from command line to 'False'
[0.940s] Level 5:colcon.colcon_core.verb:set package 'so101_follower_description' build argument 'ament_cmake_args' from command line to 'None'
[0.940s] Level 5:colcon.colcon_core.verb:set package 'so101_follower_description' build argument 'catkin_cmake_args' from command line to 'None'
[0.940s] Level 5:colcon.colcon_core.verb:set package 'so101_follower_description' build argument 'catkin_skip_building_tests' from command line to 'False'
[0.940s] DEBUG:colcon.colcon_core.verb:Building package 'so101_follower_description' with the following arguments: {'ament_cmake_args': None, 'build_base': '/home/robostep/robot_arm/build/so101_follower_description', 'catkin_cmake_args': None, 'catkin_skip_building_tests': False, 'cmake_args': None, 'cmake_clean_cache': False, 'cmake_clean_first': False, 'cmake_force_configure': False, 'cmake_target': None, 'cmake_target_skip_unavailable': False, 'install_base': '/home/robostep/robot_arm/install/so101_follower_description', 'merge_install': False, 'path': '/home/robostep/robot_arm/Lerobot_ros2/src/so101_follower_description', 'symlink_install': False, 'test_result_base': None}
[0.940s] Level 5:colcon.colcon_core.verb:set package 'so101_hw_interface' build argument 'cmake_args' from command line to 'None'
[0.940s] Level 5:colcon.colcon_core.verb:set package 'so101_hw_interface' build argument 'cmake_target' from command line to 'None'
[0.941s] Level 5:colcon.colcon_core.verb:set package 'so101_hw_interface' build argument 'cmake_target_skip_unavailable' from command line to 'False'
[0.941s] Level 5:colcon.colcon_core.verb:set package 'so101_hw_interface' build argument 'cmake_clean_cache' from command line to 'False'
[0.941s] Level 5:colcon.colcon_core.verb:set package 'so101_hw_interface' build argument 'cmake_clean_first' from command line to 'False'
[0.941s] Level 5:colcon.colcon_core.verb:set package 'so101_hw_interface' build argument 'cmake_force_configure' from command line to 'False'
[0.941s] Level 5:colcon.colcon_core.verb:set package 'so101_hw_interface' build argument 'ament_cmake_args' from command line to 'None'
[0.941s] Level 5:colcon.colcon_core.verb:set package 'so101_hw_interface' build argument 'catkin_cmake_args' from command line to 'None'
[0.941s] Level 5:colcon.colcon_core.verb:set package 'so101_hw_interface' build argument 'catkin_skip_building_tests' from command line to 'False'
[0.941s] DEBUG:colcon.colcon_core.verb:Building package 'so101_hw_interface' with the following arguments: {'ament_cmake_args': None, 'build_base': '/home/robostep/robot_arm/build/so101_hw_interface', 'catkin_cmake_args': None, 'catkin_skip_building_tests': False, 'cmake_args': None, 'cmake_clean_cache': False, 'cmake_clean_first': False, 'cmake_force_configure': False, 'cmake_target': None, 'cmake_target_skip_unavailable': False, 'install_base': '/home/robostep/robot_arm/install/so101_hw_interface', 'merge_install': False, 'path': '/home/robostep/robot_arm/Lerobot_ros2/src/so101_hw_interface', 'symlink_install': False, 'test_result_base': None}
[0.941s] Level 5:colcon.colcon_core.verb:set package 'so101_follower_moveit' build argument 'cmake_args' from command line to 'None'
[0.941s] Level 5:colcon.colcon_core.verb:set package 'so101_follower_moveit' build argument 'cmake_target' from command line to 'None'
[0.941s] Level 5:colcon.colcon_core.verb:set package 'so101_follower_moveit' build argument 'cmake_target_skip_unavailable' from command line to 'False'
[0.941s] Level 5:colcon.colcon_core.verb:set package 'so101_follower_moveit' build argument 'cmake_clean_cache' from command line to 'False'
[0.941s] Level 5:colcon.colcon_core.verb:set package 'so101_follower_moveit' build argument 'cmake_clean_first' from command line to 'False'
[0.941s] Level 5:colcon.colcon_core.verb:set package 'so101_follower_moveit' build argument 'cmake_force_configure' from command line to 'False'
[0.941s] Level 5:colcon.colcon_core.verb:set package 'so101_follower_moveit' build argument 'ament_cmake_args' from command line to 'None'
[0.941s] Level 5:colcon.colcon_core.verb:set package 'so101_follower_moveit' build argument 'catkin_cmake_args' from command line to 'None'
[0.941s] Level 5:colcon.colcon_core.verb:set package 'so101_follower_moveit' build argument 'catkin_skip_building_tests' from command line to 'False'
[0.941s] DEBUG:colcon.colcon_core.verb:Building package 'so101_follower_moveit' with the following arguments: {'ament_cmake_args': None, 'build_base': '/home/robostep/robot_arm/build/so101_follower_moveit', 'catkin_cmake_args': None, 'catkin_skip_building_tests': False, 'cmake_args': None, 'cmake_clean_cache': False, 'cmake_clean_first': False, 'cmake_force_configure': False, 'cmake_target': None, 'cmake_target_skip_unavailable': False, 'install_base': '/home/robostep/robot_arm/install/so101_follower_moveit', 'merge_install': False, 'path': '/home/robostep/robot_arm/Lerobot_ros2/src/so101_follower_moveit', 'symlink_install': False, 'test_result_base': None}
[0.942s] INFO:colcon.colcon_core.executor:Executing jobs using 'parallel' executor
[0.943s] DEBUG:colcon.colcon_parallel_executor.executor.parallel:run_until_complete
[0.943s] INFO:colcon.colcon_ros.task.ament_cmake.build:Building ROS package in '/home/robostep/robot_arm/Lerobot_ros2/src/so101_follower_description' with build type 'ament_cmake'
[0.943s] INFO:colcon.colcon_cmake.task.cmake.build:Building CMake package in '/home/robostep/robot_arm/Lerobot_ros2/src/so101_follower_description'
[0.948s] INFO:colcon.colcon_core.plugin_system:Skipping extension 'colcon_core.shell.bat': Not used on non-Windows systems
[0.949s] INFO:colcon.colcon_core.shell:Skip shell extension 'powershell' for command environment: Not usable outside of PowerShell
[0.949s] DEBUG:colcon.colcon_core.shell:Skip shell extension 'dsv' for command environment
[0.954s] INFO:colcon.colcon_ros.task.ament_python.build:Building ROS package in '/home/robostep/robot_arm/Lerobot_ros2/src/so101_hw_interface' with build type 'ament_python'
[0.955s] Level 1:colcon.colcon_core.shell:create_environment_hook('so101_hw_interface', 'ament_prefix_path')
[0.955s] INFO:colcon.colcon_core.shell:Creating environment hook '/home/robostep/robot_arm/install/so101_hw_interface/share/so101_hw_interface/hook/ament_prefix_path.ps1'
[0.956s] INFO:colcon.colcon_core.shell:Creating environment descriptor '/home/robostep/robot_arm/install/so101_hw_interface/share/so101_hw_interface/hook/ament_prefix_path.dsv'
[0.957s] INFO:colcon.colcon_core.shell:Creating environment hook '/home/robostep/robot_arm/install/so101_hw_interface/share/so101_hw_interface/hook/ament_prefix_path.sh'
[0.958s] INFO:colcon.colcon_core.shell:Skip shell extension 'powershell' for command environment: Not usable outside of PowerShell
[0.958s] DEBUG:colcon.colcon_core.shell:Skip shell extension 'dsv' for command environment
[0.967s] DEBUG:colcon.colcon_core.event_handler.log_command:Invoking command in '/home/robostep/robot_arm/build/so101_follower_description': CMAKE_PREFIX_PATH=${CMAKE_PREFIX_PATH}:/home/robostep/robot_arm/install/so101_hw_interface:/opt/ros/iron /usr/bin/cmake --build /home/robostep/robot_arm/build/so101_follower_description -- -j8 -l8
[1.384s] INFO:colcon.colcon_core.task.python.build:Building Python package in '/home/robostep/robot_arm/Lerobot_ros2/src/so101_hw_interface'
[1.384s] INFO:colcon.colcon_core.shell:Skip shell extension 'powershell' for command environment: Not usable outside of PowerShell
[1.384s] DEBUG:colcon.colcon_core.shell:Skip shell extension 'dsv' for command environment
[1.390s] DEBUG:colcon.colcon_core.event_handler.log_command:Invoked command in '/home/robostep/robot_arm/build/so101_follower_description' returned '0': CMAKE_PREFIX_PATH=${CMAKE_PREFIX_PATH}:/home/robostep/robot_arm/install/so101_hw_interface:/opt/ros/iron /usr/bin/cmake --build /home/robostep/robot_arm/build/so101_follower_description -- -j8 -l8
[1.403s] DEBUG:colcon.colcon_core.event_handler.log_command:Invoking command in '/home/robostep/robot_arm/build/so101_follower_description': CMAKE_PREFIX_PATH=${CMAKE_PREFIX_PATH}:/home/robostep/robot_arm/install/so101_hw_interface:/opt/ros/iron /usr/bin/cmake --install /home/robostep/robot_arm/build/so101_follower_description
[1.418s] Level 1:colcon.colcon_core.environment:create_environment_scripts_only(so101_follower_description)
[1.421s] DEBUG:colcon.colcon_core.event_handler.log_command:Invoked command in '/home/robostep/robot_arm/build/so101_follower_description' returned '0': CMAKE_PREFIX_PATH=${CMAKE_PREFIX_PATH}:/home/robostep/robot_arm/install/so101_hw_interface:/opt/ros/iron /usr/bin/cmake --install /home/robostep/robot_arm/build/so101_follower_description
[1.426s] Level 1:colcon.colcon_core.environment:checking '/home/robostep/robot_arm/install/so101_follower_description' for CMake module files
[1.426s] Level 1:colcon.colcon_core.environment:checking '/home/robostep/robot_arm/install/so101_follower_description' for CMake config files
[1.427s] Level 1:colcon.colcon_core.shell:create_environment_hook('so101_follower_description', 'cmake_prefix_path')
[1.427s] INFO:colcon.colcon_core.shell:Creating environment hook '/home/robostep/robot_arm/install/so101_follower_description/share/so101_follower_description/hook/cmake_prefix_path.ps1'
[1.427s] INFO:colcon.colcon_core.shell:Creating environment descriptor '/home/robostep/robot_arm/install/so101_follower_description/share/so101_follower_description/hook/cmake_prefix_path.dsv'
[1.428s] INFO:colcon.colcon_core.shell:Creating environment hook '/home/robostep/robot_arm/install/so101_follower_description/share/so101_follower_description/hook/cmake_prefix_path.sh'
[1.428s] Level 1:colcon.colcon_core.environment:checking '/home/robostep/robot_arm/install/so101_follower_description/bin'
[1.428s] Level 1:colcon.colcon_core.environment:checking '/home/robostep/robot_arm/install/so101_follower_description/lib/pkgconfig/so101_follower_description.pc'
[1.429s] Level 1:colcon.colcon_core.environment:checking '/home/robostep/robot_arm/install/so101_follower_description/lib/python3.10/site-packages'
[1.429s] Level 1:colcon.colcon_core.environment:checking '/home/robostep/robot_arm/install/so101_follower_description/bin'
[1.429s] INFO:colcon.colcon_core.shell:Creating package script '/home/robostep/robot_arm/install/so101_follower_description/share/so101_follower_description/package.ps1'
[1.430s] INFO:colcon.colcon_core.shell:Creating package descriptor '/home/robostep/robot_arm/install/so101_follower_description/share/so101_follower_description/package.dsv'
[1.431s] INFO:colcon.colcon_core.shell:Creating package script '/home/robostep/robot_arm/install/so101_follower_description/share/so101_follower_description/package.sh'
[1.432s] INFO:colcon.colcon_core.shell:Creating package script '/home/robostep/robot_arm/install/so101_follower_description/share/so101_follower_description/package.bash'
[1.434s] INFO:colcon.colcon_core.shell:Creating package script '/home/robostep/robot_arm/install/so101_follower_description/share/so101_follower_description/package.zsh'
[1.435s] Level 1:colcon.colcon_core.environment:create_file_with_runtime_dependencies(/home/robostep/robot_arm/install/so101_follower_description/share/colcon-core/packages/so101_follower_description)
[1.436s] Level 1:colcon.colcon_core.environment:create_environment_scripts_only(so101_follower_description)
[1.436s] Level 1:colcon.colcon_core.environment:checking '/home/robostep/robot_arm/install/so101_follower_description' for CMake module files
[1.436s] Level 1:colcon.colcon_core.environment:checking '/home/robostep/robot_arm/install/so101_follower_description' for CMake config files
[1.437s] Level 1:colcon.colcon_core.shell:create_environment_hook('so101_follower_description', 'cmake_prefix_path')
[1.437s] INFO:colcon.colcon_core.shell:Creating environment hook '/home/robostep/robot_arm/install/so101_follower_description/share/so101_follower_description/hook/cmake_prefix_path.ps1'
[1.437s] INFO:colcon.colcon_core.shell:Creating environment descriptor '/home/robostep/robot_arm/install/so101_follower_description/share/so101_follower_description/hook/cmake_prefix_path.dsv'
[1.438s] INFO:colcon.colcon_core.shell:Creating environment hook '/home/robostep/robot_arm/install/so101_follower_description/share/so101_follower_description/hook/cmake_prefix_path.sh'
[1.438s] Level 1:colcon.colcon_core.environment:checking '/home/robostep/robot_arm/install/so101_follower_description/bin'
[1.438s] Level 1:colcon.colcon_core.environment:checking '/home/robostep/robot_arm/install/so101_follower_description/lib/pkgconfig/so101_follower_description.pc'
[1.439s] Level 1:colcon.colcon_core.environment:checking '/home/robostep/robot_arm/install/so101_follower_description/lib/python3.10/site-packages'
[1.439s] Level 1:colcon.colcon_core.environment:checking '/home/robostep/robot_arm/install/so101_follower_description/bin'
[1.439s] INFO:colcon.colcon_core.shell:Creating package script '/home/robostep/robot_arm/install/so101_follower_description/share/so101_follower_description/package.ps1'
[1.440s] INFO:colcon.colcon_core.shell:Creating package descriptor '/home/robostep/robot_arm/install/so101_follower_description/share/so101_follower_description/package.dsv'
[1.440s] INFO:colcon.colcon_core.shell:Creating package script '/home/robostep/robot_arm/install/so101_follower_description/share/so101_follower_description/package.sh'
[1.441s] INFO:colcon.colcon_core.shell:Creating package script '/home/robostep/robot_arm/install/so101_follower_description/share/so101_follower_description/package.bash'
[1.441s] INFO:colcon.colcon_core.shell:Creating package script '/home/robostep/robot_arm/install/so101_follower_description/share/so101_follower_description/package.zsh'
[1.442s] Level 1:colcon.colcon_core.environment:create_file_with_runtime_dependencies(/home/robostep/robot_arm/install/so101_follower_description/share/colcon-core/packages/so101_follower_description)
[1.442s] INFO:colcon.colcon_ros.task.ament_cmake.build:Building ROS package in '/home/robostep/robot_arm/Lerobot_ros2/src/so101_follower_moveit' with build type 'ament_cmake'
[1.442s] INFO:colcon.colcon_cmake.task.cmake.build:Building CMake package in '/home/robostep/robot_arm/Lerobot_ros2/src/so101_follower_moveit'
[1.443s] INFO:colcon.colcon_core.shell:Skip shell extension 'powershell' for command environment: Not usable outside of PowerShell
[1.443s] DEBUG:colcon.colcon_core.shell:Skip shell extension 'dsv' for command environment
[1.454s] DEBUG:colcon.colcon_core.event_handler.log_command:Invoking command in '/home/robostep/robot_arm/build/so101_follower_moveit': CMAKE_PREFIX_PATH=/home/robostep/robot_arm/install/so101_follower_description:/home/robostep/robot_arm/install/so101_follower_moveit:/home/robostep/robot_arm/install/so101_hw_interface:/opt/ros/iron /usr/bin/cmake --build /home/robostep/robot_arm/build/so101_follower_moveit -- -j8 -l8
[1.499s] DEBUG:colcon.colcon_core.event_handler.log_command:Invoked command in '/home/robostep/robot_arm/build/so101_follower_moveit' returned '0': CMAKE_PREFIX_PATH=/home/robostep/robot_arm/install/so101_follower_description:/home/robostep/robot_arm/install/so101_follower_moveit:/home/robostep/robot_arm/install/so101_hw_interface:/opt/ros/iron /usr/bin/cmake --build /home/robostep/robot_arm/build/so101_follower_moveit -- -j8 -l8
[1.501s] DEBUG:colcon.colcon_core.event_handler.log_command:Invoking command in '/home/robostep/robot_arm/build/so101_follower_moveit': CMAKE_PREFIX_PATH=/home/robostep/robot_arm/install/so101_follower_description:/home/robostep/robot_arm/install/so101_follower_moveit:/home/robostep/robot_arm/install/so101_hw_interface:/opt/ros/iron /usr/bin/cmake --install /home/robostep/robot_arm/build/so101_follower_moveit
[1.513s] Level 1:colcon.colcon_core.environment:create_environment_scripts_only(so101_follower_moveit)
[1.513s] Level 1:colcon.colcon_core.environment:checking '/home/robostep/robot_arm/install/so101_follower_moveit' for CMake module files
[1.515s] Level 1:colcon.colcon_core.environment:checking '/home/robostep/robot_arm/install/so101_follower_moveit' for CMake config files
[1.516s] Level 1:colcon.colcon_core.shell:create_environment_hook('so101_follower_moveit', 'cmake_prefix_path')
[1.516s] INFO:colcon.colcon_core.shell:Creating environment hook '/home/robostep/robot_arm/install/so101_follower_moveit/share/so101_follower_moveit/hook/cmake_prefix_path.ps1'
[1.517s] INFO:colcon.colcon_core.shell:Creating environment descriptor '/home/robostep/robot_arm/install/so101_follower_moveit/share/so101_follower_moveit/hook/cmake_prefix_path.dsv'
[1.518s] DEBUG:colcon.colcon_core.event_handler.log_command:Invoked command in '/home/robostep/robot_arm/build/so101_follower_moveit' returned '0': CMAKE_PREFIX_PATH=/home/robostep/robot_arm/install/so101_follower_description:/home/robostep/robot_arm/install/so101_follower_moveit:/home/robostep/robot_arm/install/so101_hw_interface:/opt/ros/iron /usr/bin/cmake --install /home/robostep/robot_arm/build/so101_follower_moveit
[1.518s] INFO:colcon.colcon_core.shell:Creating environment hook '/home/robostep/robot_arm/install/so101_follower_moveit/share/so101_follower_moveit/hook/cmake_prefix_path.sh'
[1.519s] Level 1:colcon.colcon_core.environment:checking '/home/robostep/robot_arm/install/so101_follower_moveit/bin'
[1.519s] Level 1:colcon.colcon_core.environment:checking '/home/robostep/robot_arm/install/so101_follower_moveit/lib/pkgconfig/so101_follower_moveit.pc'
[1.519s] Level 1:colcon.colcon_core.environment:checking '/home/robostep/robot_arm/install/so101_follower_moveit/lib/python3.10/site-packages'
[1.519s] Level 1:colcon.colcon_core.environment:checking '/home/robostep/robot_arm/install/so101_follower_moveit/bin'
[1.520s] INFO:colcon.colcon_core.shell:Creating package script '/home/robostep/robot_arm/install/so101_follower_moveit/share/so101_follower_moveit/package.ps1'
[1.520s] INFO:colcon.colcon_core.shell:Creating package descriptor '/home/robostep/robot_arm/install/so101_follower_moveit/share/so101_follower_moveit/package.dsv'
[1.521s] INFO:colcon.colcon_core.shell:Creating package script '/home/robostep/robot_arm/install/so101_follower_moveit/share/so101_follower_moveit/package.sh'
[1.521s] INFO:colcon.colcon_core.shell:Creating package script '/home/robostep/robot_arm/install/so101_follower_moveit/share/so101_follower_moveit/package.bash'
[1.521s] INFO:colcon.colcon_core.shell:Creating package script '/home/robostep/robot_arm/install/so101_follower_moveit/share/so101_follower_moveit/package.zsh'
[1.522s] Level 1:colcon.colcon_core.environment:create_file_with_runtime_dependencies(/home/robostep/robot_arm/install/so101_follower_moveit/share/colcon-core/packages/so101_follower_moveit)
[1.522s] Level 1:colcon.colcon_core.environment:create_environment_scripts_only(so101_follower_moveit)
[1.523s] Level 1:colcon.colcon_core.environment:checking '/home/robostep/robot_arm/install/so101_follower_moveit' for CMake module files
[1.523s] Level 1:colcon.colcon_core.environment:checking '/home/robostep/robot_arm/install/so101_follower_moveit' for CMake config files
[1.523s] Level 1:colcon.colcon_core.shell:create_environment_hook('so101_follower_moveit', 'cmake_prefix_path')
[1.524s] INFO:colcon.colcon_core.shell:Creating environment hook '/home/robostep/robot_arm/install/so101_follower_moveit/share/so101_follower_moveit/hook/cmake_prefix_path.ps1'
[1.524s] INFO:colcon.colcon_core.shell:Creating environment descriptor '/home/robostep/robot_arm/install/so101_follower_moveit/share/so101_follower_moveit/hook/cmake_prefix_path.dsv'
[1.524s] INFO:colcon.colcon_core.shell:Creating environment hook '/home/robostep/robot_arm/install/so101_follower_moveit/share/so101_follower_moveit/hook/cmake_prefix_path.sh'
[1.525s] Level 1:colcon.colcon_core.environment:checking '/home/robostep/robot_arm/install/so101_follower_moveit/bin'
[1.525s] Level 1:colcon.colcon_core.environment:checking '/home/robostep/robot_arm/install/so101_follower_moveit/lib/pkgconfig/so101_follower_moveit.pc'
[1.525s] Level 1:colcon.colcon_core.environment:checking '/home/robostep/robot_arm/install/so101_follower_moveit/lib/python3.10/site-packages'
[1.525s] Level 1:colcon.colcon_core.environment:checking '/home/robostep/robot_arm/install/so101_follower_moveit/bin'
[1.526s] INFO:colcon.colcon_core.shell:Creating package script '/home/robostep/robot_arm/install/so101_follower_moveit/share/so101_follower_moveit/package.ps1'
[1.526s] INFO:colcon.colcon_core.shell:Creating package descriptor '/home/robostep/robot_arm/install/so101_follower_moveit/share/so101_follower_moveit/package.dsv'
[1.527s] INFO:colcon.colcon_core.shell:Creating package script '/home/robostep/robot_arm/install/so101_follower_moveit/share/so101_follower_moveit/package.sh'
[1.527s] INFO:colcon.colcon_core.shell:Creating package script '/home/robostep/robot_arm/install/so101_follower_moveit/share/so101_follower_moveit/package.bash'
[1.532s] INFO:colcon.colcon_core.shell:Creating package script '/home/robostep/robot_arm/install/so101_follower_moveit/share/so101_follower_moveit/package.zsh'
[1.532s] Level 1:colcon.colcon_core.environment:create_file_with_runtime_dependencies(/home/robostep/robot_arm/install/so101_follower_moveit/share/colcon-core/packages/so101_follower_moveit)
[1.937s] DEBUG:colcon.colcon_core.event_handler.log_command:Invoking command in '/home/robostep/robot_arm/Lerobot_ros2/src/so101_hw_interface': PYTHONPATH=/home/robostep/robot_arm/build/so101_hw_interface/prefix_override:/usr/lib/python3/dist-packages/colcon_core/task/python/colcon_distutils_commands:/home/robostep/robot_arm/install/so101_hw_interface/lib/python3.10/site-packages:${PYTHONPATH} /usr/bin/python3 -W ignore:setup.py install is deprecated -W ignore:easy_install command is deprecated setup.py egg_info --egg-base ../../../build/so101_hw_interface build --build-base /home/robostep/robot_arm/build/so101_hw_interface/build install --record /home/robostep/robot_arm/build/so101_hw_interface/install.log --single-version-externally-managed install_data
[2.324s] Level 1:colcon.colcon_core.environment:checking '/home/robostep/robot_arm/install/so101_hw_interface' for CMake module files
[2.325s] DEBUG:colcon.colcon_core.event_handler.log_command:Invoked command in '/home/robostep/robot_arm/Lerobot_ros2/src/so101_hw_interface' returned '0': PYTHONPATH=/home/robostep/robot_arm/build/so101_hw_interface/prefix_override:/usr/lib/python3/dist-packages/colcon_core/task/python/colcon_distutils_commands:/home/robostep/robot_arm/install/so101_hw_interface/lib/python3.10/site-packages:${PYTHONPATH} /usr/bin/python3 -W ignore:setup.py install is deprecated -W ignore:easy_install command is deprecated setup.py egg_info --egg-base ../../../build/so101_hw_interface build --build-base /home/robostep/robot_arm/build/so101_hw_interface/build install --record /home/robostep/robot_arm/build/so101_hw_interface/install.log --single-version-externally-managed install_data
[2.325s] Level 1:colcon.colcon_core.environment:checking '/home/robostep/robot_arm/install/so101_hw_interface' for CMake config files
[2.326s] Level 1:colcon.colcon_core.environment:checking '/home/robostep/robot_arm/install/so101_hw_interface/lib'
[2.327s] Level 1:colcon.colcon_core.environment:checking '/home/robostep/robot_arm/install/so101_hw_interface/bin'
[2.327s] Level 1:colcon.colcon_core.shell:create_environment_hook('so101_hw_interface', 'path')
[2.327s] INFO:colcon.colcon_core.shell:Creating environment hook '/home/robostep/robot_arm/install/so101_hw_interface/share/so101_hw_interface/hook/path.ps1'
[2.328s] INFO:colcon.colcon_core.shell:Creating environment descriptor '/home/robostep/robot_arm/install/so101_hw_interface/share/so101_hw_interface/hook/path.dsv'
[2.328s] INFO:colcon.colcon_core.shell:Creating environment hook '/home/robostep/robot_arm/install/so101_hw_interface/share/so101_hw_interface/hook/path.sh'
[2.329s] Level 1:colcon.colcon_core.environment:checking '/home/robostep/robot_arm/install/so101_hw_interface/lib/pkgconfig/so101_hw_interface.pc'
[2.329s] Level 1:colcon.colcon_core.environment:checking '/home/robostep/robot_arm/install/so101_hw_interface/lib/python3.10/site-packages'
[2.329s] Level 1:colcon.colcon_core.shell:create_environment_hook('so101_hw_interface', 'pythonpath')
[2.329s] INFO:colcon.colcon_core.shell:Creating environment hook '/home/robostep/robot_arm/install/so101_hw_interface/share/so101_hw_interface/hook/pythonpath.ps1'
[2.330s] INFO:colcon.colcon_core.shell:Creating environment descriptor '/home/robostep/robot_arm/install/so101_hw_interface/share/so101_hw_interface/hook/pythonpath.dsv'
[2.330s] INFO:colcon.colcon_core.shell:Creating environment hook '/home/robostep/robot_arm/install/so101_hw_interface/share/so101_hw_interface/hook/pythonpath.sh'
[2.331s] Level 1:colcon.colcon_core.environment:checking '/home/robostep/robot_arm/install/so101_hw_interface/bin'
[2.331s] Level 1:colcon.colcon_core.shell:create_environment_hook('so101_hw_interface', 'pythonscriptspath')
[2.331s] INFO:colcon.colcon_core.shell:Creating environment hook '/home/robostep/robot_arm/install/so101_hw_interface/share/so101_hw_interface/hook/pythonscriptspath.ps1'
[2.332s] INFO:colcon.colcon_core.shell:Creating environment descriptor '/home/robostep/robot_arm/install/so101_hw_interface/share/so101_hw_interface/hook/pythonscriptspath.dsv'
[2.332s] INFO:colcon.colcon_core.shell:Creating environment hook '/home/robostep/robot_arm/install/so101_hw_interface/share/so101_hw_interface/hook/pythonscriptspath.sh'
[2.333s] Level 1:colcon.colcon_core.environment:create_environment_scripts_only(so101_hw_interface)
[2.333s] INFO:colcon.colcon_core.shell:Creating package script '/home/robostep/robot_arm/install/so101_hw_interface/share/so101_hw_interface/package.ps1'
[2.334s] INFO:colcon.colcon_core.shell:Creating package descriptor '/home/robostep/robot_arm/install/so101_hw_interface/share/so101_hw_interface/package.dsv'
[2.334s] INFO:colcon.colcon_core.shell:Creating package script '/home/robostep/robot_arm/install/so101_hw_interface/share/so101_hw_interface/package.sh'
[2.335s] INFO:colcon.colcon_core.shell:Creating package script '/home/robostep/robot_arm/install/so101_hw_interface/share/so101_hw_interface/package.bash'
[2.335s] INFO:colcon.colcon_core.shell:Creating package script '/home/robostep/robot_arm/install/so101_hw_interface/share/so101_hw_interface/package.zsh'
[2.336s] Level 1:colcon.colcon_core.environment:create_file_with_runtime_dependencies(/home/robostep/robot_arm/install/so101_hw_interface/share/colcon-core/packages/so101_hw_interface)
[2.336s] DEBUG:colcon.colcon_parallel_executor.executor.parallel:closing loop
[2.337s] DEBUG:colcon.colcon_parallel_executor.executor.parallel:loop closed
[2.337s] DEBUG:colcon.colcon_parallel_executor.executor.parallel:run_until_complete finished with '0'
[2.337s] DEBUG:colcon.colcon_core.event_reactor:joining thread
[2.344s] INFO:colcon.colcon_core.plugin_system:Skipping extension 'colcon_notification.desktop_notification.terminal_notifier': Not used on non-Darwin systems
[2.344s] INFO:colcon.colcon_core.plugin_system:Skipping extension 'colcon_notification.desktop_notification.win32': Not used on non-Windows systems
[2.344s] INFO:colcon.colcon_notification.desktop_notification:Sending desktop notification using 'notify2'
[2.364s] DEBUG:colcon.colcon_core.event_reactor:joined thread
[2.365s] INFO:colcon.colcon_core.shell:Creating prefix script '/home/robostep/robot_arm/install/local_setup.ps1'
[2.366s] INFO:colcon.colcon_core.shell:Creating prefix util module '/home/robostep/robot_arm/install/_local_setup_util_ps1.py'
[2.368s] INFO:colcon.colcon_core.shell:Creating prefix chain script '/home/robostep/robot_arm/install/setup.ps1'
[2.370s] INFO:colcon.colcon_core.shell:Creating prefix script '/home/robostep/robot_arm/install/local_setup.sh'
[2.371s] INFO:colcon.colcon_core.shell:Creating prefix util module '/home/robostep/robot_arm/install/_local_setup_util_sh.py'
[2.372s] INFO:colcon.colcon_core.shell:Creating prefix chain script '/home/robostep/robot_arm/install/setup.sh'
[2.373s] INFO:colcon.colcon_core.shell:Creating prefix script '/home/robostep/robot_arm/install/local_setup.bash'
[2.374s] INFO:colcon.colcon_core.shell:Creating prefix chain script '/home/robostep/robot_arm/install/setup.bash'
[2.376s] INFO:colcon.colcon_core.shell:Creating prefix script '/home/robostep/robot_arm/install/local_setup.zsh'
[2.377s] INFO:colcon.colcon_core.shell:Creating prefix chain script '/home/robostep/robot_arm/install/setup.zsh'
