running develop
Removing /home/robostep/robot_arm/install/so101_hw_interface/lib/python3.10/site-packages/so101-hw-interface.egg-link (link to .)
running egg_info
writing ../../../build/so101_hw_interface/so101_hw_interface.egg-info/PKG-INFO
writing dependency_links to ../../../build/so101_hw_interface/so101_hw_interface.egg-info/dependency_links.txt
writing entry points to ../../../build/so101_hw_interface/so101_hw_interface.egg-info/entry_points.txt
writing requirements to ../../../build/so101_hw_interface/so101_hw_interface.egg-info/requires.txt
writing top-level names to ../../../build/so101_hw_interface/so101_hw_interface.egg-info/top_level.txt
reading manifest file '../../../build/so101_hw_interface/so101_hw_interface.egg-info/SOURCES.txt'
writing manifest file '../../../build/so101_hw_interface/so101_hw_interface.egg-info/SOURCES.txt'
running build
running build_py
copying so101_hw_interface/motor_bridge.py -> /home/robostep/robot_arm/build/so101_hw_interface/build/lib/so101_hw_interface
running install
running install_lib
creating /home/robostep/robot_arm/install/so101_hw_interface/lib/python3.10/site-packages/so101_hw_interface
creating /home/robostep/robot_arm/install/so101_hw_interface/lib/python3.10/site-packages/so101_hw_interface/motors
copying /home/robostep/robot_arm/build/so101_hw_interface/build/lib/so101_hw_interface/motors/__init__.py -> /home/robostep/robot_arm/install/so101_hw_interface/lib/python3.10/site-packages/so101_hw_interface/motors
creating /home/robostep/robot_arm/install/so101_hw_interface/lib/python3.10/site-packages/so101_hw_interface/motors/feetech
copying /home/robostep/robot_arm/build/so101_hw_interface/build/lib/so101_hw_interface/motors/feetech/__init__.py -> /home/robostep/robot_arm/install/so101_hw_interface/lib/python3.10/site-packages/so101_hw_interface/motors/feetech
copying /home/robostep/robot_arm/build/so101_hw_interface/build/lib/so101_hw_interface/motors/feetech/tables.py -> /home/robostep/robot_arm/install/so101_hw_interface/lib/python3.10/site-packages/so101_hw_interface/motors/feetech
copying /home/robostep/robot_arm/build/so101_hw_interface/build/lib/so101_hw_interface/motors/feetech/feetech.py -> /home/robostep/robot_arm/install/so101_hw_interface/lib/python3.10/site-packages/so101_hw_interface/motors/feetech
copying /home/robostep/robot_arm/build/so101_hw_interface/build/lib/so101_hw_interface/motors/motors_bus.py -> /home/robostep/robot_arm/install/so101_hw_interface/lib/python3.10/site-packages/so101_hw_interface/motors
copying /home/robostep/robot_arm/build/so101_hw_interface/build/lib/so101_hw_interface/__init__.py -> /home/robostep/robot_arm/install/so101_hw_interface/lib/python3.10/site-packages/so101_hw_interface
copying /home/robostep/robot_arm/build/so101_hw_interface/build/lib/so101_hw_interface/so101_system_interface.py -> /home/robostep/robot_arm/install/so101_hw_interface/lib/python3.10/site-packages/so101_hw_interface
copying /home/robostep/robot_arm/build/so101_hw_interface/build/lib/so101_hw_interface/motor_bridge.py -> /home/robostep/robot_arm/install/so101_hw_interface/lib/python3.10/site-packages/so101_hw_interface
copying /home/robostep/robot_arm/build/so101_hw_interface/build/lib/so101_hw_interface/calibrate_arm.py -> /home/robostep/robot_arm/install/so101_hw_interface/lib/python3.10/site-packages/so101_hw_interface
copying /home/robostep/robot_arm/build/so101_hw_interface/build/lib/so101_hw_interface/read_motor_steps.py -> /home/robostep/robot_arm/install/so101_hw_interface/lib/python3.10/site-packages/so101_hw_interface
creating /home/robostep/robot_arm/install/so101_hw_interface/lib/python3.10/site-packages/lerobot
creating /home/robostep/robot_arm/install/so101_hw_interface/lib/python3.10/site-packages/lerobot/common
copying /home/robostep/robot_arm/build/so101_hw_interface/build/lib/lerobot/common/__init__.py -> /home/robostep/robot_arm/install/so101_hw_interface/lib/python3.10/site-packages/lerobot/common
copying /home/robostep/robot_arm/build/so101_hw_interface/build/lib/lerobot/common/errors.py -> /home/robostep/robot_arm/install/so101_hw_interface/lib/python3.10/site-packages/lerobot/common
creating /home/robostep/robot_arm/install/so101_hw_interface/lib/python3.10/site-packages/lerobot/common/utils
copying /home/robostep/robot_arm/build/so101_hw_interface/build/lib/lerobot/common/utils/__init__.py -> /home/robostep/robot_arm/install/so101_hw_interface/lib/python3.10/site-packages/lerobot/common/utils
copying /home/robostep/robot_arm/build/so101_hw_interface/build/lib/lerobot/common/utils/utils.py -> /home/robostep/robot_arm/install/so101_hw_interface/lib/python3.10/site-packages/lerobot/common/utils
copying /home/robostep/robot_arm/build/so101_hw_interface/build/lib/lerobot/common/utils/encoding_utils.py -> /home/robostep/robot_arm/install/so101_hw_interface/lib/python3.10/site-packages/lerobot/common/utils
copying /home/robostep/robot_arm/build/so101_hw_interface/build/lib/lerobot/__init__.py -> /home/robostep/robot_arm/install/so101_hw_interface/lib/python3.10/site-packages/lerobot
byte-compiling /home/robostep/robot_arm/install/so101_hw_interface/lib/python3.10/site-packages/so101_hw_interface/motors/__init__.py to __init__.cpython-310.pyc
byte-compiling /home/robostep/robot_arm/install/so101_hw_interface/lib/python3.10/site-packages/so101_hw_interface/motors/feetech/__init__.py to __init__.cpython-310.pyc
byte-compiling /home/robostep/robot_arm/install/so101_hw_interface/lib/python3.10/site-packages/so101_hw_interface/motors/feetech/tables.py to tables.cpython-310.pyc
byte-compiling /home/robostep/robot_arm/install/so101_hw_interface/lib/python3.10/site-packages/so101_hw_interface/motors/feetech/feetech.py to feetech.cpython-310.pyc
byte-compiling /home/robostep/robot_arm/install/so101_hw_interface/lib/python3.10/site-packages/so101_hw_interface/motors/motors_bus.py to motors_bus.cpython-310.pyc
byte-compiling /home/robostep/robot_arm/install/so101_hw_interface/lib/python3.10/site-packages/so101_hw_interface/__init__.py to __init__.cpython-310.pyc
byte-compiling /home/robostep/robot_arm/install/so101_hw_interface/lib/python3.10/site-packages/so101_hw_interface/so101_system_interface.py to so101_system_interface.cpython-310.pyc
byte-compiling /home/robostep/robot_arm/install/so101_hw_interface/lib/python3.10/site-packages/so101_hw_interface/motor_bridge.py to motor_bridge.cpython-310.pyc
byte-compiling /home/robostep/robot_arm/install/so101_hw_interface/lib/python3.10/site-packages/so101_hw_interface/calibrate_arm.py to calibrate_arm.cpython-310.pyc
byte-compiling /home/robostep/robot_arm/install/so101_hw_interface/lib/python3.10/site-packages/so101_hw_interface/read_motor_steps.py to read_motor_steps.cpython-310.pyc
byte-compiling /home/robostep/robot_arm/install/so101_hw_interface/lib/python3.10/site-packages/lerobot/common/__init__.py to __init__.cpython-310.pyc
byte-compiling /home/robostep/robot_arm/install/so101_hw_interface/lib/python3.10/site-packages/lerobot/common/errors.py to errors.cpython-310.pyc
byte-compiling /home/robostep/robot_arm/install/so101_hw_interface/lib/python3.10/site-packages/lerobot/common/utils/__init__.py to __init__.cpython-310.pyc
byte-compiling /home/robostep/robot_arm/install/so101_hw_interface/lib/python3.10/site-packages/lerobot/common/utils/utils.py to utils.cpython-310.pyc
byte-compiling /home/robostep/robot_arm/install/so101_hw_interface/lib/python3.10/site-packages/lerobot/common/utils/encoding_utils.py to encoding_utils.cpython-310.pyc
byte-compiling /home/robostep/robot_arm/install/so101_hw_interface/lib/python3.10/site-packages/lerobot/__init__.py to __init__.cpython-310.pyc
running install_data
copying resource/so101_hw_interface -> /home/robostep/robot_arm/install/so101_hw_interface/share/ament_index/resource_index/packages
copying package.xml -> /home/robostep/robot_arm/install/so101_hw_interface/share/so101_hw_interface
copying launch/so101_hw.launch.py -> /home/robostep/robot_arm/install/so101_hw_interface/share/so101_hw_interface/launch
copying config/so101_calibration copy.yaml -> /home/robostep/robot_arm/install/so101_hw_interface/share/so101_hw_interface/config
copying config/so101_controllers.yaml -> /home/robostep/robot_arm/install/so101_hw_interface/share/so101_hw_interface/config
copying config/so101_calibration.yaml -> /home/robostep/robot_arm/install/so101_hw_interface/share/so101_hw_interface/config
copying urdf/so101_follower.urdf -> /home/robostep/robot_arm/install/so101_hw_interface/share/so101_hw_interface/urdf
copying resource/so101_hw_interface.xml -> /home/robostep/robot_arm/install/so101_hw_interface/share/so101_hw_interface/resource
copying scripts/so101_motor_bridge -> /home/robostep/robot_arm/install/so101_hw_interface/lib/so101_hw_interface
copying scripts/so101_calibrate -> /home/robostep/robot_arm/install/so101_hw_interface/lib/so101_hw_interface
copying scripts/so101_read_steps -> /home/robostep/robot_arm/install/so101_hw_interface/lib/so101_hw_interface
copying resource/so101_motor_bridge -> /home/robostep/robot_arm/install/so101_hw_interface/share/ament_index/resource_index/executables
copying resource/so101_calibrate -> /home/robostep/robot_arm/install/so101_hw_interface/share/ament_index/resource_index/executables
copying resource/so101_read_steps -> /home/robostep/robot_arm/install/so101_hw_interface/share/ament_index/resource_index/executables
running install_egg_info
Copying ../../../build/so101_hw_interface/so101_hw_interface.egg-info to /home/robostep/robot_arm/install/so101_hw_interface/lib/python3.10/site-packages/so101_hw_interface-0.0.0-py3.10.egg-info
running install_scripts
Installing so101_calibrate script to /home/robostep/robot_arm/install/so101_hw_interface/bin
Installing so101_motor_bridge script to /home/robostep/robot_arm/install/so101_hw_interface/bin
Installing so101_read_steps script to /home/robostep/robot_arm/install/so101_hw_interface/bin
writing list of installed files to '/home/robostep/robot_arm/build/so101_hw_interface/install.log'
